Thu Oct  4 21:06:42 2018: [unset]:_pmi_alps_init:alps_get_placement_info returned with error -1
Thu Oct  4 21:06:42 2018: [unset]:_pmi_init:_pmi_alps_init returned -1
Running 74 test cases...
/global/homes/p/polaya/projects/gearshifft/src/../inc/core/benchmark_executor.hpp(90): fatal error: in "Fftw_mkl_gnuwrapper/double/387420489/Inplace_Real": mismatches=0 deviation=0.522913 errorbound=1e-05
/global/homes/p/polaya/projects/gearshifft/src/../inc/core/benchmark_executor.hpp(90): fatal error: in "Fftw_mkl_gnuwrapper/double/1162261467/Inplace_Real": fftw forward plan could not be created.
/global/homes/p/polaya/projects/gearshifft/src/../inc/core/benchmark_executor.hpp(90): fatal error: in "Fftw_mkl_gnuwrapper/double/1220703125/Inplace_Real": fftw forward plan could not be created.
/global/homes/p/polaya/projects/gearshifft/src/../inc/core/benchmark_executor.hpp(90): fatal error: in "Fftw_mkl_gnuwrapper/double/282475249/Inplace_Real": mismatches=0 deviation=0.522913 errorbound=1e-05

*** 4 failures are detected in the test module "Master Test Suite"
; "SupportedThreads",64,"UsedThreads",64,"TotalMemory",135065378816,"PlanRigor","estimate","PlanTimeLimit [s]","None","NumberWarmups",2,"NumberWarmRuns",10,"NumberTotalRuns",12,"ErrorBound",1e-05,"CurrentTime",1538716216,"CurrentTimeLocal","Thu Oct  4 22:10:16 2018","Hostname","nid01031","gearshifft","0.3.0"
; "Time_ContextCreate [ms]", 7e-05
; "Time_ContextDestroy [ms]", 3.3e-05
Fftw_mkl_gnuwrapper, RunsPerBenchmark=12
----------------------------------------------------------------------
Inplace, Real, double, Dim=1, Kind=powerof2 (2), Ext=4
----------------------------------------------------------------------
        Time_Allocation [ms]:        0.0001894 [avg]
       Time_PlanInitFwd [ms]:         0.001825 [avg]
       Time_PlanInitInv [ms]:        0.0007129 [avg]
            Time_Upload [ms]:         8.67e-05 [avg]
               Time_FFT [ms]:         8.62e-05 [avg]
              Time_iFFT [ms]:        0.0001398 [avg]
          Time_Download [ms]:         2.05e-05 [avg]
       Time_PlanDestroy [ms]:        0.0008441 [avg]
             Time_Total [ms]:        0.0040782 [avg]
   Size_DeviceBuffer [bytes]:               48 [avg]
     Size_DevicePlan [bytes]:                0 [avg]
 Size_DeviceTransfer [bytes]:               32 [avg]
     Error_StandardDeviation:                0 [avg]
            Error_Mismatches:                0 [avg]
----------------------------------------------------------------------
Inplace, Real, double, Dim=1, Kind=powerof2 (2), Ext=8
----------------------------------------------------------------------
        Time_Allocation [ms]:        0.0002157 [avg]
       Time_PlanInitFwd [ms]:        0.0018792 [avg]
       Time_PlanInitInv [ms]:        0.0007612 [avg]
            Time_Upload [ms]:         5.98e-05 [avg]
               Time_FFT [ms]:        0.0001065 [avg]
              Time_iFFT [ms]:        0.0001409 [avg]
          Time_Download [ms]:         2.29e-05 [avg]
       Time_PlanDestroy [ms]:        0.0009019 [avg]
             Time_Total [ms]:        0.0042804 [avg]
   Size_DeviceBuffer [bytes]:               80 [avg]
     Size_DevicePlan [bytes]:                0 [avg]
 Size_DeviceTransfer [bytes]:               64 [avg]
     Error_StandardDeviation:                0 [avg]
            Error_Mismatches:                0 [avg]
----------------------------------------------------------------------
Inplace, Real, double, Dim=1, Kind=powerof2 (2), Ext=16
----------------------------------------------------------------------
        Time_Allocation [ms]:        0.0002475 [avg]
       Time_PlanInitFwd [ms]:        0.0019884 [avg]
       Time_PlanInitInv [ms]:        0.0008327 [avg]
            Time_Upload [ms]:          7.4e-05 [avg]
               Time_FFT [ms]:        0.0001766 [avg]
              Time_iFFT [ms]:        0.0001889 [avg]
          Time_Download [ms]:         2.51e-05 [avg]
       Time_PlanDestroy [ms]:        0.0009825 [avg]
             Time_Total [ms]:        0.0047133 [avg]
   Size_DeviceBuffer [bytes]:              144 [avg]
     Size_DevicePlan [bytes]:                0 [avg]
 Size_DeviceTransfer [bytes]:              128 [avg]
     Error_StandardDeviation:                0 [avg]
            Error_Mismatches:                0 [avg]
----------------------------------------------------------------------
Inplace, Real, double, Dim=1, Kind=powerof2 (2), Ext=32
----------------------------------------------------------------------
        Time_Allocation [ms]:        0.0002928 [avg]
       Time_PlanInitFwd [ms]:        0.0024473 [avg]
       Time_PlanInitInv [ms]:        0.0023017 [avg]
            Time_Upload [ms]:         6.78e-05 [avg]
               Time_FFT [ms]:        0.0001846 [avg]
              Time_iFFT [ms]:        0.0003295 [avg]
          Time_Download [ms]:         2.63e-05 [avg]
       Time_PlanDestroy [ms]:        0.0010053 [avg]
             Time_Total [ms]:        0.0068586 [avg]
   Size_DeviceBuffer [bytes]:              272 [avg]
     Size_DevicePlan [bytes]:                0 [avg]
 Size_DeviceTransfer [bytes]:              256 [avg]
     Error_StandardDeviation:      2.81997e-17 [avg]
            Error_Mismatches:                0 [avg]
----------------------------------------------------------------------
Inplace, Real, double, Dim=1, Kind=powerof2 (2), Ext=64
----------------------------------------------------------------------
        Time_Allocation [ms]:        0.0002551 [avg]
       Time_PlanInitFwd [ms]:         0.002314 [avg]
       Time_PlanInitInv [ms]:        0.0009632 [avg]
            Time_Upload [ms]:         8.34e-05 [avg]
               Time_FFT [ms]:        0.0002261 [avg]
              Time_iFFT [ms]:        0.0003827 [avg]
          Time_Download [ms]:         2.77e-05 [avg]
       Time_PlanDestroy [ms]:        0.0010226 [avg]
             Time_Total [ms]:        0.0054722 [avg]
   Size_DeviceBuffer [bytes]:              528 [avg]
     Size_DevicePlan [bytes]:                0 [avg]
 Size_DeviceTransfer [bytes]:              512 [avg]
     Error_StandardDeviation:       2.7975e-17 [avg]
            Error_Mismatches:                0 [avg]
----------------------------------------------------------------------
Inplace, Real, double, Dim=1, Kind=powerof2 (2), Ext=128
----------------------------------------------------------------------
        Time_Allocation [ms]:        0.0002775 [avg]
       Time_PlanInitFwd [ms]:        0.0023978 [avg]
       Time_PlanInitInv [ms]:         0.001189 [avg]
            Time_Upload [ms]:        0.0001152 [avg]
               Time_FFT [ms]:        0.0004123 [avg]
              Time_iFFT [ms]:        0.0005554 [avg]
          Time_Download [ms]:         3.06e-05 [avg]
       Time_PlanDestroy [ms]:        0.0010233 [avg]
             Time_Total [ms]:         0.006203 [avg]
   Size_DeviceBuffer [bytes]:             1040 [avg]
     Size_DevicePlan [bytes]:                0 [avg]
 Size_DeviceTransfer [bytes]:             1024 [avg]
     Error_StandardDeviation:      2.78646e-17 [avg]
            Error_Mismatches:                0 [avg]
----------------------------------------------------------------------
Inplace, Real, double, Dim=1, Kind=powerof2 (2), Ext=256
----------------------------------------------------------------------
        Time_Allocation [ms]:        0.0002733 [avg]
       Time_PlanInitFwd [ms]:        0.0033003 [avg]
       Time_PlanInitInv [ms]:        0.0026821 [avg]
            Time_Upload [ms]:        0.0001399 [avg]
               Time_FFT [ms]:          0.00054 [avg]
              Time_iFFT [ms]:        0.0005783 [avg]
          Time_Download [ms]:         5.72e-05 [avg]
       Time_PlanDestroy [ms]:        0.0010124 [avg]
             Time_Total [ms]:        0.0087879 [avg]
   Size_DeviceBuffer [bytes]:             2064 [avg]
     Size_DevicePlan [bytes]:                0 [avg]
 Size_DeviceTransfer [bytes]:             2048 [avg]
     Error_StandardDeviation:      2.78099e-17 [avg]
            Error_Mismatches:                0 [avg]
----------------------------------------------------------------------
Inplace, Real, double, Dim=1, Kind=powerof2 (2), Ext=512
----------------------------------------------------------------------
        Time_Allocation [ms]:        0.0002351 [avg]
       Time_PlanInitFwd [ms]:        0.0041589 [avg]
       Time_PlanInitInv [ms]:         0.002475 [avg]
            Time_Upload [ms]:        0.0002898 [avg]
               Time_FFT [ms]:        0.0009444 [avg]
              Time_iFFT [ms]:         0.000961 [avg]
          Time_Download [ms]:        0.0001135 [avg]
       Time_PlanDestroy [ms]:        0.0010934 [avg]
             Time_Total [ms]:        0.0104779 [avg]
   Size_DeviceBuffer [bytes]:             4112 [avg]
     Size_DevicePlan [bytes]:                0 [avg]
 Size_DeviceTransfer [bytes]:             4096 [avg]
     Error_StandardDeviation:      2.77827e-17 [avg]
            Error_Mismatches:                0 [avg]
----------------------------------------------------------------------
Inplace, Real, double, Dim=1, Kind=powerof2 (2), Ext=1024
----------------------------------------------------------------------
        Time_Allocation [ms]:        0.0002524 [avg]
       Time_PlanInitFwd [ms]:        0.0053988 [avg]
       Time_PlanInitInv [ms]:        0.0036589 [avg]
            Time_Upload [ms]:        0.0005486 [avg]
               Time_FFT [ms]:        0.0017291 [avg]
              Time_iFFT [ms]:        0.0017382 [avg]
          Time_Download [ms]:        0.0001835 [avg]
       Time_PlanDestroy [ms]:        0.0011023 [avg]
             Time_Total [ms]:        0.0148097 [avg]
   Size_DeviceBuffer [bytes]:             8208 [avg]
     Size_DevicePlan [bytes]:                0 [avg]
 Size_DeviceTransfer [bytes]:             8192 [avg]
     Error_StandardDeviation:      2.77691e-17 [avg]
            Error_Mismatches:                0 [avg]
----------------------------------------------------------------------
Inplace, Real, double, Dim=1, Kind=powerof2 (2), Ext=2048
----------------------------------------------------------------------
        Time_Allocation [ms]:        0.0003051 [avg]
       Time_PlanInitFwd [ms]:        0.0158911 [avg]
       Time_PlanInitInv [ms]:        0.0137012 [avg]
            Time_Upload [ms]:        0.0011514 [avg]
               Time_FFT [ms]:        0.0043549 [avg]
              Time_iFFT [ms]:        0.0035634 [avg]
          Time_Download [ms]:        0.0005749 [avg]
       Time_PlanDestroy [ms]:        0.0010664 [avg]
             Time_Total [ms]:        0.0408119 [avg]
   Size_DeviceBuffer [bytes]:            16400 [avg]
     Size_DevicePlan [bytes]:                0 [avg]
 Size_DeviceTransfer [bytes]:            16384 [avg]
     Error_StandardDeviation:      2.77624e-17 [avg]
            Error_Mismatches:                0 [avg]
----------------------------------------------------------------------
Inplace, Real, double, Dim=1, Kind=powerof2 (2), Ext=4096
----------------------------------------------------------------------
        Time_Allocation [ms]:        0.0002976 [avg]
       Time_PlanInitFwd [ms]:        0.0284302 [avg]
       Time_PlanInitInv [ms]:        0.0263641 [avg]
            Time_Upload [ms]:         0.003802 [avg]
               Time_FFT [ms]:         0.010686 [avg]
              Time_iFFT [ms]:        0.0087427 [avg]
          Time_Download [ms]:        0.0012781 [avg]
       Time_PlanDestroy [ms]:        0.0011901 [avg]
             Time_Total [ms]:        0.0810102 [avg]
   Size_DeviceBuffer [bytes]:            32784 [avg]
     Size_DevicePlan [bytes]:                0 [avg]
 Size_DeviceTransfer [bytes]:            32768 [avg]
     Error_StandardDeviation:       2.7759e-17 [avg]
            Error_Mismatches:                0 [avg]
----------------------------------------------------------------------
Inplace, Real, double, Dim=1, Kind=powerof2 (2), Ext=8192
----------------------------------------------------------------------
        Time_Allocation [ms]:         0.000321 [avg]
       Time_PlanInitFwd [ms]:        0.0580201 [avg]
       Time_PlanInitInv [ms]:         0.109323 [avg]
            Time_Upload [ms]:        0.0062775 [avg]
               Time_FFT [ms]:        0.0212948 [avg]
              Time_iFFT [ms]:        0.0179111 [avg]
          Time_Download [ms]:        0.0032922 [avg]
       Time_PlanDestroy [ms]:        0.0189261 [avg]
             Time_Total [ms]:         0.235624 [avg]
   Size_DeviceBuffer [bytes]:            65552 [avg]
     Size_DevicePlan [bytes]:                0 [avg]
 Size_DeviceTransfer [bytes]:            65536 [avg]
     Error_StandardDeviation:      2.77573e-17 [avg]
            Error_Mismatches:                0 [avg]
----------------------------------------------------------------------
Inplace, Real, double, Dim=1, Kind=powerof2 (2), Ext=16384
----------------------------------------------------------------------
        Time_Allocation [ms]:        0.0003889 [avg]
       Time_PlanInitFwd [ms]:        0.0397475 [avg]
       Time_PlanInitInv [ms]:        0.0350057 [avg]
            Time_Upload [ms]:         0.016708 [avg]
               Time_FFT [ms]:        0.0352752 [avg]
              Time_iFFT [ms]:        0.0425289 [avg]
          Time_Download [ms]:        0.0170651 [avg]
       Time_PlanDestroy [ms]:        0.0055132 [avg]
             Time_Total [ms]:         0.192615 [avg]
   Size_DeviceBuffer [bytes]:           131088 [avg]
     Size_DevicePlan [bytes]:                0 [avg]
 Size_DeviceTransfer [bytes]:           131072 [avg]
     Error_StandardDeviation:      2.77564e-17 [avg]
            Error_Mismatches:                0 [avg]
----------------------------------------------------------------------
Inplace, Real, double, Dim=1, Kind=powerof2 (2), Ext=32768
----------------------------------------------------------------------
        Time_Allocation [ms]:        0.0046003 [avg]
       Time_PlanInitFwd [ms]:         0.121811 [avg]
       Time_PlanInitInv [ms]:         0.140601 [avg]
            Time_Upload [ms]:         0.103746 [avg]
               Time_FFT [ms]:        0.0470388 [avg]
              Time_iFFT [ms]:        0.0613696 [avg]
          Time_Download [ms]:        0.0347867 [avg]
       Time_PlanDestroy [ms]:        0.0660639 [avg]
             Time_Total [ms]:         0.580402 [avg]
   Size_DeviceBuffer [bytes]:           262160 [avg]
     Size_DevicePlan [bytes]:                0 [avg]
 Size_DeviceTransfer [bytes]:           262144 [avg]
     Error_StandardDeviation:       2.7756e-17 [avg]
            Error_Mismatches:                0 [avg]
----------------------------------------------------------------------
Inplace, Real, double, Dim=1, Kind=powerof2 (2), Ext=65536
----------------------------------------------------------------------
        Time_Allocation [ms]:        0.0053408 [avg]
       Time_PlanInitFwd [ms]:         0.185801 [avg]
       Time_PlanInitInv [ms]:         0.175499 [avg]
            Time_Upload [ms]:         0.270291 [avg]
               Time_FFT [ms]:        0.0709452 [avg]
              Time_iFFT [ms]:        0.0599779 [avg]
          Time_Download [ms]:        0.0615677 [avg]
       Time_PlanDestroy [ms]:         0.120752 [avg]
             Time_Total [ms]:         0.950557 [avg]
   Size_DeviceBuffer [bytes]:           524304 [avg]
     Size_DevicePlan [bytes]:                0 [avg]
 Size_DeviceTransfer [bytes]:           524288 [avg]
     Error_StandardDeviation:      2.77558e-17 [avg]
            Error_Mismatches:                0 [avg]
----------------------------------------------------------------------
Inplace, Real, double, Dim=1, Kind=powerof2 (2), Ext=131072
----------------------------------------------------------------------
        Time_Allocation [ms]:        0.0054432 [avg]
       Time_PlanInitFwd [ms]:          0.32434 [avg]
       Time_PlanInitInv [ms]:         0.295414 [avg]
            Time_Upload [ms]:         0.620744 [avg]
               Time_FFT [ms]:         0.126062 [avg]
              Time_iFFT [ms]:         0.123338 [avg]
          Time_Download [ms]:         0.117659 [avg]
       Time_PlanDestroy [ms]:         0.263087 [avg]
             Time_Total [ms]:          1.87647 [avg]
   Size_DeviceBuffer [bytes]:      1.04859e+06 [avg]
     Size_DevicePlan [bytes]:                0 [avg]
 Size_DeviceTransfer [bytes]:      1.04858e+06 [avg]
     Error_StandardDeviation:      2.77557e-17 [avg]
            Error_Mismatches:                0 [avg]
----------------------------------------------------------------------
Inplace, Real, double, Dim=1, Kind=powerof2 (2), Ext=262144
----------------------------------------------------------------------
        Time_Allocation [ms]:        0.0057861 [avg]
       Time_PlanInitFwd [ms]:         0.595125 [avg]
       Time_PlanInitInv [ms]:           0.5349 [avg]
            Time_Upload [ms]:           1.3079 [avg]
               Time_FFT [ms]:         0.295674 [avg]
              Time_iFFT [ms]:         0.193752 [avg]
          Time_Download [ms]:         0.227675 [avg]
       Time_PlanDestroy [ms]:         0.554328 [avg]
             Time_Total [ms]:          3.71558 [avg]
   Size_DeviceBuffer [bytes]:      2.09717e+06 [avg]
     Size_DevicePlan [bytes]:                0 [avg]
 Size_DeviceTransfer [bytes]:      2.09715e+06 [avg]
     Error_StandardDeviation:      2.77556e-17 [avg]
            Error_Mismatches:                0 [avg]
----------------------------------------------------------------------
Inplace, Real, double, Dim=1, Kind=powerof2 (2), Ext=524288
----------------------------------------------------------------------
        Time_Allocation [ms]:        0.0059073 [avg]
       Time_PlanInitFwd [ms]:          1.08736 [avg]
       Time_PlanInitInv [ms]:          1.00135 [avg]
            Time_Upload [ms]:          2.53735 [avg]
               Time_FFT [ms]:         0.509101 [avg]
              Time_iFFT [ms]:         0.460031 [avg]
          Time_Download [ms]:         0.441105 [avg]
       Time_PlanDestroy [ms]:          1.11948 [avg]
             Time_Total [ms]:          7.16218 [avg]
   Size_DeviceBuffer [bytes]:      4.19432e+06 [avg]
     Size_DevicePlan [bytes]:                0 [avg]
 Size_DeviceTransfer [bytes]:       4.1943e+06 [avg]
     Error_StandardDeviation:      2.77556e-17 [avg]
            Error_Mismatches:                0 [avg]
----------------------------------------------------------------------
Inplace, Real, double, Dim=1, Kind=powerof2 (2), Ext=1048576
----------------------------------------------------------------------
        Time_Allocation [ms]:        0.0074757 [avg]
       Time_PlanInitFwd [ms]:          2.04842 [avg]
       Time_PlanInitInv [ms]:          1.96618 [avg]
            Time_Upload [ms]:          6.12579 [avg]
               Time_FFT [ms]:          1.02209 [avg]
              Time_iFFT [ms]:         0.764317 [avg]
          Time_Download [ms]:          1.08124 [avg]
       Time_PlanDestroy [ms]:          2.16139 [avg]
             Time_Total [ms]:          15.1774 [avg]
   Size_DeviceBuffer [bytes]:      8.38862e+06 [avg]
     Size_DevicePlan [bytes]:                0 [avg]
 Size_DeviceTransfer [bytes]:      8.38861e+06 [avg]
     Error_StandardDeviation:      2.77556e-17 [avg]
            Error_Mismatches:                0 [avg]
----------------------------------------------------------------------
Inplace, Real, double, Dim=1, Kind=powerof2 (2), Ext=2097152
----------------------------------------------------------------------
        Time_Allocation [ms]:        0.0067534 [avg]
       Time_PlanInitFwd [ms]:          3.94991 [avg]
       Time_PlanInitInv [ms]:            3.892 [avg]
            Time_Upload [ms]:          13.4663 [avg]
               Time_FFT [ms]:          2.28706 [avg]
              Time_iFFT [ms]:           1.5655 [avg]
          Time_Download [ms]:           1.9311 [avg]
       Time_PlanDestroy [ms]:          4.35847 [avg]
             Time_Total [ms]:          31.4576 [avg]
   Size_DeviceBuffer [bytes]:      1.67772e+07 [avg]
     Size_DevicePlan [bytes]:                0 [avg]
 Size_DeviceTransfer [bytes]:      1.67772e+07 [avg]
     Error_StandardDeviation:      2.77556e-17 [avg]
            Error_Mismatches:                0 [avg]
----------------------------------------------------------------------
Inplace, Real, double, Dim=1, Kind=powerof2 (2), Ext=4194304
----------------------------------------------------------------------
        Time_Allocation [ms]:        0.0084644 [avg]
       Time_PlanInitFwd [ms]:          5.80965 [avg]
       Time_PlanInitInv [ms]:          5.67928 [avg]
            Time_Upload [ms]:          27.6125 [avg]
               Time_FFT [ms]:          4.96473 [avg]
              Time_iFFT [ms]:          4.51978 [avg]
          Time_Download [ms]:          4.02766 [avg]
       Time_PlanDestroy [ms]:          8.69862 [avg]
             Time_Total [ms]:          61.3217 [avg]
   Size_DeviceBuffer [bytes]:      3.35544e+07 [avg]
     Size_DevicePlan [bytes]:                0 [avg]
 Size_DeviceTransfer [bytes]:      3.35544e+07 [avg]
     Error_StandardDeviation:      2.77556e-17 [avg]
            Error_Mismatches:                0 [avg]
----------------------------------------------------------------------
Inplace, Real, double, Dim=1, Kind=powerof2 (2), Ext=8388608
----------------------------------------------------------------------
        Time_Allocation [ms]:        0.0086013 [avg]
       Time_PlanInitFwd [ms]:          11.1507 [avg]
       Time_PlanInitInv [ms]:          11.0622 [avg]
            Time_Upload [ms]:          55.1982 [avg]
               Time_FFT [ms]:          11.2588 [avg]
              Time_iFFT [ms]:          10.1053 [avg]
          Time_Download [ms]:          8.09352 [avg]
       Time_PlanDestroy [ms]:          17.3582 [avg]
             Time_Total [ms]:          124.237 [avg]
   Size_DeviceBuffer [bytes]:      6.71089e+07 [avg]
     Size_DevicePlan [bytes]:                0 [avg]
 Size_DeviceTransfer [bytes]:      6.71089e+07 [avg]
     Error_StandardDeviation:      2.77556e-17 [avg]
            Error_Mismatches:                0 [avg]
----------------------------------------------------------------------
Inplace, Real, double, Dim=1, Kind=powerof2 (2), Ext=16777216
----------------------------------------------------------------------
        Time_Allocation [ms]:        0.0093313 [avg]
       Time_PlanInitFwd [ms]:          21.7876 [avg]
       Time_PlanInitInv [ms]:          21.7298 [avg]
            Time_Upload [ms]:          110.256 [avg]
               Time_FFT [ms]:           41.915 [avg]
              Time_iFFT [ms]:          402.956 [avg]
          Time_Download [ms]:          16.0486 [avg]
       Time_PlanDestroy [ms]:          34.6979 [avg]
             Time_Total [ms]:          649.402 [avg]
   Size_DeviceBuffer [bytes]:      1.34218e+08 [avg]
     Size_DevicePlan [bytes]:                0 [avg]
 Size_DeviceTransfer [bytes]:      1.34218e+08 [avg]
     Error_StandardDeviation:      2.77556e-17 [avg]
            Error_Mismatches:                0 [avg]
----------------------------------------------------------------------
Inplace, Real, double, Dim=1, Kind=powerof2 (2), Ext=33554432
----------------------------------------------------------------------
        Time_Allocation [ms]:        0.0083167 [avg]
       Time_PlanInitFwd [ms]:          44.9968 [avg]
       Time_PlanInitInv [ms]:          44.7792 [avg]
            Time_Upload [ms]:          214.164 [avg]
               Time_FFT [ms]:          85.7693 [avg]
              Time_iFFT [ms]:          828.936 [avg]
          Time_Download [ms]:          31.2204 [avg]
       Time_PlanDestroy [ms]:          69.9039 [avg]
             Time_Total [ms]:          1319.78 [avg]
   Size_DeviceBuffer [bytes]:      2.68435e+08 [avg]
     Size_DevicePlan [bytes]:                0 [avg]
 Size_DeviceTransfer [bytes]:      2.68435e+08 [avg]
     Error_StandardDeviation:      2.77556e-17 [avg]
            Error_Mismatches:                0 [avg]
----------------------------------------------------------------------
Inplace, Real, double, Dim=1, Kind=powerof2 (2), Ext=67108864
----------------------------------------------------------------------
        Time_Allocation [ms]:        0.0081045 [avg]
       Time_PlanInitFwd [ms]:          132.759 [avg]
       Time_PlanInitInv [ms]:           125.61 [avg]
            Time_Upload [ms]:          401.567 [avg]
               Time_FFT [ms]:          197.073 [avg]
              Time_iFFT [ms]:          1667.08 [avg]
          Time_Download [ms]:          64.2953 [avg]
       Time_PlanDestroy [ms]:          123.056 [avg]
             Time_Total [ms]:          2711.45 [avg]
   Size_DeviceBuffer [bytes]:      5.36871e+08 [avg]
     Size_DevicePlan [bytes]:                0 [avg]
 Size_DeviceTransfer [bytes]:      5.36871e+08 [avg]
     Error_StandardDeviation:      2.77556e-17 [avg]
            Error_Mismatches:                0 [avg]
----------------------------------------------------------------------
Inplace, Real, double, Dim=1, Kind=powerof2 (2), Ext=134217728
----------------------------------------------------------------------
        Time_Allocation [ms]:         0.008497 [avg]
       Time_PlanInitFwd [ms]:          167.146 [avg]
       Time_PlanInitInv [ms]:          166.927 [avg]
            Time_Upload [ms]:          801.411 [avg]
               Time_FFT [ms]:          398.944 [avg]
              Time_iFFT [ms]:           3956.7 [avg]
          Time_Download [ms]:           129.22 [avg]
       Time_PlanDestroy [ms]:          213.166 [avg]
             Time_Total [ms]:          5833.53 [avg]
   Size_DeviceBuffer [bytes]:      1.07374e+09 [avg]
     Size_DevicePlan [bytes]:                0 [avg]
 Size_DeviceTransfer [bytes]:      1.07374e+09 [avg]
     Error_StandardDeviation:      2.77556e-17 [avg]
            Error_Mismatches:                0 [avg]
----------------------------------------------------------------------
Inplace, Real, double, Dim=1, Kind=powerof2 (2), Ext=268435456
----------------------------------------------------------------------
        Time_Allocation [ms]:        0.0076516 [avg]
       Time_PlanInitFwd [ms]:          333.584 [avg]
       Time_PlanInitInv [ms]:          333.331 [avg]
            Time_Upload [ms]:          1551.51 [avg]
               Time_FFT [ms]:          753.997 [avg]
              Time_iFFT [ms]:          7829.06 [avg]
          Time_Download [ms]:          254.369 [avg]
       Time_PlanDestroy [ms]:          430.558 [avg]
             Time_Total [ms]:          11486.4 [avg]
   Size_DeviceBuffer [bytes]:      2.14748e+09 [avg]
     Size_DevicePlan [bytes]:                0 [avg]
 Size_DeviceTransfer [bytes]:      2.14748e+09 [avg]
     Error_StandardDeviation:      2.77556e-17 [avg]
            Error_Mismatches:                0 [avg]
----------------------------------------------------------------------
Inplace, Real, double, Dim=1, Kind=powerof2 (2), Ext=536870912
----------------------------------------------------------------------
        Time_Allocation [ms]:        0.0074467 [avg]
       Time_PlanInitFwd [ms]:          661.498 [avg]
       Time_PlanInitInv [ms]:          670.305 [avg]
            Time_Upload [ms]:          3094.47 [avg]
               Time_FFT [ms]:          1559.22 [avg]
              Time_iFFT [ms]:          15794.4 [avg]
          Time_Download [ms]:          508.427 [avg]
       Time_PlanDestroy [ms]:           863.66 [avg]
             Time_Total [ms]:            23152 [avg]
   Size_DeviceBuffer [bytes]:      4.29497e+09 [avg]
     Size_DevicePlan [bytes]:                0 [avg]
 Size_DeviceTransfer [bytes]:      4.29497e+09 [avg]
     Error_StandardDeviation:      2.77556e-17 [avg]
            Error_Mismatches:                0 [avg]
----------------------------------------------------------------------
Inplace, Real, double, Dim=1, Kind=powerof2 (2), Ext=1073741824
----------------------------------------------------------------------
        Time_Allocation [ms]:        0.0077416 [avg]
       Time_PlanInitFwd [ms]:          1350.62 [avg]
       Time_PlanInitInv [ms]:          1344.51 [avg]
            Time_Upload [ms]:           6162.3 [avg]
               Time_FFT [ms]:          3110.92 [avg]
              Time_iFFT [ms]:          31545.9 [avg]
          Time_Download [ms]:          1020.41 [avg]
       Time_PlanDestroy [ms]:          1732.14 [avg]
             Time_Total [ms]:          46266.9 [avg]
   Size_DeviceBuffer [bytes]:      8.58993e+09 [avg]
     Size_DevicePlan [bytes]:                0 [avg]
 Size_DeviceTransfer [bytes]:      8.58993e+09 [avg]
     Error_StandardDeviation:      2.77556e-17 [avg]
            Error_Mismatches:                0 [avg]
----------------------------------------------------------------------
Inplace, Real, double, Dim=1, Kind=radix357 (3), Ext=9
----------------------------------------------------------------------
        Time_Allocation [ms]:        0.0002332 [avg]
       Time_PlanInitFwd [ms]:        0.0017611 [avg]
       Time_PlanInitInv [ms]:        0.0007833 [avg]
            Time_Upload [ms]:         4.68e-05 [avg]
               Time_FFT [ms]:        0.0001186 [avg]
              Time_iFFT [ms]:        0.0001501 [avg]
          Time_Download [ms]:         2.43e-05 [avg]
       Time_PlanDestroy [ms]:         0.001033 [avg]
             Time_Total [ms]:        0.0043405 [avg]
   Size_DeviceBuffer [bytes]:               80 [avg]
     Size_DevicePlan [bytes]:                0 [avg]
 Size_DeviceTransfer [bytes]:               72 [avg]
     Error_StandardDeviation:      6.78886e-17 [avg]
            Error_Mismatches:                0 [avg]
----------------------------------------------------------------------
Inplace, Real, double, Dim=1, Kind=radix357 (3), Ext=27
----------------------------------------------------------------------
        Time_Allocation [ms]:        0.0002452 [avg]
       Time_PlanInitFwd [ms]:        0.0032332 [avg]
       Time_PlanInitInv [ms]:        0.0018343 [avg]
            Time_Upload [ms]:         4.16e-05 [avg]
               Time_FFT [ms]:         0.000474 [avg]
              Time_iFFT [ms]:        0.0003546 [avg]
          Time_Download [ms]:         2.42e-05 [avg]
       Time_PlanDestroy [ms]:        0.0012126 [avg]
             Time_Total [ms]:        0.0076048 [avg]
   Size_DeviceBuffer [bytes]:              224 [avg]
     Size_DevicePlan [bytes]:                0 [avg]
 Size_DeviceTransfer [bytes]:              216 [avg]
     Error_StandardDeviation:       9.3387e-17 [avg]
            Error_Mismatches:                0 [avg]
----------------------------------------------------------------------
Inplace, Real, double, Dim=1, Kind=radix357 (3), Ext=81
----------------------------------------------------------------------
        Time_Allocation [ms]:        0.0002215 [avg]
       Time_PlanInitFwd [ms]:        0.0047648 [avg]
       Time_PlanInitInv [ms]:        0.0029833 [avg]
            Time_Upload [ms]:         6.33e-05 [avg]
               Time_FFT [ms]:        0.0006377 [avg]
              Time_iFFT [ms]:        0.0005334 [avg]
          Time_Download [ms]:         3.12e-05 [avg]
       Time_PlanDestroy [ms]:        0.0012785 [avg]
             Time_Total [ms]:        0.0107066 [avg]
   Size_DeviceBuffer [bytes]:              656 [avg]
     Size_DevicePlan [bytes]:                0 [avg]
 Size_DeviceTransfer [bytes]:              648 [avg]
     Error_StandardDeviation:      9.39843e-17 [avg]
            Error_Mismatches:                0 [avg]
----------------------------------------------------------------------
Inplace, Real, double, Dim=1, Kind=radix357 (3), Ext=243
----------------------------------------------------------------------
        Time_Allocation [ms]:        0.0002249 [avg]
       Time_PlanInitFwd [ms]:        0.0084912 [avg]
       Time_PlanInitInv [ms]:        0.0064407 [avg]
            Time_Upload [ms]:        0.0001296 [avg]
               Time_FFT [ms]:        0.0015466 [avg]
              Time_iFFT [ms]:        0.0013434 [avg]
          Time_Download [ms]:         5.02e-05 [avg]
       Time_PlanDestroy [ms]:        0.0013835 [avg]
             Time_Total [ms]:        0.0198118 [avg]
   Size_DeviceBuffer [bytes]:             1952 [avg]
     Size_DevicePlan [bytes]:                0 [avg]
 Size_DeviceTransfer [bytes]:             1944 [avg]
     Error_StandardDeviation:      1.00965e-16 [avg]
            Error_Mismatches:                0 [avg]
----------------------------------------------------------------------
Inplace, Real, double, Dim=1, Kind=radix357 (3), Ext=729
----------------------------------------------------------------------
        Time_Allocation [ms]:        0.0002997 [avg]
       Time_PlanInitFwd [ms]:        0.0194172 [avg]
       Time_PlanInitInv [ms]:        0.0172104 [avg]
            Time_Upload [ms]:        0.0003892 [avg]
               Time_FFT [ms]:        0.0041374 [avg]
              Time_iFFT [ms]:        0.0041927 [avg]
          Time_Download [ms]:        0.0001503 [avg]
       Time_PlanDestroy [ms]:        0.0015908 [avg]
             Time_Total [ms]:         0.047579 [avg]
   Size_DeviceBuffer [bytes]:             5840 [avg]
     Size_DevicePlan [bytes]:                0 [avg]
 Size_DeviceTransfer [bytes]:             5832 [avg]
     Error_StandardDeviation:      1.34597e-16 [avg]
            Error_Mismatches:                0 [avg]
----------------------------------------------------------------------
Inplace, Real, double, Dim=1, Kind=radix357 (3), Ext=2187
----------------------------------------------------------------------
        Time_Allocation [ms]:        0.0002982 [avg]
       Time_PlanInitFwd [ms]:        0.0546065 [avg]
       Time_PlanInitInv [ms]:         0.050668 [avg]
            Time_Upload [ms]:         0.001122 [avg]
               Time_FFT [ms]:        0.0145304 [avg]
              Time_iFFT [ms]:        0.0135717 [avg]
          Time_Download [ms]:        0.0005546 [avg]
       Time_PlanDestroy [ms]:        0.0018697 [avg]
             Time_Total [ms]:         0.137432 [avg]
   Size_DeviceBuffer [bytes]:            17504 [avg]
     Size_DevicePlan [bytes]:                0 [avg]
 Size_DeviceTransfer [bytes]:            17496 [avg]
     Error_StandardDeviation:      1.39723e-16 [avg]
            Error_Mismatches:                0 [avg]
----------------------------------------------------------------------
Inplace, Real, double, Dim=1, Kind=radix357 (3), Ext=6561
----------------------------------------------------------------------
        Time_Allocation [ms]:        0.0003179 [avg]
       Time_PlanInitFwd [ms]:         0.161205 [avg]
       Time_PlanInitInv [ms]:         0.158676 [avg]
            Time_Upload [ms]:        0.0043695 [avg]
               Time_FFT [ms]:        0.0479854 [avg]
              Time_iFFT [ms]:        0.0475367 [avg]
          Time_Download [ms]:        0.0025608 [avg]
       Time_PlanDestroy [ms]:        0.0023521 [avg]
             Time_Total [ms]:          0.42528 [avg]
   Size_DeviceBuffer [bytes]:            52496 [avg]
     Size_DevicePlan [bytes]:                0 [avg]
 Size_DeviceTransfer [bytes]:            52488 [avg]
     Error_StandardDeviation:      1.44483e-16 [avg]
            Error_Mismatches:                0 [avg]
----------------------------------------------------------------------
Inplace, Real, double, Dim=1, Kind=radix357 (3), Ext=19683
----------------------------------------------------------------------
        Time_Allocation [ms]:        0.0003303 [avg]
       Time_PlanInitFwd [ms]:         0.501798 [avg]
       Time_PlanInitInv [ms]:          0.49781 [avg]
            Time_Upload [ms]:         0.012796 [avg]
               Time_FFT [ms]:         0.177193 [avg]
              Time_iFFT [ms]:         0.187386 [avg]
          Time_Download [ms]:        0.0079896 [avg]
       Time_PlanDestroy [ms]:        0.0027639 [avg]
             Time_Total [ms]:          1.38837 [avg]
   Size_DeviceBuffer [bytes]:           157472 [avg]
     Size_DevicePlan [bytes]:                0 [avg]
 Size_DeviceTransfer [bytes]:           157464 [avg]
     Error_StandardDeviation:      1.99911e-16 [avg]
            Error_Mismatches:                0 [avg]
----------------------------------------------------------------------
Inplace, Real, double, Dim=1, Kind=radix357 (3), Ext=59049
----------------------------------------------------------------------
        Time_Allocation [ms]:        0.0003021 [avg]
       Time_PlanInitFwd [ms]:          1.49889 [avg]
       Time_PlanInitInv [ms]:           1.5142 [avg]
            Time_Upload [ms]:        0.0460759 [avg]
               Time_FFT [ms]:         0.667347 [avg]
              Time_iFFT [ms]:         0.705127 [avg]
          Time_Download [ms]:         0.036788 [avg]
       Time_PlanDestroy [ms]:        0.0032958 [avg]
             Time_Total [ms]:          4.47242 [avg]
   Size_DeviceBuffer [bytes]:           472400 [avg]
     Size_DevicePlan [bytes]:                0 [avg]
 Size_DeviceTransfer [bytes]:           472392 [avg]
     Error_StandardDeviation:       1.8066e-16 [avg]
            Error_Mismatches:                0 [avg]
----------------------------------------------------------------------
Inplace, Real, double, Dim=1, Kind=radix357 (3), Ext=177147
----------------------------------------------------------------------
        Time_Allocation [ms]:        0.0004058 [avg]
       Time_PlanInitFwd [ms]:          4.31569 [avg]
       Time_PlanInitInv [ms]:          4.32779 [avg]
            Time_Upload [ms]:         0.133789 [avg]
               Time_FFT [ms]:          2.18334 [avg]
              Time_iFFT [ms]:          2.32452 [avg]
          Time_Download [ms]:         0.112741 [avg]
       Time_PlanDestroy [ms]:        0.0037993 [avg]
             Time_Total [ms]:          13.4027 [avg]
   Size_DeviceBuffer [bytes]:      1.41718e+06 [avg]
     Size_DevicePlan [bytes]:                0 [avg]
 Size_DeviceTransfer [bytes]:      1.41718e+06 [avg]
     Error_StandardDeviation:      2.01978e-16 [avg]
            Error_Mismatches:                0 [avg]
----------------------------------------------------------------------
Inplace, Real, double, Dim=1, Kind=radix357 (3), Ext=531441
----------------------------------------------------------------------
        Time_Allocation [ms]:        0.0048196 [avg]
       Time_PlanInitFwd [ms]:          19.6061 [avg]
       Time_PlanInitInv [ms]:          16.2298 [avg]
            Time_Upload [ms]:          2.33435 [avg]
               Time_FFT [ms]:          7.69947 [avg]
              Time_iFFT [ms]:          7.58797 [avg]
          Time_Download [ms]:         0.396746 [avg]
       Time_PlanDestroy [ms]:           1.9831 [avg]
             Time_Total [ms]:           55.843 [avg]
   Size_DeviceBuffer [bytes]:      4.25154e+06 [avg]
     Size_DevicePlan [bytes]:                0 [avg]
 Size_DeviceTransfer [bytes]:      4.25153e+06 [avg]
     Error_StandardDeviation:      2.01604e-16 [avg]
            Error_Mismatches:                0 [avg]
----------------------------------------------------------------------
Inplace, Real, double, Dim=1, Kind=radix357 (3), Ext=1594323
----------------------------------------------------------------------
        Time_Allocation [ms]:        0.0060127 [avg]
       Time_PlanInitFwd [ms]:          63.6574 [avg]
       Time_PlanInitInv [ms]:          50.8188 [avg]
            Time_Upload [ms]:          9.22429 [avg]
               Time_FFT [ms]:          37.5572 [avg]
              Time_iFFT [ms]:          35.2566 [avg]
          Time_Download [ms]:         0.935106 [avg]
       Time_PlanDestroy [ms]:          5.77508 [avg]
             Time_Total [ms]:          203.235 [avg]
   Size_DeviceBuffer [bytes]:      1.27546e+07 [avg]
     Size_DevicePlan [bytes]:                0 [avg]
 Size_DeviceTransfer [bytes]:      1.27546e+07 [avg]
     Error_StandardDeviation:      1.65459e-16 [avg]
            Error_Mismatches:                0 [avg]
----------------------------------------------------------------------
Inplace, Real, double, Dim=1, Kind=radix357 (3), Ext=4782969
----------------------------------------------------------------------
        Time_Allocation [ms]:        0.0106663 [avg]
       Time_PlanInitFwd [ms]:          201.797 [avg]
       Time_PlanInitInv [ms]:          199.751 [avg]
            Time_Upload [ms]:          25.5504 [avg]
               Time_FFT [ms]:          150.012 [avg]
              Time_iFFT [ms]:          152.293 [avg]
          Time_Download [ms]:           3.5035 [avg]
       Time_PlanDestroy [ms]:          12.4061 [avg]
             Time_Total [ms]:          745.324 [avg]
   Size_DeviceBuffer [bytes]:      3.82638e+07 [avg]
     Size_DevicePlan [bytes]:                0 [avg]
 Size_DeviceTransfer [bytes]:      3.82638e+07 [avg]
     Error_StandardDeviation:      2.56359e-16 [avg]
            Error_Mismatches:                0 [avg]
----------------------------------------------------------------------
Inplace, Real, double, Dim=1, Kind=radix357 (3), Ext=14348907
----------------------------------------------------------------------
        Time_Allocation [ms]:        0.0081256 [avg]
       Time_PlanInitFwd [ms]:          613.856 [avg]
       Time_PlanInitInv [ms]:          612.984 [avg]
            Time_Upload [ms]:          81.7637 [avg]
               Time_FFT [ms]:          717.503 [avg]
              Time_iFFT [ms]:          704.253 [avg]
          Time_Download [ms]:           13.333 [avg]
       Time_PlanDestroy [ms]:          37.0184 [avg]
             Time_Total [ms]:          2780.72 [avg]
   Size_DeviceBuffer [bytes]:      1.14791e+08 [avg]
     Size_DevicePlan [bytes]:                0 [avg]
 Size_DeviceTransfer [bytes]:      1.14791e+08 [avg]
     Error_StandardDeviation:      2.39023e-16 [avg]
            Error_Mismatches:                0 [avg]
----------------------------------------------------------------------
Inplace, Real, double, Dim=1, Kind=radix357 (3), Ext=43046721
----------------------------------------------------------------------
        Time_Allocation [ms]:        0.0087737 [avg]
       Time_PlanInitFwd [ms]:          5518.45 [avg]
       Time_PlanInitInv [ms]:          5471.47 [avg]
            Time_Upload [ms]:          248.779 [avg]
               Time_FFT [ms]:          2797.06 [avg]
              Time_iFFT [ms]:          2935.87 [avg]
          Time_Download [ms]:          39.6736 [avg]
       Time_PlanDestroy [ms]:          888.694 [avg]
             Time_Total [ms]:            17900 [avg]
   Size_DeviceBuffer [bytes]:      3.44374e+08 [avg]
     Size_DevicePlan [bytes]:                0 [avg]
 Size_DeviceTransfer [bytes]:      3.44374e+08 [avg]
     Error_StandardDeviation:      5.54765e-16 [avg]
            Error_Mismatches:                0 [avg]
----------------------------------------------------------------------
Inplace, Real, double, Dim=1, Kind=radix357 (3), Ext=129140163
----------------------------------------------------------------------
        Time_Allocation [ms]:        0.0082689 [avg]
       Time_PlanInitFwd [ms]:          12749.1 [avg]
       Time_PlanInitInv [ms]:          12801.2 [avg]
            Time_Upload [ms]:          749.412 [avg]
               Time_FFT [ms]:          5663.06 [avg]
              Time_iFFT [ms]:          6070.65 [avg]
          Time_Download [ms]:          121.726 [avg]
       Time_PlanDestroy [ms]:          1786.86 [avg]
             Time_Total [ms]:            39942 [avg]
   Size_DeviceBuffer [bytes]:      1.03312e+09 [avg]
     Size_DevicePlan [bytes]:                0 [avg]
 Size_DeviceTransfer [bytes]:      1.03312e+09 [avg]
     Error_StandardDeviation:      4.86783e-16 [avg]
            Error_Mismatches:                0 [avg]
----------------------------------------------------------------------
Inplace, Real, double, Dim=1, Kind=radix357 (3), Ext=387420489
 Error at run=0: mismatches=0 deviation=0.522913 errorbound=1e-05
----------------------------------------------------------------------
        Time_Allocation [ms]:                0 [avg]
       Time_PlanInitFwd [ms]:                0 [avg]
       Time_PlanInitInv [ms]:                0 [avg]
            Time_Upload [ms]:                0 [avg]
               Time_FFT [ms]:                0 [avg]
              Time_iFFT [ms]:                0 [avg]
          Time_Download [ms]:                0 [avg]
       Time_PlanDestroy [ms]:                0 [avg]
             Time_Total [ms]:                0 [avg]
   Size_DeviceBuffer [bytes]:                0 [avg]
     Size_DevicePlan [bytes]:                0 [avg]
 Size_DeviceTransfer [bytes]:                0 [avg]
     Error_StandardDeviation:                0 [avg]
            Error_Mismatches:                0 [avg]
----------------------------------------------------------------------
Inplace, Real, double, Dim=1, Kind=radix357 (3), Ext=1162261467
 Error at run=0: fftw forward plan could not be created.
----------------------------------------------------------------------
        Time_Allocation [ms]:                0 [avg]
       Time_PlanInitFwd [ms]:                0 [avg]
       Time_PlanInitInv [ms]:                0 [avg]
            Time_Upload [ms]:                0 [avg]
               Time_FFT [ms]:                0 [avg]
              Time_iFFT [ms]:                0 [avg]
          Time_Download [ms]:                0 [avg]
       Time_PlanDestroy [ms]:                0 [avg]
             Time_Total [ms]:                0 [avg]
   Size_DeviceBuffer [bytes]:                0 [avg]
     Size_DevicePlan [bytes]:                0 [avg]
 Size_DeviceTransfer [bytes]:                0 [avg]
     Error_StandardDeviation:                0 [avg]
            Error_Mismatches:                0 [avg]
----------------------------------------------------------------------
Inplace, Real, double, Dim=1, Kind=radix357 (3), Ext=25
----------------------------------------------------------------------
        Time_Allocation [ms]:        0.0002018 [avg]
       Time_PlanInitFwd [ms]:         0.003119 [avg]
       Time_PlanInitInv [ms]:        0.0016772 [avg]
            Time_Upload [ms]:         9.07e-05 [avg]
               Time_FFT [ms]:         0.000339 [avg]
              Time_iFFT [ms]:        0.0003492 [avg]
          Time_Download [ms]:          2.9e-05 [avg]
       Time_PlanDestroy [ms]:        0.0011866 [avg]
             Time_Total [ms]:        0.0071753 [avg]
   Size_DeviceBuffer [bytes]:              208 [avg]
     Size_DevicePlan [bytes]:                0 [avg]
 Size_DeviceTransfer [bytes]:              200 [avg]
     Error_StandardDeviation:      9.66859e-17 [avg]
            Error_Mismatches:                0 [avg]
----------------------------------------------------------------------
Inplace, Real, double, Dim=1, Kind=radix357 (3), Ext=125
----------------------------------------------------------------------
        Time_Allocation [ms]:        0.0002118 [avg]
       Time_PlanInitFwd [ms]:        0.0053601 [avg]
       Time_PlanInitInv [ms]:        0.0035727 [avg]
            Time_Upload [ms]:        0.0001189 [avg]
               Time_FFT [ms]:        0.0008275 [avg]
              Time_iFFT [ms]:        0.0007975 [avg]
          Time_Download [ms]:         5.27e-05 [avg]
       Time_PlanDestroy [ms]:        0.0012648 [avg]
             Time_Total [ms]:        0.0123882 [avg]
   Size_DeviceBuffer [bytes]:             1008 [avg]
     Size_DevicePlan [bytes]:                0 [avg]
 Size_DeviceTransfer [bytes]:             1000 [avg]
     Error_StandardDeviation:      1.16411e-16 [avg]
            Error_Mismatches:                0 [avg]
----------------------------------------------------------------------
Inplace, Real, double, Dim=1, Kind=radix357 (3), Ext=625
----------------------------------------------------------------------
        Time_Allocation [ms]:        0.0002008 [avg]
       Time_PlanInitFwd [ms]:        0.0160065 [avg]
       Time_PlanInitInv [ms]:         0.014159 [avg]
            Time_Upload [ms]:        0.0003442 [avg]
               Time_FFT [ms]:        0.0030761 [avg]
              Time_iFFT [ms]:        0.0030096 [avg]
          Time_Download [ms]:        0.0001233 [avg]
       Time_PlanDestroy [ms]:        0.0014209 [avg]
             Time_Total [ms]:        0.0385354 [avg]
   Size_DeviceBuffer [bytes]:             5008 [avg]
     Size_DevicePlan [bytes]:                0 [avg]
 Size_DeviceTransfer [bytes]:             5000 [avg]
     Error_StandardDeviation:      1.35798e-16 [avg]
            Error_Mismatches:                0 [avg]
----------------------------------------------------------------------
Inplace, Real, double, Dim=1, Kind=radix357 (3), Ext=3125
----------------------------------------------------------------------
        Time_Allocation [ms]:        0.0002518 [avg]
       Time_PlanInitFwd [ms]:        0.0743252 [avg]
       Time_PlanInitInv [ms]:        0.0702738 [avg]
            Time_Upload [ms]:        0.0018663 [avg]
               Time_FFT [ms]:        0.0180195 [avg]
              Time_iFFT [ms]:        0.0182427 [avg]
          Time_Download [ms]:          0.00113 [avg]
       Time_PlanDestroy [ms]:        0.0017327 [avg]
             Time_Total [ms]:         0.186048 [avg]
   Size_DeviceBuffer [bytes]:            25008 [avg]
     Size_DevicePlan [bytes]:                0 [avg]
 Size_DeviceTransfer [bytes]:            25000 [avg]
     Error_StandardDeviation:      1.79518e-16 [avg]
            Error_Mismatches:                0 [avg]
----------------------------------------------------------------------
Inplace, Real, double, Dim=1, Kind=radix357 (3), Ext=15625
----------------------------------------------------------------------
        Time_Allocation [ms]:        0.0002435 [avg]
       Time_PlanInitFwd [ms]:         0.385172 [avg]
       Time_PlanInitInv [ms]:         0.383064 [avg]
            Time_Upload [ms]:        0.0097455 [avg]
               Time_FFT [ms]:         0.108738 [avg]
              Time_iFFT [ms]:         0.111155 [avg]
          Time_Download [ms]:        0.0063078 [avg]
       Time_PlanDestroy [ms]:        0.0021553 [avg]
             Time_Total [ms]:          1.00685 [avg]
   Size_DeviceBuffer [bytes]:           125008 [avg]
     Size_DevicePlan [bytes]:                0 [avg]
 Size_DeviceTransfer [bytes]:           125000 [avg]
     Error_StandardDeviation:       1.9773e-16 [avg]
            Error_Mismatches:                0 [avg]
----------------------------------------------------------------------
Inplace, Real, double, Dim=1, Kind=radix357 (3), Ext=78125
----------------------------------------------------------------------
        Time_Allocation [ms]:        0.0002587 [avg]
       Time_PlanInitFwd [ms]:          1.92619 [avg]
       Time_PlanInitInv [ms]:          1.82801 [avg]
            Time_Upload [ms]:        0.0463859 [avg]
               Time_FFT [ms]:         0.778051 [avg]
              Time_iFFT [ms]:         0.782829 [avg]
          Time_Download [ms]:        0.0483597 [avg]
       Time_PlanDestroy [ms]:        0.0025987 [avg]
             Time_Total [ms]:          5.41295 [avg]
   Size_DeviceBuffer [bytes]:           625008 [avg]
     Size_DevicePlan [bytes]:                0 [avg]
 Size_DeviceTransfer [bytes]:           625000 [avg]
     Error_StandardDeviation:      1.86548e-16 [avg]
            Error_Mismatches:                0 [avg]
----------------------------------------------------------------------
Inplace, Real, double, Dim=1, Kind=radix357 (3), Ext=390625
----------------------------------------------------------------------
        Time_Allocation [ms]:        0.0003936 [avg]
       Time_PlanInitFwd [ms]:          9.42081 [avg]
       Time_PlanInitInv [ms]:          9.34659 [avg]
            Time_Upload [ms]:         0.259746 [avg]
               Time_FFT [ms]:          4.38564 [avg]
              Time_iFFT [ms]:           4.4681 [avg]
          Time_Download [ms]:         0.237908 [avg]
       Time_PlanDestroy [ms]:        0.0050721 [avg]
             Time_Total [ms]:          28.1246 [avg]
   Size_DeviceBuffer [bytes]:      3.12501e+06 [avg]
     Size_DevicePlan [bytes]:                0 [avg]
 Size_DeviceTransfer [bytes]:        3.125e+06 [avg]
     Error_StandardDeviation:      2.26806e-16 [avg]
            Error_Mismatches:                0 [avg]
----------------------------------------------------------------------
Inplace, Real, double, Dim=1, Kind=radix357 (3), Ext=1953125
----------------------------------------------------------------------
        Time_Allocation [ms]:        0.0013379 [avg]
       Time_PlanInitFwd [ms]:          63.3244 [avg]
       Time_PlanInitInv [ms]:          76.2163 [avg]
            Time_Upload [ms]:          1.80928 [avg]
               Time_FFT [ms]:          39.3788 [avg]
              Time_iFFT [ms]:          38.8536 [avg]
          Time_Download [ms]:          1.18418 [avg]
       Time_PlanDestroy [ms]:          5.70465 [avg]
             Time_Total [ms]:          226.475 [avg]
   Size_DeviceBuffer [bytes]:       1.5625e+07 [avg]
     Size_DevicePlan [bytes]:                0 [avg]
 Size_DeviceTransfer [bytes]:       1.5625e+07 [avg]
     Error_StandardDeviation:      2.35492e-16 [avg]
            Error_Mismatches:                0 [avg]
----------------------------------------------------------------------
Inplace, Real, double, Dim=1, Kind=radix357 (3), Ext=9765625
----------------------------------------------------------------------
        Time_Allocation [ms]:        0.0074509 [avg]
       Time_PlanInitFwd [ms]:          406.083 [avg]
       Time_PlanInitInv [ms]:          405.776 [avg]
            Time_Upload [ms]:          55.1618 [avg]
               Time_FFT [ms]:          392.576 [avg]
              Time_iFFT [ms]:          404.041 [avg]
          Time_Download [ms]:          8.66283 [avg]
       Time_PlanDestroy [ms]:          21.1853 [avg]
             Time_Total [ms]:          1693.49 [avg]
   Size_DeviceBuffer [bytes]:       7.8125e+07 [avg]
     Size_DevicePlan [bytes]:                0 [avg]
 Size_DeviceTransfer [bytes]:       7.8125e+07 [avg]
     Error_StandardDeviation:      2.30143e-16 [avg]
            Error_Mismatches:                0 [avg]
----------------------------------------------------------------------
Inplace, Real, double, Dim=1, Kind=radix357 (3), Ext=48828125
----------------------------------------------------------------------
        Time_Allocation [ms]:        0.0082507 [avg]
       Time_PlanInitFwd [ms]:           5737.3 [avg]
       Time_PlanInitInv [ms]:          5729.46 [avg]
            Time_Upload [ms]:          278.856 [avg]
               Time_FFT [ms]:           2781.2 [avg]
              Time_iFFT [ms]:          2940.02 [avg]
          Time_Download [ms]:           45.729 [avg]
       Time_PlanDestroy [ms]:          911.944 [avg]
             Time_Total [ms]:          18424.5 [avg]
   Size_DeviceBuffer [bytes]:      3.90625e+08 [avg]
     Size_DevicePlan [bytes]:                0 [avg]
 Size_DeviceTransfer [bytes]:      3.90625e+08 [avg]
     Error_StandardDeviation:      5.21574e-16 [avg]
            Error_Mismatches:                0 [avg]
----------------------------------------------------------------------
Inplace, Real, double, Dim=1, Kind=radix357 (3), Ext=244140625
----------------------------------------------------------------------
        Time_Allocation [ms]:        0.0076039 [avg]
       Time_PlanInitFwd [ms]:          24859.2 [avg]
       Time_PlanInitInv [ms]:          24826.1 [avg]
            Time_Upload [ms]:           1384.5 [avg]
               Time_FFT [ms]:          11597.9 [avg]
              Time_iFFT [ms]:          12352.2 [avg]
          Time_Download [ms]:          227.772 [avg]
       Time_PlanDestroy [ms]:          3591.23 [avg]
             Time_Total [ms]:            78839 [avg]
   Size_DeviceBuffer [bytes]:      1.95313e+09 [avg]
     Size_DevicePlan [bytes]:                0 [avg]
 Size_DeviceTransfer [bytes]:      1.95312e+09 [avg]
     Error_StandardDeviation:      5.57471e-16 [avg]
            Error_Mismatches:                0 [avg]
----------------------------------------------------------------------
Inplace, Real, double, Dim=1, Kind=radix357 (3), Ext=1220703125
 Error at run=0: fftw forward plan could not be created.
----------------------------------------------------------------------
        Time_Allocation [ms]:                0 [avg]
       Time_PlanInitFwd [ms]:                0 [avg]
       Time_PlanInitInv [ms]:                0 [avg]
            Time_Upload [ms]:                0 [avg]
               Time_FFT [ms]:                0 [avg]
              Time_iFFT [ms]:                0 [avg]
          Time_Download [ms]:                0 [avg]
       Time_PlanDestroy [ms]:                0 [avg]
             Time_Total [ms]:                0 [avg]
   Size_DeviceBuffer [bytes]:                0 [avg]
     Size_DevicePlan [bytes]:                0 [avg]
 Size_DeviceTransfer [bytes]:                0 [avg]
     Error_StandardDeviation:                0 [avg]
            Error_Mismatches:                0 [avg]
----------------------------------------------------------------------
Inplace, Real, double, Dim=1, Kind=radix357 (3), Ext=49
----------------------------------------------------------------------
        Time_Allocation [ms]:        0.0001964 [avg]
       Time_PlanInitFwd [ms]:        0.0040265 [avg]
       Time_PlanInitInv [ms]:        0.0022315 [avg]
            Time_Upload [ms]:         7.97e-05 [avg]
               Time_FFT [ms]:        0.0004611 [avg]
              Time_iFFT [ms]:        0.0004848 [avg]
          Time_Download [ms]:         3.57e-05 [avg]
       Time_PlanDestroy [ms]:         0.001212 [avg]
             Time_Total [ms]:         0.008917 [avg]
   Size_DeviceBuffer [bytes]:              400 [avg]
     Size_DevicePlan [bytes]:                0 [avg]
 Size_DeviceTransfer [bytes]:              392 [avg]
     Error_StandardDeviation:      1.44911e-16 [avg]
            Error_Mismatches:                0 [avg]
----------------------------------------------------------------------
Inplace, Real, double, Dim=1, Kind=radix357 (3), Ext=343
----------------------------------------------------------------------
        Time_Allocation [ms]:        0.0001994 [avg]
       Time_PlanInitFwd [ms]:         0.010109 [avg]
       Time_PlanInitInv [ms]:        0.0082513 [avg]
            Time_Upload [ms]:        0.0001771 [avg]
               Time_FFT [ms]:        0.0017817 [avg]
              Time_iFFT [ms]:        0.0016736 [avg]
          Time_Download [ms]:         8.65e-05 [avg]
       Time_PlanDestroy [ms]:           0.0013 [avg]
             Time_Total [ms]:        0.0237668 [avg]
   Size_DeviceBuffer [bytes]:             2752 [avg]
     Size_DevicePlan [bytes]:                0 [avg]
 Size_DeviceTransfer [bytes]:             2744 [avg]
     Error_StandardDeviation:      1.91367e-16 [avg]
            Error_Mismatches:                0 [avg]
----------------------------------------------------------------------
Inplace, Real, double, Dim=1, Kind=radix357 (3), Ext=2401
----------------------------------------------------------------------
        Time_Allocation [ms]:        0.0002398 [avg]
       Time_PlanInitFwd [ms]:        0.0571138 [avg]
       Time_PlanInitInv [ms]:        0.0528621 [avg]
            Time_Upload [ms]:        0.0012756 [avg]
               Time_FFT [ms]:        0.0117833 [avg]
              Time_iFFT [ms]:        0.0120813 [avg]
          Time_Download [ms]:        0.0006879 [avg]
       Time_PlanDestroy [ms]:        0.0015974 [avg]
             Time_Total [ms]:         0.137842 [avg]
   Size_DeviceBuffer [bytes]:            19216 [avg]
     Size_DevicePlan [bytes]:                0 [avg]
 Size_DeviceTransfer [bytes]:            19208 [avg]
     Error_StandardDeviation:      2.17628e-16 [avg]
            Error_Mismatches:                0 [avg]
----------------------------------------------------------------------
Inplace, Real, double, Dim=1, Kind=radix357 (3), Ext=16807
----------------------------------------------------------------------
        Time_Allocation [ms]:        0.0002475 [avg]
       Time_PlanInitFwd [ms]:         0.414586 [avg]
       Time_PlanInitInv [ms]:         0.411365 [avg]
            Time_Upload [ms]:        0.0103546 [avg]
               Time_FFT [ms]:         0.113225 [avg]
              Time_iFFT [ms]:         0.116675 [avg]
          Time_Download [ms]:        0.0068093 [avg]
       Time_PlanDestroy [ms]:        0.0020437 [avg]
             Time_Total [ms]:          1.07557 [avg]
   Size_DeviceBuffer [bytes]:           134464 [avg]
     Size_DevicePlan [bytes]:                0 [avg]
 Size_DeviceTransfer [bytes]:           134456 [avg]
     Error_StandardDeviation:      2.15873e-16 [avg]
            Error_Mismatches:                0 [avg]
----------------------------------------------------------------------
Inplace, Real, double, Dim=1, Kind=radix357 (3), Ext=117649
----------------------------------------------------------------------
        Time_Allocation [ms]:        0.0002704 [avg]
       Time_PlanInitFwd [ms]:          2.85667 [avg]
       Time_PlanInitInv [ms]:          2.76112 [avg]
            Time_Upload [ms]:        0.0683588 [avg]
               Time_FFT [ms]:          1.14895 [avg]
              Time_iFFT [ms]:           1.1733 [avg]
          Time_Download [ms]:        0.0723965 [avg]
       Time_PlanDestroy [ms]:        0.0026156 [avg]
             Time_Total [ms]:          8.08407 [avg]
   Size_DeviceBuffer [bytes]:           941200 [avg]
     Size_DevicePlan [bytes]:                0 [avg]
 Size_DeviceTransfer [bytes]:           941192 [avg]
     Error_StandardDeviation:      2.53456e-16 [avg]
            Error_Mismatches:                0 [avg]
----------------------------------------------------------------------
Inplace, Real, double, Dim=1, Kind=radix357 (3), Ext=823543
----------------------------------------------------------------------
        Time_Allocation [ms]:        0.0007029 [avg]
       Time_PlanInitFwd [ms]:          21.0819 [avg]
       Time_PlanInitInv [ms]:          20.8499 [avg]
            Time_Upload [ms]:         0.796493 [avg]
               Time_FFT [ms]:          13.4432 [avg]
              Time_iFFT [ms]:          11.6451 [avg]
          Time_Download [ms]:          0.57833 [avg]
       Time_PlanDestroy [ms]:        0.0072496 [avg]
             Time_Total [ms]:          68.4033 [avg]
   Size_DeviceBuffer [bytes]:      6.58835e+06 [avg]
     Size_DevicePlan [bytes]:                0 [avg]
 Size_DeviceTransfer [bytes]:      6.58834e+06 [avg]
     Error_StandardDeviation:      2.61105e-16 [avg]
            Error_Mismatches:                0 [avg]
----------------------------------------------------------------------
Inplace, Real, double, Dim=1, Kind=radix357 (3), Ext=5764801
----------------------------------------------------------------------
        Time_Allocation [ms]:        0.0093061 [avg]
       Time_PlanInitFwd [ms]:          241.985 [avg]
       Time_PlanInitInv [ms]:          244.501 [avg]
            Time_Upload [ms]:          31.4873 [avg]
               Time_FFT [ms]:          159.613 [avg]
              Time_iFFT [ms]:          169.938 [avg]
          Time_Download [ms]:          4.55691 [avg]
       Time_PlanDestroy [ms]:          14.0827 [avg]
             Time_Total [ms]:          866.175 [avg]
   Size_DeviceBuffer [bytes]:      4.61184e+07 [avg]
     Size_DevicePlan [bytes]:                0 [avg]
 Size_DeviceTransfer [bytes]:      4.61184e+07 [avg]
     Error_StandardDeviation:      3.06154e-16 [avg]
            Error_Mismatches:                0 [avg]
----------------------------------------------------------------------
Inplace, Real, double, Dim=1, Kind=radix357 (3), Ext=40353607
----------------------------------------------------------------------
        Time_Allocation [ms]:        0.0083376 [avg]
       Time_PlanInitFwd [ms]:           5284.2 [avg]
       Time_PlanInitInv [ms]:          5267.47 [avg]
            Time_Upload [ms]:          229.376 [avg]
               Time_FFT [ms]:          2591.85 [avg]
              Time_iFFT [ms]:          2716.61 [avg]
          Time_Download [ms]:          37.7002 [avg]
       Time_PlanDestroy [ms]:          874.107 [avg]
             Time_Total [ms]:          17001.3 [avg]
   Size_DeviceBuffer [bytes]:      3.22829e+08 [avg]
     Size_DevicePlan [bytes]:                0 [avg]
 Size_DeviceTransfer [bytes]:      3.22829e+08 [avg]
     Error_StandardDeviation:      5.49685e-16 [avg]
            Error_Mismatches:                0 [avg]
----------------------------------------------------------------------
Inplace, Real, double, Dim=1, Kind=radix357 (3), Ext=282475249
 Error at run=0: mismatches=0 deviation=0.522913 errorbound=1e-05
----------------------------------------------------------------------
        Time_Allocation [ms]:                0 [avg]
       Time_PlanInitFwd [ms]:                0 [avg]
       Time_PlanInitInv [ms]:                0 [avg]
            Time_Upload [ms]:                0 [avg]
               Time_FFT [ms]:                0 [avg]
              Time_iFFT [ms]:                0 [avg]
          Time_Download [ms]:                0 [avg]
       Time_PlanDestroy [ms]:                0 [avg]
             Time_Total [ms]:                0 [avg]
   Size_DeviceBuffer [bytes]:                0 [avg]
     Size_DevicePlan [bytes]:                0 [avg]
 Size_DeviceTransfer [bytes]:                0 [avg]
     Error_StandardDeviation:                0 [avg]
            Error_Mismatches:                0 [avg]
----------------------------------------------------------------------
Inplace, Real, double, Dim=1, Kind=oddshape (1), Ext=19
----------------------------------------------------------------------
        Time_Allocation [ms]:        0.0002748 [avg]
       Time_PlanInitFwd [ms]:        0.0028346 [avg]
       Time_PlanInitInv [ms]:        0.0014148 [avg]
            Time_Upload [ms]:         6.39e-05 [avg]
               Time_FFT [ms]:        0.0002335 [avg]
              Time_iFFT [ms]:         0.000326 [avg]
          Time_Download [ms]:         3.78e-05 [avg]
       Time_PlanDestroy [ms]:        0.0011244 [avg]
             Time_Total [ms]:        0.0065046 [avg]
   Size_DeviceBuffer [bytes]:              160 [avg]
     Size_DevicePlan [bytes]:                0 [avg]
 Size_DeviceTransfer [bytes]:              152 [avg]
     Error_StandardDeviation:      2.25651e-16 [avg]
            Error_Mismatches:                0 [avg]
----------------------------------------------------------------------
Inplace, Real, double, Dim=1, Kind=oddshape (1), Ext=361
----------------------------------------------------------------------
        Time_Allocation [ms]:        0.0002882 [avg]
       Time_PlanInitFwd [ms]:        0.0107341 [avg]
       Time_PlanInitInv [ms]:        0.0085559 [avg]
            Time_Upload [ms]:         0.000209 [avg]
               Time_FFT [ms]:        0.0044271 [avg]
              Time_iFFT [ms]:        0.0043863 [avg]
          Time_Download [ms]:          8.7e-05 [avg]
       Time_PlanDestroy [ms]:        0.0013292 [avg]
             Time_Total [ms]:        0.0302281 [avg]
   Size_DeviceBuffer [bytes]:             2896 [avg]
     Size_DevicePlan [bytes]:                0 [avg]
 Size_DeviceTransfer [bytes]:             2888 [avg]
     Error_StandardDeviation:       3.0569e-16 [avg]
            Error_Mismatches:                0 [avg]
----------------------------------------------------------------------
Inplace, Real, double, Dim=1, Kind=oddshape (1), Ext=6859
----------------------------------------------------------------------
        Time_Allocation [ms]:        0.0002658 [avg]
       Time_PlanInitFwd [ms]:         0.162228 [avg]
       Time_PlanInitInv [ms]:         0.160866 [avg]
            Time_Upload [ms]:        0.0046194 [avg]
               Time_FFT [ms]:         0.106029 [avg]
              Time_iFFT [ms]:          0.10664 [avg]
          Time_Download [ms]:        0.0025697 [avg]
       Time_PlanDestroy [ms]:        0.0017665 [avg]
             Time_Total [ms]:         0.545232 [avg]
   Size_DeviceBuffer [bytes]:            54880 [avg]
     Size_DevicePlan [bytes]:                0 [avg]
 Size_DeviceTransfer [bytes]:            54872 [avg]
     Error_StandardDeviation:      1.74394e-16 [avg]
            Error_Mismatches:                0 [avg]
----------------------------------------------------------------------
Inplace, Real, double, Dim=1, Kind=oddshape (1), Ext=130321
----------------------------------------------------------------------
        Time_Allocation [ms]:        0.0003492 [avg]
       Time_PlanInitFwd [ms]:          3.17407 [avg]
       Time_PlanInitInv [ms]:           3.0833 [avg]
            Time_Upload [ms]:        0.0757492 [avg]
               Time_FFT [ms]:          2.93058 [avg]
              Time_iFFT [ms]:          2.74467 [avg]
          Time_Download [ms]:         0.080473 [avg]
       Time_PlanDestroy [ms]:        0.0027069 [avg]
             Time_Total [ms]:          12.0923 [avg]
   Size_DeviceBuffer [bytes]:      1.04258e+06 [avg]
     Size_DevicePlan [bytes]:                0 [avg]
 Size_DeviceTransfer [bytes]:      1.04257e+06 [avg]
     Error_StandardDeviation:      2.86121e-16 [avg]
            Error_Mismatches:                0 [avg]
----------------------------------------------------------------------
Inplace, Real, double, Dim=1, Kind=oddshape (1), Ext=2476099
----------------------------------------------------------------------
        Time_Allocation [ms]:        0.0015794 [avg]
       Time_PlanInitFwd [ms]:          111.722 [avg]
       Time_PlanInitInv [ms]:          104.967 [avg]
            Time_Upload [ms]:          2.39111 [avg]
               Time_FFT [ms]:          101.552 [avg]
              Time_iFFT [ms]:          110.703 [avg]
          Time_Download [ms]:          1.52233 [avg]
       Time_PlanDestroy [ms]:          5.19563 [avg]
             Time_Total [ms]:          438.056 [avg]
   Size_DeviceBuffer [bytes]:      1.98088e+07 [avg]
     Size_DevicePlan [bytes]:                0 [avg]
 Size_DeviceTransfer [bytes]:      1.98088e+07 [avg]
     Error_StandardDeviation:      3.38408e-16 [avg]
            Error_Mismatches:                0 [avg]
----------------------------------------------------------------------
Inplace, Real, double, Dim=1, Kind=oddshape (1), Ext=47045881
----------------------------------------------------------------------
        Time_Allocation [ms]:        0.0085468 [avg]
       Time_PlanInitFwd [ms]:          5523.41 [avg]
       Time_PlanInitInv [ms]:          5527.91 [avg]
            Time_Upload [ms]:          266.833 [avg]
               Time_FFT [ms]:          2571.61 [avg]
              Time_iFFT [ms]:          2725.01 [avg]
          Time_Download [ms]:          44.0251 [avg]
       Time_PlanDestroy [ms]:          906.617 [avg]
             Time_Total [ms]:          17565.4 [avg]
   Size_DeviceBuffer [bytes]:      3.76367e+08 [avg]
     Size_DevicePlan [bytes]:                0 [avg]
 Size_DeviceTransfer [bytes]:      3.76367e+08 [avg]
     Error_StandardDeviation:      4.81341e-16 [avg]
            Error_Mismatches:                0 [avg]

Results dumped to /global/homes/p/polaya/projects/results/2018_10_04-21:06:42-gnu_wc-1d.csv

real	63m34.255s
user	316m13.812s
sys	413m27.724s
