Sun Oct 21 13:15:07 2018: [unset]:_pmi_alps_init:alps_get_placement_info returned with error -1
Sun Oct 21 13:15:07 2018: [unset]:_pmi_init:_pmi_alps_init returned -1
Running 74 test cases...
/global/homes/p/polaya/projects/gearshifft/src/../inc/core/benchmark_executor.hpp(90): fatal error: in "Fftw_mkl_gnuwrapper/double/387420489/Inplace_Real": mismatches=0 deviation=0.522913 errorbound=1e-05
/global/homes/p/polaya/projects/gearshifft/src/../inc/core/benchmark_executor.hpp(90): fatal error: in "Fftw_mkl_gnuwrapper/double/1162261467/Inplace_Real": fftw forward plan could not be created.
/global/homes/p/polaya/projects/gearshifft/src/../inc/core/benchmark_executor.hpp(90): fatal error: in "Fftw_mkl_gnuwrapper/double/1220703125/Inplace_Real": fftw forward plan could not be created.
/global/homes/p/polaya/projects/gearshifft/src/../inc/core/benchmark_executor.hpp(90): fatal error: in "Fftw_mkl_gnuwrapper/double/282475249/Inplace_Real": mismatches=0 deviation=0.522913 errorbound=1e-05

*** 4 failures are detected in the test module "Master Test Suite"
; "SupportedThreads",64,"UsedThreads",64,"TotalMemory",135065378816,"PlanRigor","measure","PlanTimeLimit [s]","None","NumberWarmups",2,"NumberWarmRuns",10,"NumberTotalRuns",12,"ErrorBound",1e-05,"CurrentTime",1540156680,"CurrentTimeLocal","Sun Oct 21 14:18:00 2018","Hostname","nid02171","gearshifft","0.3.0"
; "Time_ContextCreate [ms]", 6.3e-05
; "Time_ContextDestroy [ms]", 6.5e-05
Fftw_mkl_gnuwrapper, RunsPerBenchmark=12
----------------------------------------------------------------------
Inplace, Real, double, Dim=1, Kind=powerof2 (2), Ext=4
----------------------------------------------------------------------
        Time_Allocation [ms]:         0.000153 [avg]
       Time_PlanInitFwd [ms]:        0.0015396 [avg]
       Time_PlanInitInv [ms]:         0.000738 [avg]
            Time_Upload [ms]:         3.87e-05 [avg]
               Time_FFT [ms]:         9.05e-05 [avg]
              Time_iFFT [ms]:        0.0001177 [avg]
          Time_Download [ms]:         2.55e-05 [avg]
       Time_PlanDestroy [ms]:        0.0007917 [avg]
             Time_Total [ms]:        0.0036707 [avg]
   Size_DeviceBuffer [bytes]:               48 [avg]
     Size_DevicePlan [bytes]:                0 [avg]
 Size_DeviceTransfer [bytes]:               32 [avg]
     Error_StandardDeviation:                0 [avg]
            Error_Mismatches:                0 [avg]
----------------------------------------------------------------------
Inplace, Real, double, Dim=1, Kind=powerof2 (2), Ext=8
----------------------------------------------------------------------
        Time_Allocation [ms]:         0.000181 [avg]
       Time_PlanInitFwd [ms]:        0.0016801 [avg]
       Time_PlanInitInv [ms]:        0.0007021 [avg]
            Time_Upload [ms]:          3.7e-05 [avg]
               Time_FFT [ms]:        0.0001049 [avg]
              Time_iFFT [ms]:        0.0001366 [avg]
          Time_Download [ms]:         2.62e-05 [avg]
       Time_PlanDestroy [ms]:        0.0008502 [avg]
             Time_Total [ms]:        0.0039149 [avg]
   Size_DeviceBuffer [bytes]:               80 [avg]
     Size_DevicePlan [bytes]:                0 [avg]
 Size_DeviceTransfer [bytes]:               64 [avg]
     Error_StandardDeviation:                0 [avg]
            Error_Mismatches:                0 [avg]
----------------------------------------------------------------------
Inplace, Real, double, Dim=1, Kind=powerof2 (2), Ext=16
----------------------------------------------------------------------
        Time_Allocation [ms]:         0.000206 [avg]
       Time_PlanInitFwd [ms]:        0.0016747 [avg]
       Time_PlanInitInv [ms]:        0.0007456 [avg]
            Time_Upload [ms]:         4.92e-05 [avg]
               Time_FFT [ms]:        0.0001287 [avg]
              Time_iFFT [ms]:        0.0001485 [avg]
          Time_Download [ms]:         2.64e-05 [avg]
       Time_PlanDestroy [ms]:        0.0008466 [avg]
             Time_Total [ms]:        0.0040131 [avg]
   Size_DeviceBuffer [bytes]:              144 [avg]
     Size_DevicePlan [bytes]:                0 [avg]
 Size_DeviceTransfer [bytes]:              128 [avg]
     Error_StandardDeviation:                0 [avg]
            Error_Mismatches:                0 [avg]
----------------------------------------------------------------------
Inplace, Real, double, Dim=1, Kind=powerof2 (2), Ext=32
----------------------------------------------------------------------
        Time_Allocation [ms]:        0.0002438 [avg]
       Time_PlanInitFwd [ms]:        0.0020165 [avg]
       Time_PlanInitInv [ms]:        0.0009616 [avg]
            Time_Upload [ms]:         4.04e-05 [avg]
               Time_FFT [ms]:        0.0001904 [avg]
              Time_iFFT [ms]:        0.0002782 [avg]
          Time_Download [ms]:         3.44e-05 [avg]
       Time_PlanDestroy [ms]:        0.0009574 [avg]
             Time_Total [ms]:        0.0049192 [avg]
   Size_DeviceBuffer [bytes]:              272 [avg]
     Size_DevicePlan [bytes]:                0 [avg]
 Size_DeviceTransfer [bytes]:              256 [avg]
     Error_StandardDeviation:      2.81997e-17 [avg]
            Error_Mismatches:                0 [avg]
----------------------------------------------------------------------
Inplace, Real, double, Dim=1, Kind=powerof2 (2), Ext=64
----------------------------------------------------------------------
        Time_Allocation [ms]:        0.0002289 [avg]
       Time_PlanInitFwd [ms]:        0.0021131 [avg]
       Time_PlanInitInv [ms]:        0.0008874 [avg]
            Time_Upload [ms]:         6.03e-05 [avg]
               Time_FFT [ms]:        0.0002541 [avg]
              Time_iFFT [ms]:         0.000346 [avg]
          Time_Download [ms]:         3.07e-05 [avg]
       Time_PlanDestroy [ms]:        0.0009953 [avg]
             Time_Total [ms]:         0.005105 [avg]
   Size_DeviceBuffer [bytes]:              528 [avg]
     Size_DevicePlan [bytes]:                0 [avg]
 Size_DeviceTransfer [bytes]:              512 [avg]
     Error_StandardDeviation:       2.7975e-17 [avg]
            Error_Mismatches:                0 [avg]
----------------------------------------------------------------------
Inplace, Real, double, Dim=1, Kind=powerof2 (2), Ext=128
----------------------------------------------------------------------
        Time_Allocation [ms]:        0.0002261 [avg]
       Time_PlanInitFwd [ms]:        0.0021362 [avg]
       Time_PlanInitInv [ms]:        0.0010434 [avg]
            Time_Upload [ms]:         7.93e-05 [avg]
               Time_FFT [ms]:        0.0003896 [avg]
              Time_iFFT [ms]:        0.0004504 [avg]
          Time_Download [ms]:         3.78e-05 [avg]
       Time_PlanDestroy [ms]:        0.0009364 [avg]
             Time_Total [ms]:        0.0055058 [avg]
   Size_DeviceBuffer [bytes]:             1040 [avg]
     Size_DevicePlan [bytes]:                0 [avg]
 Size_DeviceTransfer [bytes]:             1024 [avg]
     Error_StandardDeviation:      2.78646e-17 [avg]
            Error_Mismatches:                0 [avg]
----------------------------------------------------------------------
Inplace, Real, double, Dim=1, Kind=powerof2 (2), Ext=256
----------------------------------------------------------------------
        Time_Allocation [ms]:        0.0002439 [avg]
       Time_PlanInitFwd [ms]:        0.0029933 [avg]
       Time_PlanInitInv [ms]:        0.0016287 [avg]
            Time_Upload [ms]:        0.0001435 [avg]
               Time_FFT [ms]:        0.0005243 [avg]
              Time_iFFT [ms]:         0.000543 [avg]
          Time_Download [ms]:         5.12e-05 [avg]
       Time_PlanDestroy [ms]:        0.0009819 [avg]
             Time_Total [ms]:        0.0073029 [avg]
   Size_DeviceBuffer [bytes]:             2064 [avg]
     Size_DevicePlan [bytes]:                0 [avg]
 Size_DeviceTransfer [bytes]:             2048 [avg]
     Error_StandardDeviation:      2.78099e-17 [avg]
            Error_Mismatches:                0 [avg]
----------------------------------------------------------------------
Inplace, Real, double, Dim=1, Kind=powerof2 (2), Ext=512
----------------------------------------------------------------------
        Time_Allocation [ms]:        0.0002025 [avg]
       Time_PlanInitFwd [ms]:        0.0037259 [avg]
       Time_PlanInitInv [ms]:        0.0023836 [avg]
            Time_Upload [ms]:        0.0002556 [avg]
               Time_FFT [ms]:        0.0008982 [avg]
              Time_iFFT [ms]:        0.0008797 [avg]
          Time_Download [ms]:        0.0001079 [avg]
       Time_PlanDestroy [ms]:        0.0010008 [avg]
             Time_Total [ms]:        0.0096483 [avg]
   Size_DeviceBuffer [bytes]:             4112 [avg]
     Size_DevicePlan [bytes]:                0 [avg]
 Size_DeviceTransfer [bytes]:             4096 [avg]
     Error_StandardDeviation:      2.77827e-17 [avg]
            Error_Mismatches:                0 [avg]
----------------------------------------------------------------------
Inplace, Real, double, Dim=1, Kind=powerof2 (2), Ext=1024
----------------------------------------------------------------------
        Time_Allocation [ms]:         0.000223 [avg]
       Time_PlanInitFwd [ms]:        0.0051045 [avg]
       Time_PlanInitInv [ms]:         0.003571 [avg]
            Time_Upload [ms]:        0.0005144 [avg]
               Time_FFT [ms]:         0.001709 [avg]
              Time_iFFT [ms]:        0.0016834 [avg]
          Time_Download [ms]:        0.0001747 [avg]
       Time_PlanDestroy [ms]:        0.0010303 [avg]
             Time_Total [ms]:        0.0142079 [avg]
   Size_DeviceBuffer [bytes]:             8208 [avg]
     Size_DevicePlan [bytes]:                0 [avg]
 Size_DeviceTransfer [bytes]:             8192 [avg]
     Error_StandardDeviation:      2.77691e-17 [avg]
            Error_Mismatches:                0 [avg]
----------------------------------------------------------------------
Inplace, Real, double, Dim=1, Kind=powerof2 (2), Ext=2048
----------------------------------------------------------------------
        Time_Allocation [ms]:        0.0002616 [avg]
       Time_PlanInitFwd [ms]:        0.0161527 [avg]
       Time_PlanInitInv [ms]:        0.0139787 [avg]
            Time_Upload [ms]:        0.0011191 [avg]
               Time_FFT [ms]:        0.0043297 [avg]
              Time_iFFT [ms]:        0.0036541 [avg]
          Time_Download [ms]:         0.000606 [avg]
       Time_PlanDestroy [ms]:        0.0010443 [avg]
             Time_Total [ms]:        0.0413608 [avg]
   Size_DeviceBuffer [bytes]:            16400 [avg]
     Size_DevicePlan [bytes]:                0 [avg]
 Size_DeviceTransfer [bytes]:            16384 [avg]
     Error_StandardDeviation:      2.77624e-17 [avg]
            Error_Mismatches:                0 [avg]
----------------------------------------------------------------------
Inplace, Real, double, Dim=1, Kind=powerof2 (2), Ext=4096
----------------------------------------------------------------------
        Time_Allocation [ms]:        0.0002674 [avg]
       Time_PlanInitFwd [ms]:        0.0276655 [avg]
       Time_PlanInitInv [ms]:           0.0251 [avg]
            Time_Upload [ms]:        0.0024491 [avg]
               Time_FFT [ms]:        0.0105631 [avg]
              Time_iFFT [ms]:        0.0085797 [avg]
          Time_Download [ms]:        0.0013689 [avg]
       Time_PlanDestroy [ms]:        0.0011796 [avg]
             Time_Total [ms]:        0.0773901 [avg]
   Size_DeviceBuffer [bytes]:            32784 [avg]
     Size_DevicePlan [bytes]:                0 [avg]
 Size_DeviceTransfer [bytes]:            32768 [avg]
     Error_StandardDeviation:       2.7759e-17 [avg]
            Error_Mismatches:                0 [avg]
----------------------------------------------------------------------
Inplace, Real, double, Dim=1, Kind=powerof2 (2), Ext=8192
----------------------------------------------------------------------
        Time_Allocation [ms]:        0.0002943 [avg]
       Time_PlanInitFwd [ms]:        0.0599982 [avg]
       Time_PlanInitInv [ms]:         0.112708 [avg]
            Time_Upload [ms]:        0.0055111 [avg]
               Time_FFT [ms]:        0.0210682 [avg]
              Time_iFFT [ms]:         0.018357 [avg]
          Time_Download [ms]:        0.0031309 [avg]
       Time_PlanDestroy [ms]:        0.0183488 [avg]
             Time_Total [ms]:         0.239705 [avg]
   Size_DeviceBuffer [bytes]:            65552 [avg]
     Size_DevicePlan [bytes]:                0 [avg]
 Size_DeviceTransfer [bytes]:            65536 [avg]
     Error_StandardDeviation:      2.77573e-17 [avg]
            Error_Mismatches:                0 [avg]
----------------------------------------------------------------------
Inplace, Real, double, Dim=1, Kind=powerof2 (2), Ext=16384
----------------------------------------------------------------------
        Time_Allocation [ms]:        0.0003423 [avg]
       Time_PlanInitFwd [ms]:        0.0381749 [avg]
       Time_PlanInitInv [ms]:        0.0345166 [avg]
            Time_Upload [ms]:         0.015271 [avg]
               Time_FFT [ms]:        0.0335562 [avg]
              Time_iFFT [ms]:        0.0408066 [avg]
          Time_Download [ms]:        0.0148169 [avg]
       Time_PlanDestroy [ms]:        0.0052497 [avg]
             Time_Total [ms]:         0.183178 [avg]
   Size_DeviceBuffer [bytes]:           131088 [avg]
     Size_DevicePlan [bytes]:                0 [avg]
 Size_DeviceTransfer [bytes]:           131072 [avg]
     Error_StandardDeviation:      2.77564e-17 [avg]
            Error_Mismatches:                0 [avg]
----------------------------------------------------------------------
Inplace, Real, double, Dim=1, Kind=powerof2 (2), Ext=32768
----------------------------------------------------------------------
        Time_Allocation [ms]:        0.0045997 [avg]
       Time_PlanInitFwd [ms]:         0.127261 [avg]
       Time_PlanInitInv [ms]:         0.141139 [avg]
            Time_Upload [ms]:         0.101115 [avg]
               Time_FFT [ms]:        0.0457963 [avg]
              Time_iFFT [ms]:        0.0614571 [avg]
          Time_Download [ms]:        0.0337284 [avg]
       Time_PlanDestroy [ms]:        0.0658257 [avg]
             Time_Total [ms]:         0.581295 [avg]
   Size_DeviceBuffer [bytes]:           262160 [avg]
     Size_DevicePlan [bytes]:                0 [avg]
 Size_DeviceTransfer [bytes]:           262144 [avg]
     Error_StandardDeviation:       2.7756e-17 [avg]
            Error_Mismatches:                0 [avg]
----------------------------------------------------------------------
Inplace, Real, double, Dim=1, Kind=powerof2 (2), Ext=65536
----------------------------------------------------------------------
        Time_Allocation [ms]:        0.0053781 [avg]
       Time_PlanInitFwd [ms]:          0.18835 [avg]
       Time_PlanInitInv [ms]:         0.176472 [avg]
            Time_Upload [ms]:         0.278929 [avg]
               Time_FFT [ms]:        0.0675232 [avg]
              Time_iFFT [ms]:        0.0584204 [avg]
          Time_Download [ms]:        0.0606324 [avg]
       Time_PlanDestroy [ms]:         0.121104 [avg]
             Time_Total [ms]:         0.957186 [avg]
   Size_DeviceBuffer [bytes]:           524304 [avg]
     Size_DevicePlan [bytes]:                0 [avg]
 Size_DeviceTransfer [bytes]:           524288 [avg]
     Error_StandardDeviation:      2.77558e-17 [avg]
            Error_Mismatches:                0 [avg]
----------------------------------------------------------------------
Inplace, Real, double, Dim=1, Kind=powerof2 (2), Ext=131072
----------------------------------------------------------------------
        Time_Allocation [ms]:         0.005467 [avg]
       Time_PlanInitFwd [ms]:         0.328858 [avg]
       Time_PlanInitInv [ms]:         0.297615 [avg]
            Time_Upload [ms]:         0.617499 [avg]
               Time_FFT [ms]:         0.134085 [avg]
              Time_iFFT [ms]:         0.132182 [avg]
          Time_Download [ms]:         0.113851 [avg]
       Time_PlanDestroy [ms]:         0.260933 [avg]
             Time_Total [ms]:           1.8909 [avg]
   Size_DeviceBuffer [bytes]:      1.04859e+06 [avg]
     Size_DevicePlan [bytes]:                0 [avg]
 Size_DeviceTransfer [bytes]:      1.04858e+06 [avg]
     Error_StandardDeviation:      2.77557e-17 [avg]
            Error_Mismatches:                0 [avg]
----------------------------------------------------------------------
Inplace, Real, double, Dim=1, Kind=powerof2 (2), Ext=262144
----------------------------------------------------------------------
        Time_Allocation [ms]:        0.0057199 [avg]
       Time_PlanInitFwd [ms]:         0.623027 [avg]
       Time_PlanInitInv [ms]:         0.552128 [avg]
            Time_Upload [ms]:          1.31606 [avg]
               Time_FFT [ms]:         0.283335 [avg]
              Time_iFFT [ms]:         0.188593 [avg]
          Time_Download [ms]:         0.219965 [avg]
       Time_PlanDestroy [ms]:         0.553641 [avg]
             Time_Total [ms]:          3.74299 [avg]
   Size_DeviceBuffer [bytes]:      2.09717e+06 [avg]
     Size_DevicePlan [bytes]:                0 [avg]
 Size_DeviceTransfer [bytes]:      2.09715e+06 [avg]
     Error_StandardDeviation:      2.77556e-17 [avg]
            Error_Mismatches:                0 [avg]
----------------------------------------------------------------------
Inplace, Real, double, Dim=1, Kind=powerof2 (2), Ext=524288
----------------------------------------------------------------------
        Time_Allocation [ms]:        0.0056347 [avg]
       Time_PlanInitFwd [ms]:          1.11123 [avg]
       Time_PlanInitInv [ms]:          1.04215 [avg]
            Time_Upload [ms]:          2.74555 [avg]
               Time_FFT [ms]:         0.520936 [avg]
              Time_iFFT [ms]:         0.468372 [avg]
          Time_Download [ms]:         0.447897 [avg]
       Time_PlanDestroy [ms]:          1.11569 [avg]
             Time_Total [ms]:          7.45808 [avg]
   Size_DeviceBuffer [bytes]:      4.19432e+06 [avg]
     Size_DevicePlan [bytes]:                0 [avg]
 Size_DeviceTransfer [bytes]:       4.1943e+06 [avg]
     Error_StandardDeviation:      2.77556e-17 [avg]
            Error_Mismatches:                0 [avg]
----------------------------------------------------------------------
Inplace, Real, double, Dim=1, Kind=powerof2 (2), Ext=1048576
----------------------------------------------------------------------
        Time_Allocation [ms]:        0.0073528 [avg]
       Time_PlanInitFwd [ms]:          2.11395 [avg]
       Time_PlanInitInv [ms]:          2.04584 [avg]
            Time_Upload [ms]:          7.03168 [avg]
               Time_FFT [ms]:          1.10757 [avg]
              Time_iFFT [ms]:         0.756276 [avg]
          Time_Download [ms]:          1.11593 [avg]
       Time_PlanDestroy [ms]:          2.20725 [avg]
             Time_Total [ms]:          16.3864 [avg]
   Size_DeviceBuffer [bytes]:      8.38862e+06 [avg]
     Size_DevicePlan [bytes]:                0 [avg]
 Size_DeviceTransfer [bytes]:      8.38861e+06 [avg]
     Error_StandardDeviation:      2.77556e-17 [avg]
            Error_Mismatches:                0 [avg]
----------------------------------------------------------------------
Inplace, Real, double, Dim=1, Kind=powerof2 (2), Ext=2097152
----------------------------------------------------------------------
        Time_Allocation [ms]:        0.0068465 [avg]
       Time_PlanInitFwd [ms]:          4.10375 [avg]
       Time_PlanInitInv [ms]:          4.04982 [avg]
            Time_Upload [ms]:          13.8233 [avg]
               Time_FFT [ms]:          2.36265 [avg]
              Time_iFFT [ms]:          1.56624 [avg]
          Time_Download [ms]:          1.99245 [avg]
       Time_PlanDestroy [ms]:          4.43536 [avg]
             Time_Total [ms]:          32.3411 [avg]
   Size_DeviceBuffer [bytes]:      1.67772e+07 [avg]
     Size_DevicePlan [bytes]:                0 [avg]
 Size_DeviceTransfer [bytes]:      1.67772e+07 [avg]
     Error_StandardDeviation:      2.77556e-17 [avg]
            Error_Mismatches:                0 [avg]
----------------------------------------------------------------------
Inplace, Real, double, Dim=1, Kind=powerof2 (2), Ext=4194304
----------------------------------------------------------------------
        Time_Allocation [ms]:        0.0081959 [avg]
       Time_PlanInitFwd [ms]:          7.96557 [avg]
       Time_PlanInitInv [ms]:          7.88791 [avg]
            Time_Upload [ms]:          27.7749 [avg]
               Time_FFT [ms]:          5.93795 [avg]
              Time_iFFT [ms]:          5.05761 [avg]
          Time_Download [ms]:          4.17057 [avg]
       Time_PlanDestroy [ms]:          8.71483 [avg]
             Time_Total [ms]:          67.5186 [avg]
   Size_DeviceBuffer [bytes]:      3.35544e+07 [avg]
     Size_DevicePlan [bytes]:                0 [avg]
 Size_DeviceTransfer [bytes]:      3.35544e+07 [avg]
     Error_StandardDeviation:      2.77556e-17 [avg]
            Error_Mismatches:                0 [avg]
----------------------------------------------------------------------
Inplace, Real, double, Dim=1, Kind=powerof2 (2), Ext=8388608
----------------------------------------------------------------------
        Time_Allocation [ms]:        0.0091098 [avg]
       Time_PlanInitFwd [ms]:          15.5791 [avg]
       Time_PlanInitInv [ms]:          15.4893 [avg]
            Time_Upload [ms]:          55.6134 [avg]
               Time_FFT [ms]:          12.9169 [avg]
              Time_iFFT [ms]:          11.5265 [avg]
          Time_Download [ms]:          8.30142 [avg]
       Time_PlanDestroy [ms]:           17.331 [avg]
             Time_Total [ms]:          136.768 [avg]
   Size_DeviceBuffer [bytes]:      6.71089e+07 [avg]
     Size_DevicePlan [bytes]:                0 [avg]
 Size_DeviceTransfer [bytes]:      6.71089e+07 [avg]
     Error_StandardDeviation:      2.77556e-17 [avg]
            Error_Mismatches:                0 [avg]
----------------------------------------------------------------------
Inplace, Real, double, Dim=1, Kind=powerof2 (2), Ext=16777216
----------------------------------------------------------------------
        Time_Allocation [ms]:        0.0091891 [avg]
       Time_PlanInitFwd [ms]:          26.2999 [avg]
       Time_PlanInitInv [ms]:          26.2214 [avg]
            Time_Upload [ms]:          111.129 [avg]
               Time_FFT [ms]:           43.855 [avg]
              Time_iFFT [ms]:          411.674 [avg]
          Time_Download [ms]:           16.507 [avg]
       Time_PlanDestroy [ms]:          34.5494 [avg]
             Time_Total [ms]:          670.246 [avg]
   Size_DeviceBuffer [bytes]:      1.34218e+08 [avg]
     Size_DevicePlan [bytes]:                0 [avg]
 Size_DeviceTransfer [bytes]:      1.34218e+08 [avg]
     Error_StandardDeviation:      2.77556e-17 [avg]
            Error_Mismatches:                0 [avg]
----------------------------------------------------------------------
Inplace, Real, double, Dim=1, Kind=powerof2 (2), Ext=33554432
----------------------------------------------------------------------
        Time_Allocation [ms]:        0.0080698 [avg]
       Time_PlanInitFwd [ms]:          46.3907 [avg]
       Time_PlanInitInv [ms]:          46.1347 [avg]
            Time_Upload [ms]:          215.566 [avg]
               Time_FFT [ms]:          85.6422 [avg]
              Time_iFFT [ms]:          730.417 [avg]
          Time_Download [ms]:          32.9803 [avg]
       Time_PlanDestroy [ms]:           68.939 [avg]
             Time_Total [ms]:          1226.08 [avg]
   Size_DeviceBuffer [bytes]:      2.68435e+08 [avg]
     Size_DevicePlan [bytes]:                0 [avg]
 Size_DeviceTransfer [bytes]:      2.68435e+08 [avg]
     Error_StandardDeviation:      2.77556e-17 [avg]
            Error_Mismatches:                0 [avg]
----------------------------------------------------------------------
Inplace, Real, double, Dim=1, Kind=powerof2 (2), Ext=67108864
----------------------------------------------------------------------
        Time_Allocation [ms]:        0.0096003 [avg]
       Time_PlanInitFwd [ms]:          126.116 [avg]
       Time_PlanInitInv [ms]:          122.716 [avg]
            Time_Upload [ms]:          406.153 [avg]
               Time_FFT [ms]:          199.101 [avg]
              Time_iFFT [ms]:          1616.88 [avg]
          Time_Download [ms]:          66.2338 [avg]
       Time_PlanDestroy [ms]:          122.562 [avg]
             Time_Total [ms]:          2659.77 [avg]
   Size_DeviceBuffer [bytes]:      5.36871e+08 [avg]
     Size_DevicePlan [bytes]:                0 [avg]
 Size_DeviceTransfer [bytes]:      5.36871e+08 [avg]
     Error_StandardDeviation:      2.77556e-17 [avg]
            Error_Mismatches:                0 [avg]
----------------------------------------------------------------------
Inplace, Real, double, Dim=1, Kind=powerof2 (2), Ext=134217728
----------------------------------------------------------------------
        Time_Allocation [ms]:        0.0100312 [avg]
       Time_PlanInitFwd [ms]:           176.35 [avg]
       Time_PlanInitInv [ms]:          166.274 [avg]
            Time_Upload [ms]:          787.004 [avg]
               Time_FFT [ms]:          393.192 [avg]
              Time_iFFT [ms]:          3737.27 [avg]
          Time_Download [ms]:          122.442 [avg]
       Time_PlanDestroy [ms]:          213.495 [avg]
             Time_Total [ms]:          5596.04 [avg]
   Size_DeviceBuffer [bytes]:      1.07374e+09 [avg]
     Size_DevicePlan [bytes]:                0 [avg]
 Size_DeviceTransfer [bytes]:      1.07374e+09 [avg]
     Error_StandardDeviation:      2.77556e-17 [avg]
            Error_Mismatches:                0 [avg]
----------------------------------------------------------------------
Inplace, Real, double, Dim=1, Kind=powerof2 (2), Ext=268435456
----------------------------------------------------------------------
        Time_Allocation [ms]:        0.0071822 [avg]
       Time_PlanInitFwd [ms]:          332.405 [avg]
       Time_PlanInitInv [ms]:          332.173 [avg]
            Time_Upload [ms]:          1523.89 [avg]
               Time_FFT [ms]:           738.63 [avg]
              Time_iFFT [ms]:          7225.74 [avg]
          Time_Download [ms]:          241.679 [avg]
       Time_PlanDestroy [ms]:          429.616 [avg]
             Time_Total [ms]:          10824.1 [avg]
   Size_DeviceBuffer [bytes]:      2.14748e+09 [avg]
     Size_DevicePlan [bytes]:                0 [avg]
 Size_DeviceTransfer [bytes]:      2.14748e+09 [avg]
     Error_StandardDeviation:      2.77556e-17 [avg]
            Error_Mismatches:                0 [avg]
----------------------------------------------------------------------
Inplace, Real, double, Dim=1, Kind=powerof2 (2), Ext=536870912
----------------------------------------------------------------------
        Time_Allocation [ms]:        0.0071606 [avg]
       Time_PlanInitFwd [ms]:            664.8 [avg]
       Time_PlanInitInv [ms]:          666.858 [avg]
            Time_Upload [ms]:          3034.82 [avg]
               Time_FFT [ms]:          1525.22 [avg]
              Time_iFFT [ms]:          14913.1 [avg]
          Time_Download [ms]:          480.113 [avg]
       Time_PlanDestroy [ms]:          861.551 [avg]
             Time_Total [ms]:          22146.5 [avg]
   Size_DeviceBuffer [bytes]:      4.29497e+09 [avg]
     Size_DevicePlan [bytes]:                0 [avg]
 Size_DeviceTransfer [bytes]:      4.29497e+09 [avg]
     Error_StandardDeviation:      2.77556e-17 [avg]
            Error_Mismatches:                0 [avg]
----------------------------------------------------------------------
Inplace, Real, double, Dim=1, Kind=powerof2 (2), Ext=1073741824
----------------------------------------------------------------------
        Time_Allocation [ms]:        0.0074707 [avg]
       Time_PlanInitFwd [ms]:          1336.02 [avg]
       Time_PlanInitInv [ms]:          1323.88 [avg]
            Time_Upload [ms]:          6031.08 [avg]
               Time_FFT [ms]:          3058.58 [avg]
              Time_iFFT [ms]:          29843.2 [avg]
          Time_Download [ms]:          965.733 [avg]
       Time_PlanDestroy [ms]:          1732.29 [avg]
             Time_Total [ms]:          44290.8 [avg]
   Size_DeviceBuffer [bytes]:      8.58993e+09 [avg]
     Size_DevicePlan [bytes]:                0 [avg]
 Size_DeviceTransfer [bytes]:      8.58993e+09 [avg]
     Error_StandardDeviation:      2.77556e-17 [avg]
            Error_Mismatches:                0 [avg]
----------------------------------------------------------------------
Inplace, Real, double, Dim=1, Kind=radix357 (3), Ext=9
----------------------------------------------------------------------
        Time_Allocation [ms]:        0.0002152 [avg]
       Time_PlanInitFwd [ms]:        0.0015964 [avg]
       Time_PlanInitInv [ms]:        0.0007539 [avg]
            Time_Upload [ms]:         3.03e-05 [avg]
               Time_FFT [ms]:         9.78e-05 [avg]
              Time_iFFT [ms]:         0.000145 [avg]
          Time_Download [ms]:         2.37e-05 [avg]
       Time_PlanDestroy [ms]:        0.0009944 [avg]
             Time_Total [ms]:        0.0040464 [avg]
   Size_DeviceBuffer [bytes]:               80 [avg]
     Size_DevicePlan [bytes]:                0 [avg]
 Size_DeviceTransfer [bytes]:               72 [avg]
     Error_StandardDeviation:      6.78886e-17 [avg]
            Error_Mismatches:                0 [avg]
----------------------------------------------------------------------
Inplace, Real, double, Dim=1, Kind=radix357 (3), Ext=27
----------------------------------------------------------------------
        Time_Allocation [ms]:        0.0002453 [avg]
       Time_PlanInitFwd [ms]:        0.0029093 [avg]
       Time_PlanInitInv [ms]:        0.0017754 [avg]
            Time_Upload [ms]:         5.87e-05 [avg]
               Time_FFT [ms]:        0.0004555 [avg]
              Time_iFFT [ms]:        0.0003237 [avg]
          Time_Download [ms]:         2.56e-05 [avg]
       Time_PlanDestroy [ms]:        0.0011817 [avg]
             Time_Total [ms]:        0.0071673 [avg]
   Size_DeviceBuffer [bytes]:              224 [avg]
     Size_DevicePlan [bytes]:                0 [avg]
 Size_DeviceTransfer [bytes]:              216 [avg]
     Error_StandardDeviation:       9.3387e-17 [avg]
            Error_Mismatches:                0 [avg]
----------------------------------------------------------------------
Inplace, Real, double, Dim=1, Kind=radix357 (3), Ext=81
----------------------------------------------------------------------
        Time_Allocation [ms]:        0.0002285 [avg]
       Time_PlanInitFwd [ms]:        0.0044845 [avg]
       Time_PlanInitInv [ms]:        0.0029559 [avg]
            Time_Upload [ms]:          6.4e-05 [avg]
               Time_FFT [ms]:        0.0006398 [avg]
              Time_iFFT [ms]:        0.0005271 [avg]
          Time_Download [ms]:         3.25e-05 [avg]
       Time_PlanDestroy [ms]:        0.0012585 [avg]
             Time_Total [ms]:        0.0103667 [avg]
   Size_DeviceBuffer [bytes]:              656 [avg]
     Size_DevicePlan [bytes]:                0 [avg]
 Size_DeviceTransfer [bytes]:              648 [avg]
     Error_StandardDeviation:      9.39843e-17 [avg]
            Error_Mismatches:                0 [avg]
----------------------------------------------------------------------
Inplace, Real, double, Dim=1, Kind=radix357 (3), Ext=243
----------------------------------------------------------------------
        Time_Allocation [ms]:        0.0002414 [avg]
       Time_PlanInitFwd [ms]:        0.0081155 [avg]
       Time_PlanInitInv [ms]:        0.0062668 [avg]
            Time_Upload [ms]:        0.0001073 [avg]
               Time_FFT [ms]:        0.0014459 [avg]
              Time_iFFT [ms]:        0.0013348 [avg]
          Time_Download [ms]:         5.34e-05 [avg]
       Time_PlanDestroy [ms]:        0.0013595 [avg]
             Time_Total [ms]:        0.0191107 [avg]
   Size_DeviceBuffer [bytes]:             1952 [avg]
     Size_DevicePlan [bytes]:                0 [avg]
 Size_DeviceTransfer [bytes]:             1944 [avg]
     Error_StandardDeviation:      1.00965e-16 [avg]
            Error_Mismatches:                0 [avg]
----------------------------------------------------------------------
Inplace, Real, double, Dim=1, Kind=radix357 (3), Ext=729
----------------------------------------------------------------------
        Time_Allocation [ms]:        0.0002946 [avg]
       Time_PlanInitFwd [ms]:        0.0190128 [avg]
       Time_PlanInitInv [ms]:        0.0170266 [avg]
            Time_Upload [ms]:        0.0003633 [avg]
               Time_FFT [ms]:        0.0040182 [avg]
              Time_iFFT [ms]:        0.0041296 [avg]
          Time_Download [ms]:        0.0001505 [avg]
       Time_PlanDestroy [ms]:        0.0015868 [avg]
             Time_Total [ms]:        0.0467695 [avg]
   Size_DeviceBuffer [bytes]:             5840 [avg]
     Size_DevicePlan [bytes]:                0 [avg]
 Size_DeviceTransfer [bytes]:             5832 [avg]
     Error_StandardDeviation:      1.34597e-16 [avg]
            Error_Mismatches:                0 [avg]
----------------------------------------------------------------------
Inplace, Real, double, Dim=1, Kind=radix357 (3), Ext=2187
----------------------------------------------------------------------
        Time_Allocation [ms]:        0.0002422 [avg]
       Time_PlanInitFwd [ms]:         0.053932 [avg]
       Time_PlanInitInv [ms]:        0.0503532 [avg]
            Time_Upload [ms]:        0.0010077 [avg]
               Time_FFT [ms]:        0.0147158 [avg]
              Time_iFFT [ms]:        0.0135263 [avg]
          Time_Download [ms]:        0.0005709 [avg]
       Time_PlanDestroy [ms]:        0.0018508 [avg]
             Time_Total [ms]:         0.136391 [avg]
   Size_DeviceBuffer [bytes]:            17504 [avg]
     Size_DevicePlan [bytes]:                0 [avg]
 Size_DeviceTransfer [bytes]:            17496 [avg]
     Error_StandardDeviation:      1.39723e-16 [avg]
            Error_Mismatches:                0 [avg]
----------------------------------------------------------------------
Inplace, Real, double, Dim=1, Kind=radix357 (3), Ext=6561
----------------------------------------------------------------------
        Time_Allocation [ms]:        0.0002708 [avg]
       Time_PlanInitFwd [ms]:         0.160719 [avg]
       Time_PlanInitInv [ms]:         0.158645 [avg]
            Time_Upload [ms]:        0.0038521 [avg]
               Time_FFT [ms]:        0.0484208 [avg]
              Time_iFFT [ms]:        0.0466839 [avg]
          Time_Download [ms]:        0.0023673 [avg]
       Time_PlanDestroy [ms]:        0.0022473 [avg]
             Time_Total [ms]:         0.423447 [avg]
   Size_DeviceBuffer [bytes]:            52496 [avg]
     Size_DevicePlan [bytes]:                0 [avg]
 Size_DeviceTransfer [bytes]:            52488 [avg]
     Error_StandardDeviation:      1.44483e-16 [avg]
            Error_Mismatches:                0 [avg]
----------------------------------------------------------------------
Inplace, Real, double, Dim=1, Kind=radix357 (3), Ext=19683
----------------------------------------------------------------------
        Time_Allocation [ms]:        0.0002664 [avg]
       Time_PlanInitFwd [ms]:         0.495387 [avg]
       Time_PlanInitInv [ms]:         0.496509 [avg]
            Time_Upload [ms]:        0.0109141 [avg]
               Time_FFT [ms]:         0.170234 [avg]
              Time_iFFT [ms]:         0.181393 [avg]
          Time_Download [ms]:        0.0074563 [avg]
       Time_PlanDestroy [ms]:        0.0026344 [avg]
             Time_Total [ms]:          1.36508 [avg]
   Size_DeviceBuffer [bytes]:           157472 [avg]
     Size_DevicePlan [bytes]:                0 [avg]
 Size_DeviceTransfer [bytes]:           157464 [avg]
     Error_StandardDeviation:      1.99911e-16 [avg]
            Error_Mismatches:                0 [avg]
----------------------------------------------------------------------
Inplace, Real, double, Dim=1, Kind=radix357 (3), Ext=59049
----------------------------------------------------------------------
        Time_Allocation [ms]:        0.0002601 [avg]
       Time_PlanInitFwd [ms]:          1.47663 [avg]
       Time_PlanInitInv [ms]:          1.49644 [avg]
            Time_Upload [ms]:        0.0414193 [avg]
               Time_FFT [ms]:         0.619912 [avg]
              Time_iFFT [ms]:         0.659835 [avg]
          Time_Download [ms]:        0.0328561 [avg]
       Time_PlanDestroy [ms]:        0.0030248 [avg]
             Time_Total [ms]:           4.3307 [avg]
   Size_DeviceBuffer [bytes]:           472400 [avg]
     Size_DevicePlan [bytes]:                0 [avg]
 Size_DeviceTransfer [bytes]:           472392 [avg]
     Error_StandardDeviation:       1.8066e-16 [avg]
            Error_Mismatches:                0 [avg]
----------------------------------------------------------------------
Inplace, Real, double, Dim=1, Kind=radix357 (3), Ext=177147
----------------------------------------------------------------------
        Time_Allocation [ms]:        0.0003801 [avg]
       Time_PlanInitFwd [ms]:          4.25788 [avg]
       Time_PlanInitInv [ms]:          4.26562 [avg]
            Time_Upload [ms]:         0.119556 [avg]
               Time_FFT [ms]:          2.03797 [avg]
              Time_iFFT [ms]:          2.14481 [avg]
          Time_Download [ms]:        0.0971902 [avg]
       Time_PlanDestroy [ms]:        0.0035558 [avg]
             Time_Total [ms]:          12.9275 [avg]
   Size_DeviceBuffer [bytes]:      1.41718e+06 [avg]
     Size_DevicePlan [bytes]:                0 [avg]
 Size_DeviceTransfer [bytes]:      1.41718e+06 [avg]
     Error_StandardDeviation:      2.01978e-16 [avg]
            Error_Mismatches:                0 [avg]
----------------------------------------------------------------------
Inplace, Real, double, Dim=1, Kind=radix357 (3), Ext=531441
----------------------------------------------------------------------
        Time_Allocation [ms]:        0.0045204 [avg]
       Time_PlanInitFwd [ms]:          19.5091 [avg]
       Time_PlanInitInv [ms]:          16.1224 [avg]
            Time_Upload [ms]:          2.53586 [avg]
               Time_FFT [ms]:          7.34657 [avg]
              Time_iFFT [ms]:          7.03141 [avg]
          Time_Download [ms]:          0.36564 [avg]
       Time_PlanDestroy [ms]:          1.98714 [avg]
             Time_Total [ms]:          54.9031 [avg]
   Size_DeviceBuffer [bytes]:      4.25154e+06 [avg]
     Size_DevicePlan [bytes]:                0 [avg]
 Size_DeviceTransfer [bytes]:      4.25153e+06 [avg]
     Error_StandardDeviation:      2.01604e-16 [avg]
            Error_Mismatches:                0 [avg]
----------------------------------------------------------------------
Inplace, Real, double, Dim=1, Kind=radix357 (3), Ext=1594323
----------------------------------------------------------------------
        Time_Allocation [ms]:         0.005399 [avg]
       Time_PlanInitFwd [ms]:          63.2382 [avg]
       Time_PlanInitInv [ms]:          50.4443 [avg]
            Time_Upload [ms]:          9.05728 [avg]
               Time_FFT [ms]:          36.2141 [avg]
              Time_iFFT [ms]:          33.8711 [avg]
          Time_Download [ms]:         0.857871 [avg]
       Time_PlanDestroy [ms]:          5.80588 [avg]
             Time_Total [ms]:          199.495 [avg]
   Size_DeviceBuffer [bytes]:      1.27546e+07 [avg]
     Size_DevicePlan [bytes]:                0 [avg]
 Size_DeviceTransfer [bytes]:      1.27546e+07 [avg]
     Error_StandardDeviation:      1.65459e-16 [avg]
            Error_Mismatches:                0 [avg]
----------------------------------------------------------------------
Inplace, Real, double, Dim=1, Kind=radix357 (3), Ext=4782969
----------------------------------------------------------------------
        Time_Allocation [ms]:         0.009545 [avg]
       Time_PlanInitFwd [ms]:          201.756 [avg]
       Time_PlanInitInv [ms]:          206.489 [avg]
            Time_Upload [ms]:          25.8796 [avg]
               Time_FFT [ms]:          144.691 [avg]
              Time_iFFT [ms]:          147.642 [avg]
          Time_Download [ms]:          3.29372 [avg]
       Time_PlanDestroy [ms]:          12.4401 [avg]
             Time_Total [ms]:          742.201 [avg]
   Size_DeviceBuffer [bytes]:      3.82638e+07 [avg]
     Size_DevicePlan [bytes]:                0 [avg]
 Size_DeviceTransfer [bytes]:      3.82638e+07 [avg]
     Error_StandardDeviation:      2.56359e-16 [avg]
            Error_Mismatches:                0 [avg]
----------------------------------------------------------------------
Inplace, Real, double, Dim=1, Kind=radix357 (3), Ext=14348907
----------------------------------------------------------------------
        Time_Allocation [ms]:        0.0075099 [avg]
       Time_PlanInitFwd [ms]:          612.673 [avg]
       Time_PlanInitInv [ms]:          617.594 [avg]
            Time_Upload [ms]:          80.9851 [avg]
               Time_FFT [ms]:          673.276 [avg]
              Time_iFFT [ms]:          658.407 [avg]
          Time_Download [ms]:          12.6627 [avg]
       Time_PlanDestroy [ms]:          36.9905 [avg]
             Time_Total [ms]:           2692.6 [avg]
   Size_DeviceBuffer [bytes]:      1.14791e+08 [avg]
     Size_DevicePlan [bytes]:                0 [avg]
 Size_DeviceTransfer [bytes]:      1.14791e+08 [avg]
     Error_StandardDeviation:      2.39023e-16 [avg]
            Error_Mismatches:                0 [avg]
----------------------------------------------------------------------
Inplace, Real, double, Dim=1, Kind=radix357 (3), Ext=43046721
----------------------------------------------------------------------
        Time_Allocation [ms]:        0.0095095 [avg]
       Time_PlanInitFwd [ms]:          5490.99 [avg]
       Time_PlanInitInv [ms]:          5478.32 [avg]
            Time_Upload [ms]:          249.772 [avg]
               Time_FFT [ms]:          2766.15 [avg]
              Time_iFFT [ms]:          2896.95 [avg]
          Time_Download [ms]:           40.947 [avg]
       Time_PlanDestroy [ms]:           886.36 [avg]
             Time_Total [ms]:          17809.5 [avg]
   Size_DeviceBuffer [bytes]:      3.44374e+08 [avg]
     Size_DevicePlan [bytes]:                0 [avg]
 Size_DeviceTransfer [bytes]:      3.44374e+08 [avg]
     Error_StandardDeviation:      5.54765e-16 [avg]
            Error_Mismatches:                0 [avg]
----------------------------------------------------------------------
Inplace, Real, double, Dim=1, Kind=radix357 (3), Ext=129140163
----------------------------------------------------------------------
        Time_Allocation [ms]:        0.0080727 [avg]
       Time_PlanInitFwd [ms]:          12635.7 [avg]
       Time_PlanInitInv [ms]:          12632.1 [avg]
            Time_Upload [ms]:          728.333 [avg]
               Time_FFT [ms]:          5476.46 [avg]
              Time_iFFT [ms]:          5898.63 [avg]
          Time_Download [ms]:          117.585 [avg]
       Time_PlanDestroy [ms]:          1770.58 [avg]
             Time_Total [ms]:          39259.3 [avg]
   Size_DeviceBuffer [bytes]:      1.03312e+09 [avg]
     Size_DevicePlan [bytes]:                0 [avg]
 Size_DeviceTransfer [bytes]:      1.03312e+09 [avg]
     Error_StandardDeviation:      4.86783e-16 [avg]
            Error_Mismatches:                0 [avg]
----------------------------------------------------------------------
Inplace, Real, double, Dim=1, Kind=radix357 (3), Ext=387420489
 Error at run=0: mismatches=0 deviation=0.522913 errorbound=1e-05
----------------------------------------------------------------------
        Time_Allocation [ms]:                0 [avg]
       Time_PlanInitFwd [ms]:                0 [avg]
       Time_PlanInitInv [ms]:                0 [avg]
            Time_Upload [ms]:                0 [avg]
               Time_FFT [ms]:                0 [avg]
              Time_iFFT [ms]:                0 [avg]
          Time_Download [ms]:                0 [avg]
       Time_PlanDestroy [ms]:                0 [avg]
             Time_Total [ms]:                0 [avg]
   Size_DeviceBuffer [bytes]:                0 [avg]
     Size_DevicePlan [bytes]:                0 [avg]
 Size_DeviceTransfer [bytes]:                0 [avg]
     Error_StandardDeviation:                0 [avg]
            Error_Mismatches:                0 [avg]
----------------------------------------------------------------------
Inplace, Real, double, Dim=1, Kind=radix357 (3), Ext=1162261467
 Error at run=0: fftw forward plan could not be created.
----------------------------------------------------------------------
        Time_Allocation [ms]:                0 [avg]
       Time_PlanInitFwd [ms]:                0 [avg]
       Time_PlanInitInv [ms]:                0 [avg]
            Time_Upload [ms]:                0 [avg]
               Time_FFT [ms]:                0 [avg]
              Time_iFFT [ms]:                0 [avg]
          Time_Download [ms]:                0 [avg]
       Time_PlanDestroy [ms]:                0 [avg]
             Time_Total [ms]:                0 [avg]
   Size_DeviceBuffer [bytes]:                0 [avg]
     Size_DevicePlan [bytes]:                0 [avg]
 Size_DeviceTransfer [bytes]:                0 [avg]
     Error_StandardDeviation:                0 [avg]
            Error_Mismatches:                0 [avg]
----------------------------------------------------------------------
Inplace, Real, double, Dim=1, Kind=radix357 (3), Ext=25
----------------------------------------------------------------------
        Time_Allocation [ms]:        0.0001757 [avg]
       Time_PlanInitFwd [ms]:        0.0029836 [avg]
       Time_PlanInitInv [ms]:        0.0015831 [avg]
            Time_Upload [ms]:         4.61e-05 [avg]
               Time_FFT [ms]:        0.0003567 [avg]
              Time_iFFT [ms]:        0.0002844 [avg]
          Time_Download [ms]:            3e-05 [avg]
       Time_PlanDestroy [ms]:        0.0012059 [avg]
             Time_Total [ms]:        0.0068574 [avg]
   Size_DeviceBuffer [bytes]:              208 [avg]
     Size_DevicePlan [bytes]:                0 [avg]
 Size_DeviceTransfer [bytes]:              200 [avg]
     Error_StandardDeviation:      9.66859e-17 [avg]
            Error_Mismatches:                0 [avg]
----------------------------------------------------------------------
Inplace, Real, double, Dim=1, Kind=radix357 (3), Ext=125
----------------------------------------------------------------------
        Time_Allocation [ms]:          0.00019 [avg]
       Time_PlanInitFwd [ms]:         0.005202 [avg]
       Time_PlanInitInv [ms]:        0.0035216 [avg]
            Time_Upload [ms]:        0.0001187 [avg]
               Time_FFT [ms]:        0.0008524 [avg]
              Time_iFFT [ms]:        0.0007241 [avg]
          Time_Download [ms]:         4.41e-05 [avg]
       Time_PlanDestroy [ms]:        0.0013239 [avg]
             Time_Total [ms]:        0.0121569 [avg]
   Size_DeviceBuffer [bytes]:             1008 [avg]
     Size_DevicePlan [bytes]:                0 [avg]
 Size_DeviceTransfer [bytes]:             1000 [avg]
     Error_StandardDeviation:      1.16411e-16 [avg]
            Error_Mismatches:                0 [avg]
----------------------------------------------------------------------
Inplace, Real, double, Dim=1, Kind=radix357 (3), Ext=625
----------------------------------------------------------------------
        Time_Allocation [ms]:        0.0002128 [avg]
       Time_PlanInitFwd [ms]:        0.0160605 [avg]
       Time_PlanInitInv [ms]:        0.0142936 [avg]
            Time_Upload [ms]:        0.0003374 [avg]
               Time_FFT [ms]:        0.0031328 [avg]
              Time_iFFT [ms]:        0.0029886 [avg]
          Time_Download [ms]:        0.0001317 [avg]
       Time_PlanDestroy [ms]:        0.0013963 [avg]
             Time_Total [ms]:        0.0387376 [avg]
   Size_DeviceBuffer [bytes]:             5008 [avg]
     Size_DevicePlan [bytes]:                0 [avg]
 Size_DeviceTransfer [bytes]:             5000 [avg]
     Error_StandardDeviation:      1.35798e-16 [avg]
            Error_Mismatches:                0 [avg]
----------------------------------------------------------------------
Inplace, Real, double, Dim=1, Kind=radix357 (3), Ext=3125
----------------------------------------------------------------------
        Time_Allocation [ms]:        0.0002122 [avg]
       Time_PlanInitFwd [ms]:        0.0740584 [avg]
       Time_PlanInitInv [ms]:        0.0699503 [avg]
            Time_Upload [ms]:        0.0018285 [avg]
               Time_FFT [ms]:        0.0179191 [avg]
              Time_iFFT [ms]:        0.0182106 [avg]
          Time_Download [ms]:        0.0011055 [avg]
       Time_PlanDestroy [ms]:        0.0016389 [avg]
             Time_Total [ms]:         0.185117 [avg]
   Size_DeviceBuffer [bytes]:            25008 [avg]
     Size_DevicePlan [bytes]:                0 [avg]
 Size_DeviceTransfer [bytes]:            25000 [avg]
     Error_StandardDeviation:      1.79518e-16 [avg]
            Error_Mismatches:                0 [avg]
----------------------------------------------------------------------
Inplace, Real, double, Dim=1, Kind=radix357 (3), Ext=15625
----------------------------------------------------------------------
        Time_Allocation [ms]:        0.0002503 [avg]
       Time_PlanInitFwd [ms]:         0.383719 [avg]
       Time_PlanInitInv [ms]:         0.385385 [avg]
            Time_Upload [ms]:        0.0097092 [avg]
               Time_FFT [ms]:         0.110456 [avg]
              Time_iFFT [ms]:         0.111381 [avg]
          Time_Download [ms]:        0.0063218 [avg]
       Time_PlanDestroy [ms]:         0.002084 [avg]
             Time_Total [ms]:          1.00958 [avg]
   Size_DeviceBuffer [bytes]:           125008 [avg]
     Size_DevicePlan [bytes]:                0 [avg]
 Size_DeviceTransfer [bytes]:           125000 [avg]
     Error_StandardDeviation:       1.9773e-16 [avg]
            Error_Mismatches:                0 [avg]
----------------------------------------------------------------------
Inplace, Real, double, Dim=1, Kind=radix357 (3), Ext=78125
----------------------------------------------------------------------
        Time_Allocation [ms]:        0.0002637 [avg]
       Time_PlanInitFwd [ms]:          1.92427 [avg]
       Time_PlanInitInv [ms]:          1.82872 [avg]
            Time_Upload [ms]:        0.0456444 [avg]
               Time_FFT [ms]:         0.775227 [avg]
              Time_iFFT [ms]:         0.782605 [avg]
          Time_Download [ms]:        0.0484229 [avg]
       Time_PlanDestroy [ms]:        0.0025073 [avg]
             Time_Total [ms]:          5.40797 [avg]
   Size_DeviceBuffer [bytes]:           625008 [avg]
     Size_DevicePlan [bytes]:                0 [avg]
 Size_DeviceTransfer [bytes]:           625000 [avg]
     Error_StandardDeviation:      1.86548e-16 [avg]
            Error_Mismatches:                0 [avg]
----------------------------------------------------------------------
Inplace, Real, double, Dim=1, Kind=radix357 (3), Ext=390625
----------------------------------------------------------------------
        Time_Allocation [ms]:        0.0003824 [avg]
       Time_PlanInitFwd [ms]:          9.42507 [avg]
       Time_PlanInitInv [ms]:          9.34059 [avg]
            Time_Upload [ms]:         0.261067 [avg]
               Time_FFT [ms]:          4.39124 [avg]
              Time_iFFT [ms]:          4.46566 [avg]
          Time_Download [ms]:         0.240382 [avg]
       Time_PlanDestroy [ms]:        0.0035802 [avg]
             Time_Total [ms]:          28.1285 [avg]
   Size_DeviceBuffer [bytes]:      3.12501e+06 [avg]
     Size_DevicePlan [bytes]:                0 [avg]
 Size_DeviceTransfer [bytes]:        3.125e+06 [avg]
     Error_StandardDeviation:      2.26806e-16 [avg]
            Error_Mismatches:                0 [avg]
----------------------------------------------------------------------
Inplace, Real, double, Dim=1, Kind=radix357 (3), Ext=1953125
----------------------------------------------------------------------
        Time_Allocation [ms]:        0.0011794 [avg]
       Time_PlanInitFwd [ms]:          63.5336 [avg]
       Time_PlanInitInv [ms]:          76.3552 [avg]
            Time_Upload [ms]:           1.8118 [avg]
               Time_FFT [ms]:          39.4969 [avg]
              Time_iFFT [ms]:          38.8426 [avg]
          Time_Download [ms]:          1.19076 [avg]
       Time_PlanDestroy [ms]:          5.85642 [avg]
             Time_Total [ms]:           227.09 [avg]
   Size_DeviceBuffer [bytes]:       1.5625e+07 [avg]
     Size_DevicePlan [bytes]:                0 [avg]
 Size_DeviceTransfer [bytes]:       1.5625e+07 [avg]
     Error_StandardDeviation:      2.35492e-16 [avg]
            Error_Mismatches:                0 [avg]
----------------------------------------------------------------------
Inplace, Real, double, Dim=1, Kind=radix357 (3), Ext=9765625
----------------------------------------------------------------------
        Time_Allocation [ms]:        0.0076641 [avg]
       Time_PlanInitFwd [ms]:          407.727 [avg]
       Time_PlanInitInv [ms]:          407.254 [avg]
            Time_Upload [ms]:          55.5728 [avg]
               Time_FFT [ms]:          394.393 [avg]
              Time_iFFT [ms]:          405.638 [avg]
          Time_Download [ms]:          8.73976 [avg]
       Time_PlanDestroy [ms]:          21.2842 [avg]
             Time_Total [ms]:          1700.62 [avg]
   Size_DeviceBuffer [bytes]:       7.8125e+07 [avg]
     Size_DevicePlan [bytes]:                0 [avg]
 Size_DeviceTransfer [bytes]:       7.8125e+07 [avg]
     Error_StandardDeviation:      2.30143e-16 [avg]
            Error_Mismatches:                0 [avg]
----------------------------------------------------------------------
Inplace, Real, double, Dim=1, Kind=radix357 (3), Ext=48828125
----------------------------------------------------------------------
        Time_Allocation [ms]:        0.0085097 [avg]
       Time_PlanInitFwd [ms]:          5745.91 [avg]
       Time_PlanInitInv [ms]:          5739.16 [avg]
            Time_Upload [ms]:          279.002 [avg]
               Time_FFT [ms]:           2798.3 [avg]
              Time_iFFT [ms]:          3007.02 [avg]
          Time_Download [ms]:          47.3005 [avg]
       Time_PlanDestroy [ms]:          884.768 [avg]
             Time_Total [ms]:          18501.5 [avg]
   Size_DeviceBuffer [bytes]:      3.90625e+08 [avg]
     Size_DevicePlan [bytes]:                0 [avg]
 Size_DeviceTransfer [bytes]:      3.90625e+08 [avg]
     Error_StandardDeviation:      5.21574e-16 [avg]
            Error_Mismatches:                0 [avg]
----------------------------------------------------------------------
Inplace, Real, double, Dim=1, Kind=radix357 (3), Ext=244140625
----------------------------------------------------------------------
        Time_Allocation [ms]:        0.0082226 [avg]
       Time_PlanInitFwd [ms]:          25099.7 [avg]
       Time_PlanInitInv [ms]:          25099.8 [avg]
            Time_Upload [ms]:          1394.54 [avg]
               Time_FFT [ms]:            12129 [avg]
              Time_iFFT [ms]:          12920.1 [avg]
          Time_Download [ms]:          240.079 [avg]
       Time_PlanDestroy [ms]:          3618.43 [avg]
             Time_Total [ms]:          80501.7 [avg]
   Size_DeviceBuffer [bytes]:      1.95313e+09 [avg]
     Size_DevicePlan [bytes]:                0 [avg]
 Size_DeviceTransfer [bytes]:      1.95312e+09 [avg]
     Error_StandardDeviation:      5.57471e-16 [avg]
            Error_Mismatches:                0 [avg]
----------------------------------------------------------------------
Inplace, Real, double, Dim=1, Kind=radix357 (3), Ext=1220703125
 Error at run=0: fftw forward plan could not be created.
----------------------------------------------------------------------
        Time_Allocation [ms]:                0 [avg]
       Time_PlanInitFwd [ms]:                0 [avg]
       Time_PlanInitInv [ms]:                0 [avg]
            Time_Upload [ms]:                0 [avg]
               Time_FFT [ms]:                0 [avg]
              Time_iFFT [ms]:                0 [avg]
          Time_Download [ms]:                0 [avg]
       Time_PlanDestroy [ms]:                0 [avg]
             Time_Total [ms]:                0 [avg]
   Size_DeviceBuffer [bytes]:                0 [avg]
     Size_DevicePlan [bytes]:                0 [avg]
 Size_DeviceTransfer [bytes]:                0 [avg]
     Error_StandardDeviation:                0 [avg]
            Error_Mismatches:                0 [avg]
----------------------------------------------------------------------
Inplace, Real, double, Dim=1, Kind=radix357 (3), Ext=49
----------------------------------------------------------------------
        Time_Allocation [ms]:        0.0001709 [avg]
       Time_PlanInitFwd [ms]:        0.0037318 [avg]
       Time_PlanInitInv [ms]:        0.0021836 [avg]
            Time_Upload [ms]:         8.21e-05 [avg]
               Time_FFT [ms]:        0.0004906 [avg]
              Time_iFFT [ms]:         0.000448 [avg]
          Time_Download [ms]:         3.66e-05 [avg]
       Time_PlanDestroy [ms]:        0.0011772 [avg]
             Time_Total [ms]:         0.008517 [avg]
   Size_DeviceBuffer [bytes]:              400 [avg]
     Size_DevicePlan [bytes]:                0 [avg]
 Size_DeviceTransfer [bytes]:              392 [avg]
     Error_StandardDeviation:      1.44911e-16 [avg]
            Error_Mismatches:                0 [avg]
----------------------------------------------------------------------
Inplace, Real, double, Dim=1, Kind=radix357 (3), Ext=343
----------------------------------------------------------------------
        Time_Allocation [ms]:        0.0001965 [avg]
       Time_PlanInitFwd [ms]:         0.010114 [avg]
       Time_PlanInitInv [ms]:        0.0084088 [avg]
            Time_Upload [ms]:        0.0001886 [avg]
               Time_FFT [ms]:        0.0017421 [avg]
              Time_iFFT [ms]:        0.0016026 [avg]
          Time_Download [ms]:         8.84e-05 [avg]
       Time_PlanDestroy [ms]:        0.0012869 [avg]
             Time_Total [ms]:        0.0238133 [avg]
   Size_DeviceBuffer [bytes]:             2752 [avg]
     Size_DevicePlan [bytes]:                0 [avg]
 Size_DeviceTransfer [bytes]:             2744 [avg]
     Error_StandardDeviation:      1.91367e-16 [avg]
            Error_Mismatches:                0 [avg]
----------------------------------------------------------------------
Inplace, Real, double, Dim=1, Kind=radix357 (3), Ext=2401
----------------------------------------------------------------------
        Time_Allocation [ms]:        0.0001989 [avg]
       Time_PlanInitFwd [ms]:        0.0561536 [avg]
       Time_PlanInitInv [ms]:        0.0532819 [avg]
            Time_Upload [ms]:        0.0012047 [avg]
               Time_FFT [ms]:        0.0117107 [avg]
              Time_iFFT [ms]:        0.0119139 [avg]
          Time_Download [ms]:        0.0006789 [avg]
       Time_PlanDestroy [ms]:         0.001534 [avg]
             Time_Total [ms]:          0.13688 [avg]
   Size_DeviceBuffer [bytes]:            19216 [avg]
     Size_DevicePlan [bytes]:                0 [avg]
 Size_DeviceTransfer [bytes]:            19208 [avg]
     Error_StandardDeviation:      2.17628e-16 [avg]
            Error_Mismatches:                0 [avg]
----------------------------------------------------------------------
Inplace, Real, double, Dim=1, Kind=radix357 (3), Ext=16807
----------------------------------------------------------------------
        Time_Allocation [ms]:        0.0002325 [avg]
       Time_PlanInitFwd [ms]:         0.411206 [avg]
       Time_PlanInitInv [ms]:         0.411796 [avg]
            Time_Upload [ms]:        0.0097288 [avg]
               Time_FFT [ms]:         0.110465 [avg]
              Time_iFFT [ms]:         0.115376 [avg]
          Time_Download [ms]:         0.006504 [avg]
       Time_PlanDestroy [ms]:        0.0019484 [avg]
             Time_Total [ms]:          1.06751 [avg]
   Size_DeviceBuffer [bytes]:           134464 [avg]
     Size_DevicePlan [bytes]:                0 [avg]
 Size_DeviceTransfer [bytes]:           134456 [avg]
     Error_StandardDeviation:      2.15873e-16 [avg]
            Error_Mismatches:                0 [avg]
----------------------------------------------------------------------
Inplace, Real, double, Dim=1, Kind=radix357 (3), Ext=117649
----------------------------------------------------------------------
        Time_Allocation [ms]:        0.0002527 [avg]
       Time_PlanInitFwd [ms]:          2.82877 [avg]
       Time_PlanInitInv [ms]:          2.73567 [avg]
            Time_Upload [ms]:        0.0635518 [avg]
               Time_FFT [ms]:          1.11727 [avg]
              Time_iFFT [ms]:          1.13087 [avg]
          Time_Download [ms]:        0.0678498 [avg]
       Time_PlanDestroy [ms]:        0.0024702 [avg]
             Time_Total [ms]:          7.94708 [avg]
   Size_DeviceBuffer [bytes]:           941200 [avg]
     Size_DevicePlan [bytes]:                0 [avg]
 Size_DeviceTransfer [bytes]:           941192 [avg]
     Error_StandardDeviation:      2.53456e-16 [avg]
            Error_Mismatches:                0 [avg]
----------------------------------------------------------------------
Inplace, Real, double, Dim=1, Kind=radix357 (3), Ext=823543
----------------------------------------------------------------------
        Time_Allocation [ms]:        0.0006728 [avg]
       Time_PlanInitFwd [ms]:          20.9756 [avg]
       Time_PlanInitInv [ms]:          20.7695 [avg]
            Time_Upload [ms]:         0.777842 [avg]
               Time_FFT [ms]:          13.1836 [avg]
              Time_iFFT [ms]:          11.4142 [avg]
          Time_Download [ms]:          0.55185 [avg]
       Time_PlanDestroy [ms]:        0.0059965 [avg]
             Time_Total [ms]:          67.6803 [avg]
   Size_DeviceBuffer [bytes]:      6.58835e+06 [avg]
     Size_DevicePlan [bytes]:                0 [avg]
 Size_DeviceTransfer [bytes]:      6.58834e+06 [avg]
     Error_StandardDeviation:      2.61105e-16 [avg]
            Error_Mismatches:                0 [avg]
----------------------------------------------------------------------
Inplace, Real, double, Dim=1, Kind=radix357 (3), Ext=5764801
----------------------------------------------------------------------
        Time_Allocation [ms]:        0.0091976 [avg]
       Time_PlanInitFwd [ms]:          247.225 [avg]
       Time_PlanInitInv [ms]:          244.046 [avg]
            Time_Upload [ms]:          31.3795 [avg]
               Time_FFT [ms]:          156.704 [avg]
              Time_iFFT [ms]:           165.79 [avg]
          Time_Download [ms]:          4.43646 [avg]
       Time_PlanDestroy [ms]:          14.1347 [avg]
             Time_Total [ms]:          863.728 [avg]
   Size_DeviceBuffer [bytes]:      4.61184e+07 [avg]
     Size_DevicePlan [bytes]:                0 [avg]
 Size_DeviceTransfer [bytes]:      4.61184e+07 [avg]
     Error_StandardDeviation:      3.06154e-16 [avg]
            Error_Mismatches:                0 [avg]
----------------------------------------------------------------------
Inplace, Real, double, Dim=1, Kind=radix357 (3), Ext=40353607
----------------------------------------------------------------------
        Time_Allocation [ms]:         0.008821 [avg]
       Time_PlanInitFwd [ms]:          5358.24 [avg]
       Time_PlanInitInv [ms]:          5349.24 [avg]
            Time_Upload [ms]:          232.273 [avg]
               Time_FFT [ms]:          2733.33 [avg]
              Time_iFFT [ms]:          2863.14 [avg]
          Time_Download [ms]:          37.9572 [avg]
       Time_PlanDestroy [ms]:           876.09 [avg]
             Time_Total [ms]:          17450.3 [avg]
   Size_DeviceBuffer [bytes]:      3.22829e+08 [avg]
     Size_DevicePlan [bytes]:                0 [avg]
 Size_DeviceTransfer [bytes]:      3.22829e+08 [avg]
     Error_StandardDeviation:      5.49685e-16 [avg]
            Error_Mismatches:                0 [avg]
----------------------------------------------------------------------
Inplace, Real, double, Dim=1, Kind=radix357 (3), Ext=282475249
 Error at run=0: mismatches=0 deviation=0.522913 errorbound=1e-05
----------------------------------------------------------------------
        Time_Allocation [ms]:                0 [avg]
       Time_PlanInitFwd [ms]:                0 [avg]
       Time_PlanInitInv [ms]:                0 [avg]
            Time_Upload [ms]:                0 [avg]
               Time_FFT [ms]:                0 [avg]
              Time_iFFT [ms]:                0 [avg]
          Time_Download [ms]:                0 [avg]
       Time_PlanDestroy [ms]:                0 [avg]
             Time_Total [ms]:                0 [avg]
   Size_DeviceBuffer [bytes]:                0 [avg]
     Size_DevicePlan [bytes]:                0 [avg]
 Size_DeviceTransfer [bytes]:                0 [avg]
     Error_StandardDeviation:                0 [avg]
            Error_Mismatches:                0 [avg]
----------------------------------------------------------------------
Inplace, Real, double, Dim=1, Kind=oddshape (1), Ext=19
----------------------------------------------------------------------
        Time_Allocation [ms]:        0.0002454 [avg]
       Time_PlanInitFwd [ms]:        0.0026143 [avg]
       Time_PlanInitInv [ms]:        0.0013901 [avg]
            Time_Upload [ms]:         4.81e-05 [avg]
               Time_FFT [ms]:        0.0002459 [avg]
              Time_iFFT [ms]:         0.000271 [avg]
          Time_Download [ms]:         3.11e-05 [avg]
       Time_PlanDestroy [ms]:        0.0010527 [avg]
             Time_Total [ms]:        0.0060902 [avg]
   Size_DeviceBuffer [bytes]:              160 [avg]
     Size_DevicePlan [bytes]:                0 [avg]
 Size_DeviceTransfer [bytes]:              152 [avg]
     Error_StandardDeviation:      2.25651e-16 [avg]
            Error_Mismatches:                0 [avg]
----------------------------------------------------------------------
Inplace, Real, double, Dim=1, Kind=oddshape (1), Ext=361
----------------------------------------------------------------------
        Time_Allocation [ms]:        0.0002523 [avg]
       Time_PlanInitFwd [ms]:        0.0107839 [avg]
       Time_PlanInitInv [ms]:        0.0084948 [avg]
            Time_Upload [ms]:        0.0002069 [avg]
               Time_FFT [ms]:        0.0044266 [avg]
              Time_iFFT [ms]:        0.0042959 [avg]
          Time_Download [ms]:         8.96e-05 [avg]
       Time_PlanDestroy [ms]:        0.0013146 [avg]
             Time_Total [ms]:        0.0300609 [avg]
   Size_DeviceBuffer [bytes]:             2896 [avg]
     Size_DevicePlan [bytes]:                0 [avg]
 Size_DeviceTransfer [bytes]:             2888 [avg]
     Error_StandardDeviation:       3.0569e-16 [avg]
            Error_Mismatches:                0 [avg]
----------------------------------------------------------------------
Inplace, Real, double, Dim=1, Kind=oddshape (1), Ext=6859
----------------------------------------------------------------------
        Time_Allocation [ms]:        0.0002708 [avg]
       Time_PlanInitFwd [ms]:         0.162634 [avg]
       Time_PlanInitInv [ms]:         0.161885 [avg]
            Time_Upload [ms]:        0.0048329 [avg]
               Time_FFT [ms]:         0.106908 [avg]
              Time_iFFT [ms]:         0.106442 [avg]
          Time_Download [ms]:        0.0025633 [avg]
       Time_PlanDestroy [ms]:        0.0017538 [avg]
             Time_Total [ms]:         0.547566 [avg]
   Size_DeviceBuffer [bytes]:            54880 [avg]
     Size_DevicePlan [bytes]:                0 [avg]
 Size_DeviceTransfer [bytes]:            54872 [avg]
     Error_StandardDeviation:      1.74394e-16 [avg]
            Error_Mismatches:                0 [avg]
----------------------------------------------------------------------
Inplace, Real, double, Dim=1, Kind=oddshape (1), Ext=130321
----------------------------------------------------------------------
        Time_Allocation [ms]:        0.0003403 [avg]
       Time_PlanInitFwd [ms]:          3.17975 [avg]
       Time_PlanInitInv [ms]:          3.08528 [avg]
            Time_Upload [ms]:        0.0775375 [avg]
               Time_FFT [ms]:          2.95546 [avg]
              Time_iFFT [ms]:          2.77664 [avg]
          Time_Download [ms]:        0.0824457 [avg]
       Time_PlanDestroy [ms]:        0.0026025 [avg]
             Time_Total [ms]:          12.1606 [avg]
   Size_DeviceBuffer [bytes]:      1.04258e+06 [avg]
     Size_DevicePlan [bytes]:                0 [avg]
 Size_DeviceTransfer [bytes]:      1.04257e+06 [avg]
     Error_StandardDeviation:      2.86121e-16 [avg]
            Error_Mismatches:                0 [avg]
----------------------------------------------------------------------
Inplace, Real, double, Dim=1, Kind=oddshape (1), Ext=2476099
----------------------------------------------------------------------
        Time_Allocation [ms]:        0.0014886 [avg]
       Time_PlanInitFwd [ms]:           108.76 [avg]
       Time_PlanInitInv [ms]:          104.961 [avg]
            Time_Upload [ms]:          2.36484 [avg]
               Time_FFT [ms]:          100.606 [avg]
              Time_iFFT [ms]:          109.533 [avg]
          Time_Download [ms]:          1.51784 [avg]
       Time_PlanDestroy [ms]:          5.28648 [avg]
             Time_Total [ms]:          433.032 [avg]
   Size_DeviceBuffer [bytes]:      1.98088e+07 [avg]
     Size_DevicePlan [bytes]:                0 [avg]
 Size_DeviceTransfer [bytes]:      1.98088e+07 [avg]
     Error_StandardDeviation:      3.38408e-16 [avg]
            Error_Mismatches:                0 [avg]
----------------------------------------------------------------------
Inplace, Real, double, Dim=1, Kind=oddshape (1), Ext=47045881
----------------------------------------------------------------------
        Time_Allocation [ms]:        0.0086411 [avg]
       Time_PlanInitFwd [ms]:           5593.4 [avg]
       Time_PlanInitInv [ms]:          5593.65 [avg]
            Time_Upload [ms]:          266.149 [avg]
               Time_FFT [ms]:          2669.48 [avg]
              Time_iFFT [ms]:           2828.3 [avg]
          Time_Download [ms]:          43.5322 [avg]
       Time_PlanDestroy [ms]:          876.445 [avg]
             Time_Total [ms]:            17871 [avg]
   Size_DeviceBuffer [bytes]:      3.76367e+08 [avg]
     Size_DevicePlan [bytes]:                0 [avg]
 Size_DeviceTransfer [bytes]:      3.76367e+08 [avg]
     Error_StandardDeviation:      4.81341e-16 [avg]
            Error_Mismatches:                0 [avg]

Results dumped to /global/homes/p/polaya/projects/results/2018_10_21-13:15:07-gnu_wc-1d.csv

real	62m53.884s
user	320m14.476s
sys	389m25.556s
