Sat Oct 27 14:03:15 2018: [unset]:_pmi_alps_init:alps_get_placement_info returned with error -1
Sat Oct 27 14:03:15 2018: [unset]:_pmi_init:_pmi_alps_init returned -1
Running 56 test cases...

*** No errors detected
; "SupportedThreads",64,"UsedThreads",64,"TotalMemory",135065378816,"PlanRigor","measure","PlanTimeLimit [s]","None","NumberWarmups",2,"NumberWarmRuns",10,"NumberTotalRuns",12,"ErrorBound",1e-05,"CurrentTime",1540674234,"CurrentTimeLocal","Sat Oct 27 14:03:54 2018","Hostname","nid01889","gearshifft","0.3.0"
; "Time_ContextCreate [ms]", 7e-05
; "Time_ContextDestroy [ms]", 2.1e-05
Fftw_mkl_gnuwrapper, RunsPerBenchmark=12
----------------------------------------------------------------------
Inplace, Real, float, Dim=1, Kind=powerof2 (2), Ext=4
----------------------------------------------------------------------
        Time_Allocation [ms]:         0.000158 [avg]
       Time_PlanInitFwd [ms]:        0.0016212 [avg]
       Time_PlanInitInv [ms]:        0.0006586 [avg]
            Time_Upload [ms]:         4.78e-05 [avg]
               Time_FFT [ms]:          8.8e-05 [avg]
              Time_iFFT [ms]:        0.0001359 [avg]
          Time_Download [ms]:         2.16e-05 [avg]
       Time_PlanDestroy [ms]:           0.0008 [avg]
             Time_Total [ms]:        0.0037027 [avg]
   Size_DeviceBuffer [bytes]:               24 [avg]
     Size_DevicePlan [bytes]:                0 [avg]
 Size_DeviceTransfer [bytes]:               16 [avg]
     Error_StandardDeviation:                0 [avg]
            Error_Mismatches:                0 [avg]
----------------------------------------------------------------------
Inplace, Real, float, Dim=1, Kind=powerof2 (2), Ext=8
----------------------------------------------------------------------
        Time_Allocation [ms]:         0.000168 [avg]
       Time_PlanInitFwd [ms]:        0.0015916 [avg]
       Time_PlanInitInv [ms]:        0.0006557 [avg]
            Time_Upload [ms]:         4.85e-05 [avg]
               Time_FFT [ms]:         9.67e-05 [avg]
              Time_iFFT [ms]:        0.0001478 [avg]
          Time_Download [ms]:         2.19e-05 [avg]
       Time_PlanDestroy [ms]:        0.0007971 [avg]
             Time_Total [ms]:        0.0037004 [avg]
   Size_DeviceBuffer [bytes]:               40 [avg]
     Size_DevicePlan [bytes]:                0 [avg]
 Size_DeviceTransfer [bytes]:               32 [avg]
     Error_StandardDeviation:                0 [avg]
            Error_Mismatches:                0 [avg]
----------------------------------------------------------------------
Inplace, Real, float, Dim=1, Kind=powerof2 (2), Ext=16
----------------------------------------------------------------------
        Time_Allocation [ms]:        0.0001897 [avg]
       Time_PlanInitFwd [ms]:        0.0016789 [avg]
       Time_PlanInitInv [ms]:        0.0007058 [avg]
            Time_Upload [ms]:         5.43e-05 [avg]
               Time_FFT [ms]:        0.0001134 [avg]
              Time_iFFT [ms]:        0.0001704 [avg]
          Time_Download [ms]:         2.54e-05 [avg]
       Time_PlanDestroy [ms]:        0.0008464 [avg]
             Time_Total [ms]:        0.0039678 [avg]
   Size_DeviceBuffer [bytes]:               72 [avg]
     Size_DevicePlan [bytes]:                0 [avg]
 Size_DeviceTransfer [bytes]:               64 [avg]
     Error_StandardDeviation:                0 [avg]
            Error_Mismatches:                0 [avg]
----------------------------------------------------------------------
Inplace, Real, float, Dim=1, Kind=powerof2 (2), Ext=32
----------------------------------------------------------------------
        Time_Allocation [ms]:        0.0002561 [avg]
       Time_PlanInitFwd [ms]:        0.0022149 [avg]
       Time_PlanInitInv [ms]:        0.0009029 [avg]
            Time_Upload [ms]:         5.44e-05 [avg]
               Time_FFT [ms]:        0.0002662 [avg]
              Time_iFFT [ms]:        0.0002555 [avg]
          Time_Download [ms]:          2.5e-05 [avg]
       Time_PlanDestroy [ms]:        0.0009871 [avg]
             Time_Total [ms]:        0.0051511 [avg]
   Size_DeviceBuffer [bytes]:              136 [avg]
     Size_DevicePlan [bytes]:                0 [avg]
 Size_DeviceTransfer [bytes]:              128 [avg]
     Error_StandardDeviation:                0 [avg]
            Error_Mismatches:                0 [avg]
----------------------------------------------------------------------
Inplace, Real, float, Dim=1, Kind=powerof2 (2), Ext=64
----------------------------------------------------------------------
        Time_Allocation [ms]:        0.0002048 [avg]
       Time_PlanInitFwd [ms]:         0.002066 [avg]
       Time_PlanInitInv [ms]:        0.0008481 [avg]
            Time_Upload [ms]:         6.01e-05 [avg]
               Time_FFT [ms]:        0.0002104 [avg]
              Time_iFFT [ms]:        0.0002877 [avg]
          Time_Download [ms]:         2.42e-05 [avg]
       Time_PlanDestroy [ms]:        0.0009607 [avg]
             Time_Total [ms]:        0.0048544 [avg]
   Size_DeviceBuffer [bytes]:              264 [avg]
     Size_DevicePlan [bytes]:                0 [avg]
 Size_DeviceTransfer [bytes]:              256 [avg]
     Error_StandardDeviation:                0 [avg]
            Error_Mismatches:                0 [avg]
----------------------------------------------------------------------
Inplace, Real, float, Dim=1, Kind=powerof2 (2), Ext=128
----------------------------------------------------------------------
        Time_Allocation [ms]:        0.0001979 [avg]
       Time_PlanInitFwd [ms]:        0.0020284 [avg]
       Time_PlanInitInv [ms]:        0.0009931 [avg]
            Time_Upload [ms]:         6.32e-05 [avg]
               Time_FFT [ms]:        0.0003086 [avg]
              Time_iFFT [ms]:        0.0003185 [avg]
          Time_Download [ms]:            4e-05 [avg]
       Time_PlanDestroy [ms]:        0.0009788 [avg]
             Time_Total [ms]:        0.0051149 [avg]
   Size_DeviceBuffer [bytes]:              520 [avg]
     Size_DevicePlan [bytes]:                0 [avg]
 Size_DeviceTransfer [bytes]:              512 [avg]
     Error_StandardDeviation:                0 [avg]
            Error_Mismatches:                0 [avg]
----------------------------------------------------------------------
Inplace, Real, float, Dim=1, Kind=powerof2 (2), Ext=256
----------------------------------------------------------------------
        Time_Allocation [ms]:        0.0002402 [avg]
       Time_PlanInitFwd [ms]:        0.0033283 [avg]
       Time_PlanInitInv [ms]:        0.0018392 [avg]
            Time_Upload [ms]:         8.61e-05 [avg]
               Time_FFT [ms]:        0.0005313 [avg]
              Time_iFFT [ms]:        0.0005991 [avg]
          Time_Download [ms]:         3.91e-05 [avg]
       Time_PlanDestroy [ms]:        0.0012056 [avg]
             Time_Total [ms]:        0.0080929 [avg]
   Size_DeviceBuffer [bytes]:             1032 [avg]
     Size_DevicePlan [bytes]:                0 [avg]
 Size_DeviceTransfer [bytes]:             1024 [avg]
     Error_StandardDeviation:                0 [avg]
            Error_Mismatches:                0 [avg]
----------------------------------------------------------------------
Inplace, Real, float, Dim=1, Kind=powerof2 (2), Ext=512
----------------------------------------------------------------------
        Time_Allocation [ms]:        0.0002016 [avg]
       Time_PlanInitFwd [ms]:        0.0035191 [avg]
       Time_PlanInitInv [ms]:        0.0020642 [avg]
            Time_Upload [ms]:        0.0001495 [avg]
               Time_FFT [ms]:        0.0007315 [avg]
              Time_iFFT [ms]:        0.0007297 [avg]
          Time_Download [ms]:         5.44e-05 [avg]
       Time_PlanDestroy [ms]:        0.0010339 [avg]
             Time_Total [ms]:         0.008685 [avg]
   Size_DeviceBuffer [bytes]:             2056 [avg]
     Size_DevicePlan [bytes]:                0 [avg]
 Size_DeviceTransfer [bytes]:             2048 [avg]
     Error_StandardDeviation:                0 [avg]
            Error_Mismatches:                0 [avg]
----------------------------------------------------------------------
Inplace, Real, float, Dim=1, Kind=powerof2 (2), Ext=1024
----------------------------------------------------------------------
        Time_Allocation [ms]:        0.0002037 [avg]
       Time_PlanInitFwd [ms]:        0.0050655 [avg]
       Time_PlanInitInv [ms]:        0.0034365 [avg]
            Time_Upload [ms]:        0.0002866 [avg]
               Time_FFT [ms]:        0.0013386 [avg]
              Time_iFFT [ms]:         0.001313 [avg]
          Time_Download [ms]:         7.94e-05 [avg]
       Time_PlanDestroy [ms]:        0.0011088 [avg]
             Time_Total [ms]:        0.0130384 [avg]
   Size_DeviceBuffer [bytes]:             4104 [avg]
     Size_DevicePlan [bytes]:                0 [avg]
 Size_DeviceTransfer [bytes]:             4096 [avg]
     Error_StandardDeviation:                0 [avg]
            Error_Mismatches:                0 [avg]
----------------------------------------------------------------------
Inplace, Real, float, Dim=1, Kind=powerof2 (2), Ext=2048
----------------------------------------------------------------------
        Time_Allocation [ms]:        0.0001854 [avg]
       Time_PlanInitFwd [ms]:        0.0149331 [avg]
       Time_PlanInitInv [ms]:        0.0128031 [avg]
            Time_Upload [ms]:        0.0006003 [avg]
               Time_FFT [ms]:         0.002419 [avg]
              Time_iFFT [ms]:        0.0022376 [avg]
          Time_Download [ms]:        0.0001578 [avg]
       Time_PlanDestroy [ms]:        0.0010715 [avg]
             Time_Total [ms]:        0.0345975 [avg]
   Size_DeviceBuffer [bytes]:             8200 [avg]
     Size_DevicePlan [bytes]:                0 [avg]
 Size_DeviceTransfer [bytes]:             8192 [avg]
     Error_StandardDeviation:                0 [avg]
            Error_Mismatches:                0 [avg]
----------------------------------------------------------------------
Inplace, Real, float, Dim=1, Kind=powerof2 (2), Ext=4096
----------------------------------------------------------------------
        Time_Allocation [ms]:        0.0002272 [avg]
       Time_PlanInitFwd [ms]:        0.0260942 [avg]
       Time_PlanInitInv [ms]:          0.02411 [avg]
            Time_Upload [ms]:        0.0011392 [avg]
               Time_FFT [ms]:        0.0053623 [avg]
              Time_iFFT [ms]:        0.0048712 [avg]
          Time_Download [ms]:        0.0005713 [avg]
       Time_PlanDestroy [ms]:        0.0011478 [avg]
             Time_Total [ms]:        0.0637294 [avg]
   Size_DeviceBuffer [bytes]:            16392 [avg]
     Size_DevicePlan [bytes]:                0 [avg]
 Size_DeviceTransfer [bytes]:            16384 [avg]
     Error_StandardDeviation:                0 [avg]
            Error_Mismatches:                0 [avg]
----------------------------------------------------------------------
Inplace, Real, float, Dim=1, Kind=powerof2 (2), Ext=8192
----------------------------------------------------------------------
        Time_Allocation [ms]:        0.0002438 [avg]
       Time_PlanInitFwd [ms]:        0.0526393 [avg]
       Time_PlanInitInv [ms]:        0.0475505 [avg]
            Time_Upload [ms]:         0.002547 [avg]
               Time_FFT [ms]:        0.0120268 [avg]
              Time_iFFT [ms]:        0.0105765 [avg]
          Time_Download [ms]:        0.0013347 [avg]
       Time_PlanDestroy [ms]:        0.0012522 [avg]
             Time_Total [ms]:         0.128384 [avg]
   Size_DeviceBuffer [bytes]:            32776 [avg]
     Size_DevicePlan [bytes]:                0 [avg]
 Size_DeviceTransfer [bytes]:            32768 [avg]
     Error_StandardDeviation:                0 [avg]
            Error_Mismatches:                0 [avg]
----------------------------------------------------------------------
Inplace, Real, float, Dim=1, Kind=powerof2 (2), Ext=16384
----------------------------------------------------------------------
        Time_Allocation [ms]:        0.0003221 [avg]
       Time_PlanInitFwd [ms]:        0.0263764 [avg]
       Time_PlanInitInv [ms]:        0.0244141 [avg]
            Time_Upload [ms]:        0.0057309 [avg]
               Time_FFT [ms]:        0.0304378 [avg]
              Time_iFFT [ms]:        0.0367075 [avg]
          Time_Download [ms]:        0.0051796 [avg]
       Time_PlanDestroy [ms]:        0.0057849 [avg]
             Time_Total [ms]:         0.135354 [avg]
   Size_DeviceBuffer [bytes]:            65544 [avg]
     Size_DevicePlan [bytes]:                0 [avg]
 Size_DeviceTransfer [bytes]:            65536 [avg]
     Error_StandardDeviation:                0 [avg]
            Error_Mismatches:                0 [avg]
----------------------------------------------------------------------
Inplace, Real, float, Dim=1, Kind=powerof2 (2), Ext=32768
----------------------------------------------------------------------
        Time_Allocation [ms]:        0.0003622 [avg]
       Time_PlanInitFwd [ms]:         0.107366 [avg]
       Time_PlanInitInv [ms]:         0.113769 [avg]
            Time_Upload [ms]:        0.0143521 [avg]
               Time_FFT [ms]:         0.042378 [avg]
              Time_iFFT [ms]:        0.0539266 [avg]
          Time_Download [ms]:        0.0131149 [avg]
       Time_PlanDestroy [ms]:        0.0424497 [avg]
             Time_Total [ms]:         0.388047 [avg]
   Size_DeviceBuffer [bytes]:           131080 [avg]
     Size_DevicePlan [bytes]:                0 [avg]
 Size_DeviceTransfer [bytes]:           131072 [avg]
     Error_StandardDeviation:                0 [avg]
            Error_Mismatches:                0 [avg]
----------------------------------------------------------------------
Inplace, Real, float, Dim=1, Kind=powerof2 (2), Ext=65536
----------------------------------------------------------------------
        Time_Allocation [ms]:        0.0045252 [avg]
       Time_PlanInitFwd [ms]:         0.131669 [avg]
       Time_PlanInitInv [ms]:         0.127679 [avg]
            Time_Upload [ms]:         0.100038 [avg]
               Time_FFT [ms]:        0.0420466 [avg]
              Time_iFFT [ms]:        0.0444085 [avg]
          Time_Download [ms]:        0.0277368 [avg]
       Time_PlanDestroy [ms]:        0.0651742 [avg]
             Time_Total [ms]:         0.543636 [avg]
   Size_DeviceBuffer [bytes]:           262152 [avg]
     Size_DevicePlan [bytes]:                0 [avg]
 Size_DeviceTransfer [bytes]:           262144 [avg]
     Error_StandardDeviation:                0 [avg]
            Error_Mismatches:                0 [avg]
----------------------------------------------------------------------
Inplace, Real, float, Dim=1, Kind=powerof2 (2), Ext=131072
----------------------------------------------------------------------
        Time_Allocation [ms]:        0.0046033 [avg]
       Time_PlanInitFwd [ms]:         0.220513 [avg]
       Time_PlanInitInv [ms]:         0.198993 [avg]
            Time_Upload [ms]:         0.279217 [avg]
               Time_FFT [ms]:        0.0836712 [avg]
              Time_iFFT [ms]:        0.0881587 [avg]
          Time_Download [ms]:        0.0562708 [avg]
       Time_PlanDestroy [ms]:         0.133961 [avg]
             Time_Total [ms]:          1.06577 [avg]
   Size_DeviceBuffer [bytes]:           524296 [avg]
     Size_DevicePlan [bytes]:                0 [avg]
 Size_DeviceTransfer [bytes]:           524288 [avg]
     Error_StandardDeviation:                0 [avg]
            Error_Mismatches:                0 [avg]
----------------------------------------------------------------------
Inplace, Real, float, Dim=1, Kind=powerof2 (2), Ext=262144
----------------------------------------------------------------------
        Time_Allocation [ms]:         0.004663 [avg]
       Time_PlanInitFwd [ms]:         0.359289 [avg]
       Time_PlanInitInv [ms]:         0.346569 [avg]
            Time_Upload [ms]:         0.613541 [avg]
               Time_FFT [ms]:         0.127387 [avg]
              Time_iFFT [ms]:         0.119434 [avg]
          Time_Download [ms]:         0.107786 [avg]
       Time_PlanDestroy [ms]:         0.254209 [avg]
             Time_Total [ms]:          1.93329 [avg]
   Size_DeviceBuffer [bytes]:      1.04858e+06 [avg]
     Size_DevicePlan [bytes]:                0 [avg]
 Size_DeviceTransfer [bytes]:      1.04858e+06 [avg]
     Error_StandardDeviation:                0 [avg]
            Error_Mismatches:                0 [avg]
----------------------------------------------------------------------
Inplace, Real, float, Dim=1, Kind=powerof2 (2), Ext=524288
----------------------------------------------------------------------
        Time_Allocation [ms]:        0.0055531 [avg]
       Time_PlanInitFwd [ms]:         0.687653 [avg]
       Time_PlanInitInv [ms]:          0.64092 [avg]
            Time_Upload [ms]:          1.32766 [avg]
               Time_FFT [ms]:           0.3317 [avg]
              Time_iFFT [ms]:         0.306137 [avg]
          Time_Download [ms]:          0.21271 [avg]
       Time_PlanDestroy [ms]:         0.555733 [avg]
             Time_Total [ms]:          4.06859 [avg]
   Size_DeviceBuffer [bytes]:      2.09716e+06 [avg]
     Size_DevicePlan [bytes]:                0 [avg]
 Size_DeviceTransfer [bytes]:      2.09715e+06 [avg]
     Error_StandardDeviation:                0 [avg]
            Error_Mismatches:                0 [avg]
----------------------------------------------------------------------
Inplace, Real, float, Dim=1, Kind=powerof2 (2), Ext=1048576
----------------------------------------------------------------------
        Time_Allocation [ms]:        0.0055934 [avg]
       Time_PlanInitFwd [ms]:          1.31972 [avg]
       Time_PlanInitInv [ms]:          1.26773 [avg]
            Time_Upload [ms]:           2.5957 [avg]
               Time_FFT [ms]:         0.506394 [avg]
              Time_iFFT [ms]:         0.443481 [avg]
          Time_Download [ms]:         0.423473 [avg]
       Time_PlanDestroy [ms]:          1.13031 [avg]
             Time_Total [ms]:          7.69291 [avg]
   Size_DeviceBuffer [bytes]:      4.19431e+06 [avg]
     Size_DevicePlan [bytes]:                0 [avg]
 Size_DeviceTransfer [bytes]:       4.1943e+06 [avg]
     Error_StandardDeviation:                0 [avg]
            Error_Mismatches:                0 [avg]
----------------------------------------------------------------------
Inplace, Real, float, Dim=1, Kind=powerof2 (2), Ext=2097152
----------------------------------------------------------------------
        Time_Allocation [ms]:        0.0059764 [avg]
       Time_PlanInitFwd [ms]:          2.56153 [avg]
       Time_PlanInitInv [ms]:          2.51762 [avg]
            Time_Upload [ms]:          6.18616 [avg]
               Time_FFT [ms]:          1.10297 [avg]
              Time_iFFT [ms]:         0.910733 [avg]
          Time_Download [ms]:          1.06044 [avg]
       Time_PlanDestroy [ms]:          2.17875 [avg]
             Time_Total [ms]:          16.5249 [avg]
   Size_DeviceBuffer [bytes]:      8.38862e+06 [avg]
     Size_DevicePlan [bytes]:                0 [avg]
 Size_DeviceTransfer [bytes]:      8.38861e+06 [avg]
     Error_StandardDeviation:                0 [avg]
            Error_Mismatches:                0 [avg]
----------------------------------------------------------------------
Inplace, Real, float, Dim=1, Kind=powerof2 (2), Ext=4194304
----------------------------------------------------------------------
        Time_Allocation [ms]:        0.0066351 [avg]
       Time_PlanInitFwd [ms]:          5.08856 [avg]
       Time_PlanInitInv [ms]:          5.07315 [avg]
            Time_Upload [ms]:          13.9097 [avg]
               Time_FFT [ms]:           2.8557 [avg]
              Time_iFFT [ms]:          2.48955 [avg]
          Time_Download [ms]:          1.84957 [avg]
       Time_PlanDestroy [ms]:          4.38534 [avg]
             Time_Total [ms]:           35.659 [avg]
   Size_DeviceBuffer [bytes]:      1.67772e+07 [avg]
     Size_DevicePlan [bytes]:                0 [avg]
 Size_DeviceTransfer [bytes]:      1.67772e+07 [avg]
     Error_StandardDeviation:                0 [avg]
            Error_Mismatches:                0 [avg]
----------------------------------------------------------------------
Inplace, Real, float, Dim=1, Kind=powerof2 (2), Ext=8388608
----------------------------------------------------------------------
        Time_Allocation [ms]:        0.0086197 [avg]
       Time_PlanInitFwd [ms]:          10.0213 [avg]
       Time_PlanInitInv [ms]:          9.92362 [avg]
            Time_Upload [ms]:          27.4378 [avg]
               Time_FFT [ms]:          5.41815 [avg]
              Time_iFFT [ms]:          6.05164 [avg]
          Time_Download [ms]:          3.60591 [avg]
       Time_PlanDestroy [ms]:          8.69907 [avg]
             Time_Total [ms]:          71.1672 [avg]
   Size_DeviceBuffer [bytes]:      3.35544e+07 [avg]
     Size_DevicePlan [bytes]:                0 [avg]
 Size_DeviceTransfer [bytes]:      3.35544e+07 [avg]
     Error_StandardDeviation:                0 [avg]
            Error_Mismatches:                0 [avg]
----------------------------------------------------------------------
Inplace, Real, float, Dim=1, Kind=radix357 (3), Ext=9
----------------------------------------------------------------------
        Time_Allocation [ms]:        0.0002495 [avg]
       Time_PlanInitFwd [ms]:        0.0020206 [avg]
       Time_PlanInitInv [ms]:        0.0009511 [avg]
            Time_Upload [ms]:         5.83e-05 [avg]
               Time_FFT [ms]:          0.00017 [avg]
              Time_iFFT [ms]:        0.0001958 [avg]
          Time_Download [ms]:         3.29e-05 [avg]
       Time_PlanDestroy [ms]:        0.0012842 [avg]
             Time_Total [ms]:         0.005206 [avg]
   Size_DeviceBuffer [bytes]:               40 [avg]
     Size_DevicePlan [bytes]:                0 [avg]
 Size_DeviceTransfer [bytes]:               36 [avg]
     Error_StandardDeviation:      2.80979e-08 [avg]
            Error_Mismatches:                0 [avg]
----------------------------------------------------------------------
Inplace, Real, float, Dim=1, Kind=radix357 (3), Ext=27
----------------------------------------------------------------------
        Time_Allocation [ms]:        0.0003173 [avg]
       Time_PlanInitFwd [ms]:          0.00374 [avg]
       Time_PlanInitInv [ms]:        0.0024207 [avg]
            Time_Upload [ms]:         6.38e-05 [avg]
               Time_FFT [ms]:        0.0004379 [avg]
              Time_iFFT [ms]:        0.0004503 [avg]
          Time_Download [ms]:         3.35e-05 [avg]
       Time_PlanDestroy [ms]:        0.0015212 [avg]
             Time_Total [ms]:        0.0092293 [avg]
   Size_DeviceBuffer [bytes]:              112 [avg]
     Size_DevicePlan [bytes]:                0 [avg]
 Size_DeviceTransfer [bytes]:              108 [avg]
     Error_StandardDeviation:      2.88224e-08 [avg]
            Error_Mismatches:                0 [avg]
----------------------------------------------------------------------
Inplace, Real, float, Dim=1, Kind=radix357 (3), Ext=81
----------------------------------------------------------------------
        Time_Allocation [ms]:        0.0003254 [avg]
       Time_PlanInitFwd [ms]:        0.0053675 [avg]
       Time_PlanInitInv [ms]:        0.0037591 [avg]
            Time_Upload [ms]:         6.77e-05 [avg]
               Time_FFT [ms]:        0.0007853 [avg]
              Time_iFFT [ms]:        0.0007641 [avg]
          Time_Download [ms]:          3.9e-05 [avg]
       Time_PlanDestroy [ms]:        0.0016286 [avg]
             Time_Total [ms]:        0.0129849 [avg]
   Size_DeviceBuffer [bytes]:              328 [avg]
     Size_DevicePlan [bytes]:                0 [avg]
 Size_DeviceTransfer [bytes]:              324 [avg]
     Error_StandardDeviation:      3.70453e-08 [avg]
            Error_Mismatches:                0 [avg]
----------------------------------------------------------------------
Inplace, Real, float, Dim=1, Kind=radix357 (3), Ext=243
----------------------------------------------------------------------
        Time_Allocation [ms]:        0.0003055 [avg]
       Time_PlanInitFwd [ms]:        0.0100246 [avg]
       Time_PlanInitInv [ms]:        0.0082025 [avg]
            Time_Upload [ms]:         9.78e-05 [avg]
               Time_FFT [ms]:        0.0016826 [avg]
              Time_iFFT [ms]:        0.0017177 [avg]
          Time_Download [ms]:         5.19e-05 [avg]
       Time_PlanDestroy [ms]:        0.0017569 [avg]
             Time_Total [ms]:        0.0241001 [avg]
   Size_DeviceBuffer [bytes]:              976 [avg]
     Size_DevicePlan [bytes]:                0 [avg]
 Size_DeviceTransfer [bytes]:              972 [avg]
     Error_StandardDeviation:      3.81029e-08 [avg]
            Error_Mismatches:                0 [avg]
----------------------------------------------------------------------
Inplace, Real, float, Dim=1, Kind=radix357 (3), Ext=729
----------------------------------------------------------------------
        Time_Allocation [ms]:        0.0002984 [avg]
       Time_PlanInitFwd [ms]:        0.0237667 [avg]
       Time_PlanInitInv [ms]:        0.0219611 [avg]
            Time_Upload [ms]:        0.0002341 [avg]
               Time_FFT [ms]:         0.004689 [avg]
              Time_iFFT [ms]:        0.0048482 [avg]
          Time_Download [ms]:        0.0001091 [avg]
       Time_PlanDestroy [ms]:        0.0019318 [avg]
             Time_Total [ms]:        0.0580918 [avg]
   Size_DeviceBuffer [bytes]:             2920 [avg]
     Size_DevicePlan [bytes]:                0 [avg]
 Size_DeviceTransfer [bytes]:             2916 [avg]
     Error_StandardDeviation:       6.4528e-08 [avg]
            Error_Mismatches:                0 [avg]
----------------------------------------------------------------------
Inplace, Real, float, Dim=1, Kind=radix357 (3), Ext=2187
----------------------------------------------------------------------
        Time_Allocation [ms]:        0.0003071 [avg]
       Time_PlanInitFwd [ms]:        0.0678989 [avg]
       Time_PlanInitInv [ms]:        0.0653516 [avg]
            Time_Upload [ms]:        0.0007644 [avg]
               Time_FFT [ms]:        0.0148111 [avg]
              Time_iFFT [ms]:        0.0150346 [avg]
          Time_Download [ms]:        0.0002973 [avg]
       Time_PlanDestroy [ms]:        0.0030702 [avg]
             Time_Total [ms]:         0.167801 [avg]
   Size_DeviceBuffer [bytes]:             8752 [avg]
     Size_DevicePlan [bytes]:                0 [avg]
 Size_DeviceTransfer [bytes]:             8748 [avg]
     Error_StandardDeviation:      5.54567e-08 [avg]
            Error_Mismatches:                0 [avg]
----------------------------------------------------------------------
Inplace, Real, float, Dim=1, Kind=radix357 (3), Ext=6561
----------------------------------------------------------------------
        Time_Allocation [ms]:        0.0003362 [avg]
       Time_PlanInitFwd [ms]:         0.207941 [avg]
       Time_PlanInitInv [ms]:         0.202594 [avg]
            Time_Upload [ms]:        0.0021999 [avg]
               Time_FFT [ms]:        0.0487521 [avg]
              Time_iFFT [ms]:        0.0503218 [avg]
          Time_Download [ms]:        0.0015472 [avg]
       Time_PlanDestroy [ms]:        0.0025132 [avg]
             Time_Total [ms]:           0.5165 [avg]
   Size_DeviceBuffer [bytes]:            26248 [avg]
     Size_DevicePlan [bytes]:                0 [avg]
 Size_DeviceTransfer [bytes]:            26244 [avg]
     Error_StandardDeviation:      6.31685e-08 [avg]
            Error_Mismatches:                0 [avg]
----------------------------------------------------------------------
Inplace, Real, float, Dim=1, Kind=radix357 (3), Ext=19683
----------------------------------------------------------------------
        Time_Allocation [ms]:        0.0003197 [avg]
       Time_PlanInitFwd [ms]:         0.632027 [avg]
       Time_PlanInitInv [ms]:          0.62895 [avg]
            Time_Upload [ms]:        0.0077626 [avg]
               Time_FFT [ms]:          0.15993 [avg]
              Time_iFFT [ms]:          0.17329 [avg]
          Time_Download [ms]:         0.004846 [avg]
       Time_PlanDestroy [ms]:        0.0031739 [avg]
             Time_Total [ms]:          1.61065 [avg]
   Size_DeviceBuffer [bytes]:            78736 [avg]
     Size_DevicePlan [bytes]:                0 [avg]
 Size_DeviceTransfer [bytes]:            78732 [avg]
     Error_StandardDeviation:      6.25437e-08 [avg]
            Error_Mismatches:                0 [avg]
----------------------------------------------------------------------
Inplace, Real, float, Dim=1, Kind=radix357 (3), Ext=59049
----------------------------------------------------------------------
        Time_Allocation [ms]:        0.0002933 [avg]
       Time_PlanInitFwd [ms]:          1.82602 [avg]
       Time_PlanInitInv [ms]:            1.856 [avg]
            Time_Upload [ms]:        0.0314499 [avg]
               Time_FFT [ms]:         0.569943 [avg]
              Time_iFFT [ms]:         0.606742 [avg]
          Time_Download [ms]:         0.016852 [avg]
       Time_PlanDestroy [ms]:        0.0037113 [avg]
             Time_Total [ms]:          4.91143 [avg]
   Size_DeviceBuffer [bytes]:           236200 [avg]
     Size_DevicePlan [bytes]:                0 [avg]
 Size_DeviceTransfer [bytes]:           236196 [avg]
     Error_StandardDeviation:      7.73629e-08 [avg]
            Error_Mismatches:                0 [avg]
----------------------------------------------------------------------
Inplace, Real, float, Dim=1, Kind=radix357 (3), Ext=177147
----------------------------------------------------------------------
        Time_Allocation [ms]:        0.0002957 [avg]
       Time_PlanInitFwd [ms]:           4.4525 [avg]
       Time_PlanInitInv [ms]:          4.46086 [avg]
            Time_Upload [ms]:        0.0667463 [avg]
               Time_FFT [ms]:          1.68607 [avg]
              Time_iFFT [ms]:          1.70702 [avg]
          Time_Download [ms]:        0.0564331 [avg]
       Time_PlanDestroy [ms]:        0.0036253 [avg]
             Time_Total [ms]:           12.434 [avg]
   Size_DeviceBuffer [bytes]:           708592 [avg]
     Size_DevicePlan [bytes]:                0 [avg]
 Size_DeviceTransfer [bytes]:           708588 [avg]
     Error_StandardDeviation:      7.41999e-08 [avg]
            Error_Mismatches:                0 [avg]
----------------------------------------------------------------------
Inplace, Real, float, Dim=1, Kind=radix357 (3), Ext=531441
----------------------------------------------------------------------
        Time_Allocation [ms]:        0.0004483 [avg]
       Time_PlanInitFwd [ms]:          12.1113 [avg]
       Time_PlanInitInv [ms]:          12.1174 [avg]
            Time_Upload [ms]:         0.182034 [avg]
               Time_FFT [ms]:          5.02901 [avg]
              Time_iFFT [ms]:          5.20723 [avg]
          Time_Download [ms]:         0.159615 [avg]
       Time_PlanDestroy [ms]:        0.0045665 [avg]
             Time_Total [ms]:          34.8121 [avg]
   Size_DeviceBuffer [bytes]:      2.12577e+06 [avg]
     Size_DevicePlan [bytes]:                0 [avg]
 Size_DeviceTransfer [bytes]:      2.12576e+06 [avg]
     Error_StandardDeviation:      8.69978e-08 [avg]
            Error_Mismatches:                0 [avg]
----------------------------------------------------------------------
Inplace, Real, float, Dim=1, Kind=radix357 (3), Ext=1594323
----------------------------------------------------------------------
        Time_Allocation [ms]:         0.004699 [avg]
       Time_PlanInitFwd [ms]:          48.6428 [avg]
       Time_PlanInitInv [ms]:          42.6541 [avg]
            Time_Upload [ms]:          4.62339 [avg]
               Time_FFT [ms]:          23.2015 [avg]
              Time_iFFT [ms]:          21.7879 [avg]
          Time_Download [ms]:         0.620277 [avg]
       Time_PlanDestroy [ms]:          2.95644 [avg]
             Time_Total [ms]:          144.492 [avg]
   Size_DeviceBuffer [bytes]:       6.3773e+06 [avg]
     Size_DevicePlan [bytes]:                0 [avg]
 Size_DeviceTransfer [bytes]:      6.37729e+06 [avg]
     Error_StandardDeviation:      8.54787e-08 [avg]
            Error_Mismatches:                0 [avg]
----------------------------------------------------------------------
Inplace, Real, float, Dim=1, Kind=radix357 (3), Ext=4782969
----------------------------------------------------------------------
        Time_Allocation [ms]:        0.0059045 [avg]
       Time_PlanInitFwd [ms]:          150.868 [avg]
       Time_PlanInitInv [ms]:          148.064 [avg]
            Time_Upload [ms]:          11.3614 [avg]
               Time_FFT [ms]:          91.8377 [avg]
              Time_iFFT [ms]:          92.7208 [avg]
          Time_Download [ms]:          1.43662 [avg]
       Time_PlanDestroy [ms]:          6.24397 [avg]
             Time_Total [ms]:           502.54 [avg]
   Size_DeviceBuffer [bytes]:      1.91319e+07 [avg]
     Size_DevicePlan [bytes]:                0 [avg]
 Size_DeviceTransfer [bytes]:      1.91319e+07 [avg]
     Error_StandardDeviation:      1.07735e-07 [avg]
            Error_Mismatches:                0 [avg]
----------------------------------------------------------------------
Inplace, Real, float, Dim=1, Kind=radix357 (3), Ext=25
----------------------------------------------------------------------
        Time_Allocation [ms]:        0.0002517 [avg]
       Time_PlanInitFwd [ms]:        0.0029562 [avg]
       Time_PlanInitInv [ms]:        0.0016019 [avg]
            Time_Upload [ms]:         3.77e-05 [avg]
               Time_FFT [ms]:        0.0003181 [avg]
              Time_iFFT [ms]:        0.0003143 [avg]
          Time_Download [ms]:         2.66e-05 [avg]
       Time_PlanDestroy [ms]:        0.0011034 [avg]
             Time_Total [ms]:        0.0067989 [avg]
   Size_DeviceBuffer [bytes]:              104 [avg]
     Size_DevicePlan [bytes]:                0 [avg]
 Size_DeviceTransfer [bytes]:              100 [avg]
     Error_StandardDeviation:      3.90429e-08 [avg]
            Error_Mismatches:                0 [avg]
----------------------------------------------------------------------
Inplace, Real, float, Dim=1, Kind=radix357 (3), Ext=125
----------------------------------------------------------------------
        Time_Allocation [ms]:        0.0002232 [avg]
       Time_PlanInitFwd [ms]:        0.0051699 [avg]
       Time_PlanInitInv [ms]:        0.0037626 [avg]
            Time_Upload [ms]:         5.76e-05 [avg]
               Time_FFT [ms]:        0.0006936 [avg]
              Time_iFFT [ms]:        0.0006894 [avg]
          Time_Download [ms]:         3.14e-05 [avg]
       Time_PlanDestroy [ms]:        0.0012081 [avg]
             Time_Total [ms]:        0.0120315 [avg]
   Size_DeviceBuffer [bytes]:              504 [avg]
     Size_DevicePlan [bytes]:                0 [avg]
 Size_DeviceTransfer [bytes]:              500 [avg]
     Error_StandardDeviation:      3.60285e-08 [avg]
            Error_Mismatches:                0 [avg]
----------------------------------------------------------------------
Inplace, Real, float, Dim=1, Kind=radix357 (3), Ext=625
----------------------------------------------------------------------
        Time_Allocation [ms]:        0.0002719 [avg]
       Time_PlanInitFwd [ms]:        0.0156434 [avg]
       Time_PlanInitInv [ms]:        0.0141712 [avg]
            Time_Upload [ms]:        0.0001884 [avg]
               Time_FFT [ms]:        0.0025215 [avg]
              Time_iFFT [ms]:        0.0025555 [avg]
          Time_Download [ms]:         7.96e-05 [avg]
       Time_PlanDestroy [ms]:        0.0013531 [avg]
             Time_Total [ms]:        0.0369727 [avg]
   Size_DeviceBuffer [bytes]:             2504 [avg]
     Size_DevicePlan [bytes]:                0 [avg]
 Size_DeviceTransfer [bytes]:             2500 [avg]
     Error_StandardDeviation:      5.46298e-08 [avg]
            Error_Mismatches:                0 [avg]
----------------------------------------------------------------------
Inplace, Real, float, Dim=1, Kind=radix357 (3), Ext=3125
----------------------------------------------------------------------
        Time_Allocation [ms]:        0.0002559 [avg]
       Time_PlanInitFwd [ms]:        0.0718393 [avg]
       Time_PlanInitInv [ms]:        0.0699826 [avg]
            Time_Upload [ms]:        0.0007473 [avg]
               Time_FFT [ms]:        0.0130104 [avg]
              Time_iFFT [ms]:        0.0141885 [avg]
          Time_Download [ms]:         0.000304 [avg]
       Time_PlanDestroy [ms]:        0.0015837 [avg]
             Time_Total [ms]:         0.172144 [avg]
   Size_DeviceBuffer [bytes]:            12504 [avg]
     Size_DevicePlan [bytes]:                0 [avg]
 Size_DeviceTransfer [bytes]:            12500 [avg]
     Error_StandardDeviation:      6.76075e-08 [avg]
            Error_Mismatches:                0 [avg]
----------------------------------------------------------------------
Inplace, Real, float, Dim=1, Kind=radix357 (3), Ext=15625
----------------------------------------------------------------------
        Time_Allocation [ms]:        0.0002749 [avg]
       Time_PlanInitFwd [ms]:          0.37023 [avg]
       Time_PlanInitInv [ms]:         0.369925 [avg]
            Time_Upload [ms]:        0.0051756 [avg]
               Time_FFT [ms]:        0.0806095 [avg]
              Time_iFFT [ms]:        0.0853818 [avg]
          Time_Download [ms]:        0.0030445 [avg]
       Time_PlanDestroy [ms]:        0.0020981 [avg]
             Time_Total [ms]:         0.917006 [avg]
   Size_DeviceBuffer [bytes]:            62504 [avg]
     Size_DevicePlan [bytes]:                0 [avg]
 Size_DeviceTransfer [bytes]:            62500 [avg]
     Error_StandardDeviation:      8.05489e-08 [avg]
            Error_Mismatches:                0 [avg]
----------------------------------------------------------------------
Inplace, Real, float, Dim=1, Kind=radix357 (3), Ext=78125
----------------------------------------------------------------------
        Time_Allocation [ms]:        0.0002619 [avg]
       Time_PlanInitFwd [ms]:          1.84285 [avg]
       Time_PlanInitInv [ms]:          1.85522 [avg]
            Time_Upload [ms]:        0.0324196 [avg]
               Time_FFT [ms]:          0.53288 [avg]
              Time_iFFT [ms]:         0.562387 [avg]
          Time_Download [ms]:        0.0214873 [avg]
       Time_PlanDestroy [ms]:        0.0026976 [avg]
             Time_Total [ms]:          4.85053 [avg]
   Size_DeviceBuffer [bytes]:           312504 [avg]
     Size_DevicePlan [bytes]:                0 [avg]
 Size_DeviceTransfer [bytes]:           312500 [avg]
     Error_StandardDeviation:      8.93453e-08 [avg]
            Error_Mismatches:                0 [avg]
----------------------------------------------------------------------
Inplace, Real, float, Dim=1, Kind=radix357 (3), Ext=390625
----------------------------------------------------------------------
        Time_Allocation [ms]:        0.0003767 [avg]
       Time_PlanInitFwd [ms]:          8.88101 [avg]
       Time_PlanInitInv [ms]:          8.89438 [avg]
            Time_Upload [ms]:         0.125067 [avg]
               Time_FFT [ms]:          3.06428 [avg]
              Time_iFFT [ms]:          3.14864 [avg]
          Time_Download [ms]:         0.120104 [avg]
       Time_PlanDestroy [ms]:        0.0032476 [avg]
             Time_Total [ms]:          24.2376 [avg]
   Size_DeviceBuffer [bytes]:       1.5625e+06 [avg]
     Size_DevicePlan [bytes]:                0 [avg]
 Size_DeviceTransfer [bytes]:       1.5625e+06 [avg]
     Error_StandardDeviation:      9.97229e-08 [avg]
            Error_Mismatches:                0 [avg]
----------------------------------------------------------------------
Inplace, Real, float, Dim=1, Kind=radix357 (3), Ext=1953125
----------------------------------------------------------------------
        Time_Allocation [ms]:        0.0050255 [avg]
       Time_PlanInitFwd [ms]:          59.6083 [avg]
       Time_PlanInitInv [ms]:          51.8214 [avg]
            Time_Upload [ms]:          5.62806 [avg]
               Time_FFT [ms]:          24.1093 [avg]
              Time_iFFT [ms]:          22.6441 [avg]
          Time_Download [ms]:         0.673309 [avg]
       Time_PlanDestroy [ms]:          3.58818 [avg]
             Time_Total [ms]:          168.079 [avg]
   Size_DeviceBuffer [bytes]:       7.8125e+06 [avg]
     Size_DevicePlan [bytes]:                0 [avg]
 Size_DeviceTransfer [bytes]:       7.8125e+06 [avg]
     Error_StandardDeviation:      1.05291e-07 [avg]
            Error_Mismatches:                0 [avg]
----------------------------------------------------------------------
Inplace, Real, float, Dim=1, Kind=radix357 (3), Ext=9765625
----------------------------------------------------------------------
        Time_Allocation [ms]:        0.0085188 [avg]
       Time_PlanInitFwd [ms]:          315.463 [avg]
       Time_PlanInitInv [ms]:          313.251 [avg]
            Time_Upload [ms]:          25.7472 [avg]
               Time_FFT [ms]:          199.385 [avg]
              Time_iFFT [ms]:          215.361 [avg]
          Time_Download [ms]:           3.2612 [avg]
       Time_PlanDestroy [ms]:          12.7004 [avg]
             Time_Total [ms]:          1085.18 [avg]
   Size_DeviceBuffer [bytes]:      3.90625e+07 [avg]
     Size_DevicePlan [bytes]:                0 [avg]
 Size_DeviceTransfer [bytes]:      3.90625e+07 [avg]
     Error_StandardDeviation:      1.32353e-07 [avg]
            Error_Mismatches:                0 [avg]
----------------------------------------------------------------------
Inplace, Real, float, Dim=1, Kind=radix357 (3), Ext=49
----------------------------------------------------------------------
        Time_Allocation [ms]:        0.0002511 [avg]
       Time_PlanInitFwd [ms]:        0.0036274 [avg]
       Time_PlanInitInv [ms]:        0.0022343 [avg]
            Time_Upload [ms]:         5.08e-05 [avg]
               Time_FFT [ms]:        0.0004794 [avg]
              Time_iFFT [ms]:        0.0004609 [avg]
          Time_Download [ms]:         2.75e-05 [avg]
       Time_PlanDestroy [ms]:        0.0011228 [avg]
             Time_Total [ms]:        0.0084324 [avg]
   Size_DeviceBuffer [bytes]:              200 [avg]
     Size_DevicePlan [bytes]:                0 [avg]
 Size_DeviceTransfer [bytes]:              196 [avg]
     Error_StandardDeviation:       3.7222e-08 [avg]
            Error_Mismatches:                0 [avg]
----------------------------------------------------------------------
Inplace, Real, float, Dim=1, Kind=radix357 (3), Ext=343
----------------------------------------------------------------------
        Time_Allocation [ms]:        0.0002523 [avg]
       Time_PlanInitFwd [ms]:        0.0098183 [avg]
       Time_PlanInitInv [ms]:        0.0081936 [avg]
            Time_Upload [ms]:        0.0001005 [avg]
               Time_FFT [ms]:        0.0015204 [avg]
              Time_iFFT [ms]:        0.0015398 [avg]
          Time_Download [ms]:         4.05e-05 [avg]
       Time_PlanDestroy [ms]:        0.0012327 [avg]
             Time_Total [ms]:         0.022878 [avg]
   Size_DeviceBuffer [bytes]:             1376 [avg]
     Size_DevicePlan [bytes]:                0 [avg]
 Size_DeviceTransfer [bytes]:             1372 [avg]
     Error_StandardDeviation:      5.16929e-08 [avg]
            Error_Mismatches:                0 [avg]
----------------------------------------------------------------------
Inplace, Real, float, Dim=1, Kind=radix357 (3), Ext=2401
----------------------------------------------------------------------
        Time_Allocation [ms]:        0.0002361 [avg]
       Time_PlanInitFwd [ms]:        0.0566434 [avg]
       Time_PlanInitInv [ms]:        0.0534439 [avg]
            Time_Upload [ms]:        0.0006052 [avg]
               Time_FFT [ms]:         0.009813 [avg]
              Time_iFFT [ms]:        0.0101923 [avg]
          Time_Download [ms]:        0.0002144 [avg]
       Time_PlanDestroy [ms]:         0.001495 [avg]
             Time_Total [ms]:         0.132839 [avg]
   Size_DeviceBuffer [bytes]:             9608 [avg]
     Size_DevicePlan [bytes]:                0 [avg]
 Size_DeviceTransfer [bytes]:             9604 [avg]
     Error_StandardDeviation:      6.52986e-08 [avg]
            Error_Mismatches:                0 [avg]
----------------------------------------------------------------------
Inplace, Real, float, Dim=1, Kind=radix357 (3), Ext=16807
----------------------------------------------------------------------
        Time_Allocation [ms]:        0.0002705 [avg]
       Time_PlanInitFwd [ms]:         0.399741 [avg]
       Time_PlanInitInv [ms]:          0.39923 [avg]
            Time_Upload [ms]:        0.0055915 [avg]
               Time_FFT [ms]:        0.0869782 [avg]
              Time_iFFT [ms]:        0.0916738 [avg]
          Time_Download [ms]:        0.0032502 [avg]
       Time_PlanDestroy [ms]:         0.002001 [avg]
             Time_Total [ms]:         0.989032 [avg]
   Size_DeviceBuffer [bytes]:            67232 [avg]
     Size_DevicePlan [bytes]:                0 [avg]
 Size_DeviceTransfer [bytes]:            67228 [avg]
     Error_StandardDeviation:      6.96328e-08 [avg]
            Error_Mismatches:                0 [avg]
----------------------------------------------------------------------
Inplace, Real, float, Dim=1, Kind=radix357 (3), Ext=117649
----------------------------------------------------------------------
        Time_Allocation [ms]:        0.0002947 [avg]
       Time_PlanInitFwd [ms]:           2.7246 [avg]
       Time_PlanInitInv [ms]:          2.62436 [avg]
            Time_Upload [ms]:        0.0336673 [avg]
               Time_FFT [ms]:         0.852066 [avg]
              Time_iFFT [ms]:           1.0155 [avg]
          Time_Download [ms]:        0.0355536 [avg]
       Time_PlanDestroy [ms]:        0.0026127 [avg]
             Time_Total [ms]:            7.289 [avg]
   Size_DeviceBuffer [bytes]:           470600 [avg]
     Size_DevicePlan [bytes]:                0 [avg]
 Size_DeviceTransfer [bytes]:           470596 [avg]
     Error_StandardDeviation:      8.04187e-08 [avg]
            Error_Mismatches:                0 [avg]
----------------------------------------------------------------------
Inplace, Real, float, Dim=1, Kind=radix357 (3), Ext=823543
----------------------------------------------------------------------
        Time_Allocation [ms]:        0.0004153 [avg]
       Time_PlanInitFwd [ms]:          18.6208 [avg]
       Time_PlanInitInv [ms]:          18.5519 [avg]
            Time_Upload [ms]:         0.242316 [avg]
               Time_FFT [ms]:          7.04468 [avg]
              Time_iFFT [ms]:           7.5515 [avg]
          Time_Download [ms]:          0.24783 [avg]
       Time_PlanDestroy [ms]:        0.0037775 [avg]
             Time_Total [ms]:          52.2637 [avg]
   Size_DeviceBuffer [bytes]:      3.29418e+06 [avg]
     Size_DevicePlan [bytes]:                0 [avg]
 Size_DeviceTransfer [bytes]:      3.29417e+06 [avg]
     Error_StandardDeviation:      8.64594e-08 [avg]
            Error_Mismatches:                0 [avg]
----------------------------------------------------------------------
Inplace, Real, float, Dim=1, Kind=radix357 (3), Ext=5764801
----------------------------------------------------------------------
        Time_Allocation [ms]:        0.0012015 [avg]
       Time_PlanInitFwd [ms]:          181.076 [avg]
       Time_PlanInitInv [ms]:          177.124 [avg]
            Time_Upload [ms]:          2.65406 [avg]
               Time_FFT [ms]:          100.058 [avg]
              Time_iFFT [ms]:          100.174 [avg]
          Time_Download [ms]:          1.72368 [avg]
       Time_PlanDestroy [ms]:          5.16775 [avg]
             Time_Total [ms]:           567.98 [avg]
   Size_DeviceBuffer [bytes]:      2.30592e+07 [avg]
     Size_DevicePlan [bytes]:                0 [avg]
 Size_DeviceTransfer [bytes]:      2.30592e+07 [avg]
     Error_StandardDeviation:      1.07213e-07 [avg]
            Error_Mismatches:                0 [avg]
----------------------------------------------------------------------
Inplace, Real, float, Dim=1, Kind=oddshape (1), Ext=19
----------------------------------------------------------------------
        Time_Allocation [ms]:        0.0002427 [avg]
       Time_PlanInitFwd [ms]:        0.0025574 [avg]
       Time_PlanInitInv [ms]:        0.0014417 [avg]
            Time_Upload [ms]:         4.54e-05 [avg]
               Time_FFT [ms]:        0.0002822 [avg]
              Time_iFFT [ms]:        0.0002657 [avg]
          Time_Download [ms]:         2.31e-05 [avg]
       Time_PlanDestroy [ms]:        0.0010185 [avg]
             Time_Total [ms]:        0.0060708 [avg]
   Size_DeviceBuffer [bytes]:               80 [avg]
     Size_DevicePlan [bytes]:                0 [avg]
 Size_DeviceTransfer [bytes]:               76 [avg]
     Error_StandardDeviation:      2.81198e-08 [avg]
            Error_Mismatches:                0 [avg]
----------------------------------------------------------------------
Inplace, Real, float, Dim=1, Kind=oddshape (1), Ext=361
----------------------------------------------------------------------
        Time_Allocation [ms]:        0.0002535 [avg]
       Time_PlanInitFwd [ms]:         0.010097 [avg]
       Time_PlanInitInv [ms]:        0.0085693 [avg]
            Time_Upload [ms]:        0.0001087 [avg]
               Time_FFT [ms]:        0.0048353 [avg]
              Time_iFFT [ms]:         0.004791 [avg]
          Time_Download [ms]:         4.71e-05 [avg]
       Time_PlanDestroy [ms]:        0.0012611 [avg]
             Time_Total [ms]:        0.0301571 [avg]
   Size_DeviceBuffer [bytes]:             1448 [avg]
     Size_DevicePlan [bytes]:                0 [avg]
 Size_DeviceTransfer [bytes]:             1444 [avg]
     Error_StandardDeviation:      8.09035e-08 [avg]
            Error_Mismatches:                0 [avg]
----------------------------------------------------------------------
Inplace, Real, float, Dim=1, Kind=oddshape (1), Ext=6859
----------------------------------------------------------------------
        Time_Allocation [ms]:        0.0002515 [avg]
       Time_PlanInitFwd [ms]:           0.1604 [avg]
       Time_PlanInitInv [ms]:         0.156993 [avg]
            Time_Upload [ms]:        0.0019708 [avg]
               Time_FFT [ms]:         0.119521 [avg]
              Time_iFFT [ms]:         0.118377 [avg]
          Time_Download [ms]:        0.0011986 [avg]
       Time_PlanDestroy [ms]:        0.0016995 [avg]
             Time_Total [ms]:         0.560636 [avg]
   Size_DeviceBuffer [bytes]:            27440 [avg]
     Size_DevicePlan [bytes]:                0 [avg]
 Size_DeviceTransfer [bytes]:            27436 [avg]
     Error_StandardDeviation:      8.38242e-08 [avg]
            Error_Mismatches:                0 [avg]
----------------------------------------------------------------------
Inplace, Real, float, Dim=1, Kind=oddshape (1), Ext=130321
----------------------------------------------------------------------
        Time_Allocation [ms]:        0.0002698 [avg]
       Time_PlanInitFwd [ms]:          3.04542 [avg]
       Time_PlanInitInv [ms]:          2.95072 [avg]
            Time_Upload [ms]:        0.0375469 [avg]
               Time_FFT [ms]:          3.15466 [avg]
              Time_iFFT [ms]:          2.95367 [avg]
          Time_Download [ms]:        0.0400058 [avg]
       Time_PlanDestroy [ms]:        0.0025995 [avg]
             Time_Total [ms]:          12.1852 [avg]
   Size_DeviceBuffer [bytes]:           521288 [avg]
     Size_DevicePlan [bytes]:                0 [avg]
 Size_DeviceTransfer [bytes]:           521284 [avg]
     Error_StandardDeviation:      8.63394e-08 [avg]
            Error_Mismatches:                0 [avg]
----------------------------------------------------------------------
Inplace, Real, float, Dim=1, Kind=oddshape (1), Ext=2476099
----------------------------------------------------------------------
        Time_Allocation [ms]:        0.0050484 [avg]
       Time_PlanInitFwd [ms]:           78.374 [avg]
       Time_PlanInitInv [ms]:          67.7515 [avg]
            Time_Upload [ms]:          6.91486 [avg]
               Time_FFT [ms]:          81.1597 [avg]
              Time_iFFT [ms]:          74.9413 [avg]
          Time_Download [ms]:         0.788451 [avg]
       Time_PlanDestroy [ms]:          4.65866 [avg]
             Time_Total [ms]:          314.594 [avg]
   Size_DeviceBuffer [bytes]:       9.9044e+06 [avg]
     Size_DevicePlan [bytes]:                0 [avg]
 Size_DeviceTransfer [bytes]:       9.9044e+06 [avg]
     Error_StandardDeviation:      1.29207e-07 [avg]
            Error_Mismatches:                0 [avg]

Results dumped to /global/homes/p/polaya/projects/results/2018_10_27-14:03:15-gnu_wc-1d.csv

real	0m38.718s
user	1m34.100s
sys	0m15.140s
